This is pdfTeX, Version 3.14159265-2.6-1.40.16 (MiKTeX 2.9 64-bit) (preloaded format=pdflatex 2015.11.7)  28 FEB 2017 13:53
entering extended mode
**Protokoll_Umweltradioaktivitaet_Eckhardt_Nies.tex
(Protokoll_Umweltradioaktivitaet_Eckhardt_Nies.tex
LaTeX2e <2015/01/01> patch level 2
Babel <3.9m> and hyphenation patterns for 69 languages loaded.
("C:\Program Files\MiKTeX 2.9\tex\latex\base\article.cls"
Document Class: article 2014/09/29 v1.4h Standard LaTeX document class
("C:\Program Files\MiKTeX 2.9\tex\latex\base\size12.clo"
File: size12.clo 2014/09/29 v1.4h Standard LaTeX file (size option)
)
\c@part=\count79
\c@section=\count80
\c@subsection=\count81
\c@subsubsection=\count82
\c@paragraph=\count83
\c@subparagraph=\count84
\c@figure=\count85
\c@table=\count86
\abovecaptionskip=\skip41
\belowcaptionskip=\skip42
\bibindent=\dimen102
) ("C:\Program Files\MiKTeX 2.9\tex\latex\ntgclass\a4.sty"
Package: a4 2004/04/15 v1.2g A4 based page layout
)
("C:\Program Files\MiKTeX 2.9\tex\generic\babel\babel.sty"
Package: babel 2015/08/03 3.9m The Babel package

*************************************
* Local config file bblopts.cfg used
*
("C:\Program Files\MiKTeX 2.9\tex\latex\00miktex\bblopts.cfg"
File: bblopts.cfg 2006/07/31 v1.0 MiKTeX 'babel' configuration
)
("C:\Program Files\MiKTeX 2.9\tex\latex\babel-german\german.ldf"
Language: german 2014/10/10 v2.7b German support for babel (traditional orthography)

("C:\Program Files\MiKTeX 2.9\tex\latex\babel-german\germanb.ldf"
Language: germanb 2014/10/10 v2.7b German support for babel (traditional orthography)

("C:\Program Files\MiKTeX 2.9\tex\generic\babel\babel.def"
File: babel.def 2015/08/03 3.9m Babel common definitions
\babel@savecnt=\count87
\U@D=\dimen103
)
\l@austrian = a dialect from \language\l@german 
Package babel Info: Making " an active character on input line 110.
)))
("C:\Program Files\MiKTeX 2.9\tex\latex\graphics\graphicx.sty"
Package: graphicx 2014/10/28 v1.0g Enhanced LaTeX Graphics (DPC,SPQR)

("C:\Program Files\MiKTeX 2.9\tex\latex\graphics\keyval.sty"
Package: keyval 2014/10/28 v1.15 key=value parser (DPC)
\KV@toks@=\toks14
)
("C:\Program Files\MiKTeX 2.9\tex\latex\graphics\graphics.sty"
Package: graphics 2014/10/28 v1.0p Standard LaTeX Graphics (DPC,SPQR)
 ("C:\Program Files\MiKTeX 2.9\tex\latex\graphics\trig.sty"
Package: trig 1999/03/16 v1.09 sin cos tan (DPC)
) ("C:\Program Files\MiKTeX 2.9\tex\latex\00miktex\graphics.cfg"
File: graphics.cfg 2007/01/18 v1.5 graphics configuration of teTeX/TeXLive
)
Package graphics Info: Driver file: pdftex.def on input line 94.

("C:\Program Files\MiKTeX 2.9\tex\latex\pdftex-def\pdftex.def"
File: pdftex.def 2011/05/27 v0.06d Graphics/color for pdfTeX

("C:\Program Files\MiKTeX 2.9\tex\generic\oberdiek\infwarerr.sty"
Package: infwarerr 2010/04/08 v1.3 Providing info/warning/error messages (HO)
)
("C:\Program Files\MiKTeX 2.9\tex\generic\oberdiek\ltxcmds.sty"
Package: ltxcmds 2011/11/09 v1.22 LaTeX kernel commands for general use (HO)
)
\Gread@gobject=\count88
))
\Gin@req@height=\dimen104
\Gin@req@width=\dimen105
)
("C:\Program Files\MiKTeX 2.9\tex\latex\subfigure\subfigure.sty"
Package: subfigure 2002/07/30 v2.1.4 subfigure package
\subfigtopskip=\skip43
\subfigcapskip=\skip44
\subfigcaptopadj=\dimen106
\subfigbottomskip=\skip45
\subfigcapmargin=\dimen107
\subfiglabelskip=\skip46
\c@subfigure=\count89
\c@lofdepth=\count90
\c@subtable=\count91
\c@lotdepth=\count92

****************************************
* Local config file subfigure.cfg used *
****************************************
("C:\Program Files\MiKTeX 2.9\tex\latex\subfigure\subfigure.cfg")
\subfig@top=\skip47
\subfig@bottom=\skip48
)
("C:\Program Files\MiKTeX 2.9\tex\latex\listings\listings.sty"
\lst@mode=\count93
\lst@gtempboxa=\box26
\lst@token=\toks15
\lst@length=\count94
\lst@currlwidth=\dimen108
\lst@column=\count95
\lst@pos=\count96
\lst@lostspace=\dimen109
\lst@width=\dimen110
\lst@newlines=\count97
\lst@lineno=\count98
\lst@maxwidth=\dimen111

("C:\Program Files\MiKTeX 2.9\tex\latex\listings\lstmisc.sty"
File: lstmisc.sty 2015/06/04 1.6 (Carsten Heinz)
\c@lstnumber=\count99
\lst@skipnumbers=\count100
\lst@framebox=\box27
)
("C:\Program Files\MiKTeX 2.9\tex\latex\listings\listings.cfg"
File: listings.cfg 2015/06/04 1.6 listings configuration
))
Package: listings 2015/06/04 1.6 (Carsten Heinz)

("C:\Program Files\MiKTeX 2.9\tex\latex\graphics\color.sty"
Package: color 2014/10/28 v1.1a Standard LaTeX Color (DPC)
 ("C:\Program Files\MiKTeX 2.9\tex\latex\00miktex\color.cfg"
File: color.cfg 2007/01/18 v1.5 color configuration of teTeX/TeXLive
)
Package color Info: Driver file: pdftex.def on input line 142.
) ("C:\Program Files\MiKTeX 2.9\tex\latex\pbox\pbox.sty"
Package: pbox 2011/12/07 v1.2 Dynamic parboxes
 ("C:\Program Files\MiKTeX 2.9\tex\latex\tools\calc.sty"
Package: calc 2014/10/28 v4.3 Infix arithmetic (KKT,FJ)
\calc@Acount=\count101
\calc@Bcount=\count102
\calc@Adimen=\dimen112
\calc@Bdimen=\dimen113
\calc@Askip=\skip49
\calc@Bskip=\skip50
LaTeX Info: Redefining \setlength on input line 80.
LaTeX Info: Redefining \addtolength on input line 81.
\calc@Ccount=\count103
\calc@Cskip=\skip51
)
("C:\Program Files\MiKTeX 2.9\tex\latex\base\ifthen.sty"
Package: ifthen 2014/09/29 v1.1c Standard LaTeX ifthen package (DPC)
)
\pb@xlen=\skip52
) ("C:\Program Files\MiKTeX 2.9\tex\latex\wrapfig\wrapfig.sty"
\wrapoverhang=\dimen114
\WF@size=\dimen115
\c@WF@wrappedlines=\count104
\WF@box=\box28
\WF@everypar=\toks16
Package: wrapfig 2003/01/31  v 3.6
) ("C:\Program Files\MiKTeX 2.9\tex\latex\float\float.sty"
Package: float 2001/11/08 v1.3d Float enhancements (AL)
\c@float@type=\count105
\float@exts=\toks17
\float@box=\box29
\@float@everytoks=\toks18
\@floatcapt=\box30
) ("C:\Program Files\MiKTeX 2.9\tex\latex\amsmath\amsmath.sty"
Package: amsmath 2013/01/14 v2.14 AMS math features
\@mathmargin=\skip53

For additional information on amsmath, use the `?' option.
("C:\Program Files\MiKTeX 2.9\tex\latex\amsmath\amstext.sty"
Package: amstext 2000/06/29 v2.01
 ("C:\Program Files\MiKTeX 2.9\tex\latex\amsmath\amsgen.sty"
File: amsgen.sty 1999/11/30 v2.0
\@emptytoks=\toks19
\ex@=\dimen116
)) ("C:\Program Files\MiKTeX 2.9\tex\latex\amsmath\amsbsy.sty"
Package: amsbsy 1999/11/29 v1.2d
\pmbraise@=\dimen117
)
("C:\Program Files\MiKTeX 2.9\tex\latex\amsmath\amsopn.sty"
Package: amsopn 1999/12/14 v2.01 operator names
)
\inf@bad=\count106
LaTeX Info: Redefining \frac on input line 210.
\uproot@=\count107
\leftroot@=\count108
LaTeX Info: Redefining \overline on input line 306.
\classnum@=\count109
\DOTSCASE@=\count110
LaTeX Info: Redefining \ldots on input line 378.
LaTeX Info: Redefining \dots on input line 381.
LaTeX Info: Redefining \cdots on input line 466.
\Mathstrutbox@=\box31
\strutbox@=\box32
\big@size=\dimen118
LaTeX Font Info:    Redeclaring font encoding OML on input line 566.
LaTeX Font Info:    Redeclaring font encoding OMS on input line 567.
\macc@depth=\count111
\c@MaxMatrixCols=\count112
\dotsspace@=\muskip10
\c@parentequation=\count113
\dspbrk@lvl=\count114
\tag@help=\toks20
\row@=\count115
\column@=\count116
\maxfields@=\count117
\andhelp@=\toks21
\eqnshift@=\dimen119
\alignsep@=\dimen120
\tagshift@=\dimen121
\tagwidth@=\dimen122
\totwidth@=\dimen123
\lineht@=\dimen124
\@envbody=\toks22
\multlinegap=\skip54
\multlinetaggap=\skip55
\mathdisplay@stack=\toks23
LaTeX Info: Redefining \[ on input line 2665.
LaTeX Info: Redefining \] on input line 2666.
) ("C:\Program Files\MiKTeX 2.9\tex\latex\siunitx\siunitx.sty" ("C:\Program Files\MiKTeX 2.9\tex\latex\l3kernel\expl3.st
y"
Package: expl3 2016/10/19 v6730 L3 programming layer (loader) 

("C:\Program Files\MiKTeX 2.9\tex\latex\l3kernel\expl3-code.tex"
Package: expl3 2016/10/19 v6730 L3 programming layer (code)
L3 Module: l3bootstrap 2016/06/13 v6596 L3 Bootstrap code
L3 Module: l3names 2016/10/13 v6722 L3 Namespace for primitives
L3 Module: l3basics 2016/09/01 v6696 L3 Basic definitions
L3 Module: l3expan 2016/08/19 v6684 L3 Argument expansion
L3 Module: l3tl 2016/08/19 v6692 L3 Token lists
L3 Module: l3str 2016/08/19 v6692 L3 Strings
L3 Module: l3seq 2016/08/19 v6685 L3 Sequences and stacks
L3 Module: l3int 2016/09/07 v6700 L3 Integers
\c_max_int=\count118
\l_tmpa_int=\count119
\l_tmpb_int=\count120
\g_tmpa_int=\count121
\g_tmpb_int=\count122
L3 Module: l3quark 2016/08/19 v6685 L3 Quarks
L3 Module: l3prg 2016/08/18 v6679 L3 Control structures
\g__prg_map_int=\count123
L3 Module: l3clist 2016/08/19 v6685 L3 Comma separated lists
L3 Module: l3token 2016/09/01 v6695 L3 Experimental token manipulation
L3 Module: l3prop 2016/08/19 v6685 L3 Property lists
L3 Module: l3msg 2016/08/19 v6691 L3 Messages
L3 Module: l3file 2016/08/19 v6685 L3 File and I/O operations
\l_iow_line_count_int=\count124
\l__iow_target_count_int=\count125
\l__iow_current_line_int=\count126
\l__iow_current_word_int=\count127
\l__iow_current_indentation_int=\count128
L3 Module: l3skip 2016/08/19 v6692 L3 Dimensions and skips
\c_zero_dim=\dimen125
\c_max_dim=\dimen126
\l_tmpa_dim=\dimen127
\l_tmpb_dim=\dimen128
\g_tmpa_dim=\dimen129
\g_tmpb_dim=\dimen130
\c_zero_skip=\skip56
\c_max_skip=\skip57
\l_tmpa_skip=\skip58
\l_tmpb_skip=\skip59
\g_tmpa_skip=\skip60
\g_tmpb_skip=\skip61
\c_zero_muskip=\muskip11
\c_max_muskip=\muskip12
\l_tmpa_muskip=\muskip13
\l_tmpb_muskip=\muskip14
\g_tmpa_muskip=\muskip15
\g_tmpb_muskip=\muskip16
L3 Module: l3keys 2016/09/21 v6711 L3 Key-value interfaces
\l_keys_choice_int=\count129
L3 Module: l3fp 2016/08/19 v6685 L3 Floating points
\c__fp_leading_shift_int=\count130
\c__fp_middle_shift_int=\count131
\c__fp_trailing_shift_int=\count132
\c__fp_big_leading_shift_int=\count133
\c__fp_big_middle_shift_int=\count134
\c__fp_big_trailing_shift_int=\count135
\c__fp_Bigg_leading_shift_int=\count136
\c__fp_Bigg_middle_shift_int=\count137
\c__fp_Bigg_trailing_shift_int=\count138
L3 Module: l3box 2016/08/19 v6685 L3 Experimental boxes
\c_empty_box=\box33
\l_tmpa_box=\box34
\l_tmpb_box=\box35
\g_tmpa_box=\box36
\g_tmpb_box=\box37
L3 Module: l3coffins 2016/08/19 v6685 L3 Coffin code layer
\l__coffin_internal_box=\box38
\l__coffin_internal_dim=\dimen131
\l__coffin_offset_x_dim=\dimen132
\l__coffin_offset_y_dim=\dimen133
\l__coffin_x_dim=\dimen134
\l__coffin_y_dim=\dimen135
\l__coffin_x_prime_dim=\dimen136
\l__coffin_y_prime_dim=\dimen137
\c_empty_coffin=\box39
\l__coffin_aligned_coffin=\box40
\l__coffin_aligned_internal_coffin=\box41
\l_tmpa_coffin=\box42
\l_tmpb_coffin=\box43
\l__coffin_display_coffin=\box44
\l__coffin_display_coord_coffin=\box45
\l__coffin_display_pole_coffin=\box46
\l__coffin_display_offset_dim=\dimen138
\l__coffin_display_x_dim=\dimen139
\l__coffin_display_y_dim=\dimen140
L3 Module: l3color 2016/06/13 v6596 L3 Experimental color support
L3 Module: l3sys 2015/09/25 v6087 L3 Experimental system/runtime functions
L3 Module: l3candidates 2016/08/19 v6688 L3 Experimental additions to l3kernel
\l__box_top_dim=\dimen141
\l__box_bottom_dim=\dimen142
\l__box_left_dim=\dimen143
\l__box_right_dim=\dimen144
\l__box_top_new_dim=\dimen145
\l__box_bottom_new_dim=\dimen146
\l__box_left_new_dim=\dimen147
\l__box_right_new_dim=\dimen148
\l__box_internal_box=\box47
\l__coffin_bounding_shift_dim=\dimen149
\l__coffin_left_corner_dim=\dimen150
\l__coffin_right_corner_dim=\dimen151
\l__coffin_bottom_corner_dim=\dimen152
\l__coffin_top_corner_dim=\dimen153
\l__coffin_scaled_total_height_dim=\dimen154
\l__coffin_scaled_width_dim=\dimen155
L3 Module: l3luatex 2016/08/18 v6679 L3 Experimental LuaTeX-specific functions
)
("C:\Program Files\MiKTeX 2.9\tex\latex\l3kernel\l3pdfmode.def"
File: l3pdfmode.def 2016/08/18 v6679 L3 Experimental driver: PDF mode
\l__driver_color_stack_int=\count139
\l__driver_tmp_box=\box48
))
("C:\Program Files\MiKTeX 2.9\tex\latex\l3packages\xparse\xparse.sty"
Package: xparse 2016/10/19 v6730 L3 Experimental document command parser
\l__xparse_current_arg_int=\count140
\l__xparse_m_args_int=\count141
\l__xparse_mandatory_args_int=\count142
\l__xparse_processor_int=\count143
\l__xparse_v_nesting_int=\count144
)
Package: siunitx 2016/09/02 v2.6s A comprehensive (SI) units package

("C:\Program Files\MiKTeX 2.9\tex\latex\tools\array.sty"
Package: array 2014/10/28 v2.4c Tabular extension package (FMi)
\col@sep=\dimen156
\extrarowheight=\dimen157
\NC@list=\toks24
\extratabsurround=\skip62
\backup@length=\skip63
)
("C:\Program Files\MiKTeX 2.9\tex\latex\l3packages\l3keys2e\l3keys2e.sty"
Package: l3keys2e 2016/10/19 v6730 LaTeX2e option processing using LaTeX3 keys
)
\l__siunitx_tmp_box=\box49
\l__siunitx_tmp_dim=\dimen158
\l__siunitx_tmp_int=\count145
\l__siunitx_number_mantissa_length_int=\count146
\l__siunitx_number_uncert_length_int=\count147
\l__siunitx_round_int=\count148
\l__siunitx_process_decimal_int=\count149
\l__siunitx_process_uncertainty_int=\count150
\l__siunitx_process_fixed_int=\count151
\l__siunitx_process_integer_min_int=\count152
\l__siunitx_process_precision_int=\count153
\l__siunitx_group_min_int=\count154
\l__siunitx_angle_marker_box=\box50
\l__siunitx_angle_unit_box=\box51
\l__siunitx_angle_marker_dim=\dimen159
\l__siunitx_angle_unit_dim=\dimen160
\l__siunitx_unit_int=\count155
\l__siunitx_unit_denominator_int=\count156
\l__siunitx_unit_numerator_int=\count157
\l__siunitx_unit_prefix_int=\count158
\l__siunitx_unit_prefix_base_int=\count159
\l__siunitx_unit_prefix_gram_int=\count160
\l__siunitx_number_product_int=\count161
\c__siunitx_one_fill_skip=\skip64
\l__siunitx_table_unit_align_skip=\skip65
\l__siunitx_table_exponent_dim=\dimen161
\l__siunitx_table_integer_dim=\dimen162
\l__siunitx_table_mantissa_dim=\dimen163
\l__siunitx_table_marker_dim=\dimen164
\l__siunitx_table_result_dim=\dimen165
\l__siunitx_table_uncert_dim=\dimen166
\l__siunitx_table_fill_pre_dim=\dimen167
\l__siunitx_table_fill_post_dim=\dimen168
\l__siunitx_table_fill_mid_dim=\dimen169
\l__siunitx_table_pre_box=\box52
\l__siunitx_table_post_box=\box53
\l__siunitx_table_mantissa_box=\box54
\l__siunitx_table_result_box=\box55
\l__siunitx_table_number_align_skip=\skip66
\l__siunitx_table_text_align_skip=\skip67
.................................................
. LaTeX info: "xparse/define-command"
. 
. Defining command \DeclareBinaryPrefix with sig. 'mmm' on line 7237.
.................................................
.................................................
. LaTeX info: "xparse/define-command"
. 
. Defining command \DeclareSIPostPower with sig. 'mm' on line 7240.
.................................................
.................................................
. LaTeX info: "xparse/define-command"
. 
. Defining command \DeclareSIPrefix with sig. 'mmm' on line 7243.
.................................................
.................................................
. LaTeX info: "xparse/define-command"
. 
. Defining command \DeclareSIPrePower with sig. 'mm' on line 7246.
.................................................
.................................................
. LaTeX info: "xparse/define-command"
. 
. Defining command \DeclareSIQualifier with sig. 'mm' on line 7249.
.................................................
.................................................
. LaTeX info: "xparse/define-command"
. 
. Defining command \DeclareSIUnit with sig. 'O{}mm' on line 7252.
.................................................
.................................................
. LaTeX info: "xparse/define-command"
. 
. Defining command \DeclareSIUnitWithOptions with sig. 'mmm' on line 7255.
.................................................
.................................................
. LaTeX info: "xparse/define-command"
. 
. Defining command \ang with sig. 'o>{\SplitArgument {2}{;}}m' on line 7270.
.................................................
.................................................
. LaTeX info: "xparse/define-command"
. 
. Defining command \num with sig. 'om' on line 7279.
.................................................
.................................................
. LaTeX info: "xparse/define-command"
. 
. Defining command \numlist with sig. 'o>{\SplitList {;}}m' on line 7288.
.................................................
.................................................
. LaTeX info: "xparse/define-command"
. 
. Defining command \numrange with sig. 'omm' on line 7297.
.................................................
.................................................
. LaTeX info: "xparse/define-command"
. 
. Defining command \SIlist with sig. 'o>{\SplitList {;}}mm' on line 7309.
.................................................
.................................................
. LaTeX info: "xparse/define-command"
. 
. Defining command \SIrange with sig. 'ommm' on line 7321.
.................................................
.................................................
. LaTeX info: "xparse/define-command"
. 
. Defining command \SI with sig. 'omom' on line 7333.
.................................................
.................................................
. LaTeX info: "xparse/define-command"
. 
. Defining command \sisetup with sig. 'm' on line 7336.
.................................................
.................................................
. LaTeX info: "xparse/define-command"
. 
. Defining command \tablenum with sig. 'om' on line 7351.
.................................................
.................................................
. LaTeX info: "xparse/define-command"
. 
. Defining command \si with sig. 'om' on line 7363.
.................................................
.................................................
. LaTeX info: "xparse/define-command"
. 
. Defining command \__siunitx_bookmark_num:w with sig. 'om' on line 7410.
.................................................
.................................................
. LaTeX info: "xparse/define-command"
. 
. Defining command \__siunitx_bookmark_numrange:w with sig. 'omm' on line
. 7412.
.................................................
.................................................
. LaTeX info: "xparse/define-command"
. 
. Defining command \__siunitx_bookmark_SI:w with sig. 'omom' on line 7414.
.................................................
.................................................
. LaTeX info: "xparse/define-command"
. 
. Defining command \__siunitx_bookmark_SIlist:w with sig. 'omm' on line 7416.
.................................................
.................................................
. LaTeX info: "xparse/define-command"
. 
. Defining command \__siunitx_bookmark_SIrange:w with sig. 'ommm' on line
. 7418.
.................................................
.................................................
. LaTeX info: "xparse/define-command"
. 
. Defining command \__siunitx_bookmark_si:w with sig. 'om' on line 7419.
.................................................
\g__file_internal_ior=\read1

("C:\Program Files\MiKTeX 2.9\tex\latex\beamer\base\translator\translator.sty"
Package: translator 2010/06/12 ver 1.10

("C:\Program Files\MiKTeX 2.9\tex\latex\beamer\base\translator\translator-language-mappings.tex")))
("C:\Program Files\MiKTeX 2.9\tex\latex\appendix\appendix.sty"
Package: appendix 2009/09/02 v1.2b extra appendix facilities
\c@@pps=\count162
\c@@ppsavesec=\count163
\c@@ppsaveapp=\count164
)
("C:\Program Files\MiKTeX 2.9\tex\latex\hyperref\hyperref.sty"
Package: hyperref 2012/11/06 v6.83m Hypertext links for LaTeX

("C:\Program Files\MiKTeX 2.9\tex\generic\oberdiek\hobsub-hyperref.sty"
Package: hobsub-hyperref 2012/04/25 v1.12 Bundle oberdiek, subset hyperref (HO)

("C:\Program Files\MiKTeX 2.9\tex\generic\oberdiek\hobsub-generic.sty"
Package: hobsub-generic 2012/04/25 v1.12 Bundle oberdiek, subset generic (HO)
Package: hobsub 2012/04/25 v1.12 Construct package bundles (HO)
Package hobsub Info: Skipping package `infwarerr' (already loaded).
Package hobsub Info: Skipping package `ltxcmds' (already loaded).
Package: ifluatex 2010/03/01 v1.3 Provides the ifluatex switch (HO)
Package ifluatex Info: LuaTeX not detected.
Package: ifvtex 2010/03/01 v1.5 Detect VTeX and its facilities (HO)
Package ifvtex Info: VTeX not detected.
Package: intcalc 2007/09/27 v1.1 Expandable calculations with integers (HO)
Package: ifpdf 2011/01/30 v2.3 Provides the ifpdf switch (HO)
Package ifpdf Info: pdfTeX in PDF mode is detected.
Package: etexcmds 2011/02/16 v1.5 Avoid name clashes with e-TeX commands (HO)
Package etexcmds Info: Could not find \expanded.
(etexcmds)             That can mean that you are not using pdfTeX 1.50 or
(etexcmds)             that some package has redefined \expanded.
(etexcmds)             In the latter case, load this package earlier.
Package: kvsetkeys 2012/04/25 v1.16 Key value parser (HO)
Package: kvdefinekeys 2011/04/07 v1.3 Define keys (HO)
Package: pdftexcmds 2011/11/29 v0.20 Utility functions of pdfTeX for LuaTeX (HO)
Package pdftexcmds Info: LuaTeX not detected.
Package pdftexcmds Info: \pdf@primitive is available.
Package pdftexcmds Info: \pdf@ifprimitive is available.
Package pdftexcmds Info: \pdfdraftmode found.
Package: pdfescape 2011/11/25 v1.13 Implements pdfTeX's escape features (HO)
Package: bigintcalc 2012/04/08 v1.3 Expandable calculations on big integers (HO)
Package: bitset 2011/01/30 v1.1 Handle bit-vector datatype (HO)
Package: uniquecounter 2011/01/30 v1.2 Provide unlimited unique counter (HO)
)
Package hobsub Info: Skipping package `hobsub' (already loaded).
Package: letltxmacro 2010/09/02 v1.4 Let assignment for LaTeX macros (HO)
Package: hopatch 2011/06/24 v1.1 Wrapper for package hooks (HO)
Package: xcolor-patch 2011/01/30 xcolor patch
Package: atveryend 2011/06/30 v1.8 Hooks at the very end of document (HO)
Package atveryend Info: \enddocument detected (standard20110627).
Package: atbegshi 2011/10/05 v1.16 At begin shipout hook (HO)
Package: refcount 2011/10/16 v3.4 Data extraction from label references (HO)
Package: hycolor 2011/01/30 v1.7 Color options for hyperref/bookmark (HO)
)
("C:\Program Files\MiKTeX 2.9\tex\generic\ifxetex\ifxetex.sty"
Package: ifxetex 2010/09/12 v0.6 Provides ifxetex conditional
)
("C:\Program Files\MiKTeX 2.9\tex\latex\oberdiek\auxhook.sty"
Package: auxhook 2011/03/04 v1.3 Hooks for auxiliary files (HO)
)
("C:\Program Files\MiKTeX 2.9\tex\latex\oberdiek\kvoptions.sty"
Package: kvoptions 2011/06/30 v3.11 Key value format for package options (HO)
)
\@linkdim=\dimen170
\Hy@linkcounter=\count165
\Hy@pagecounter=\count166

("C:\Program Files\MiKTeX 2.9\tex\latex\hyperref\pd1enc.def"
File: pd1enc.def 2012/11/06 v6.83m Hyperref: PDFDocEncoding definition (HO)
)
\Hy@SavedSpaceFactor=\count167

("C:\Program Files\MiKTeX 2.9\tex\latex\00miktex\hyperref.cfg"
File: hyperref.cfg 2002/06/06 v1.2 hyperref configuration of TeXLive
)
Package hyperref Info: Hyper figures OFF on input line 4443.
Package hyperref Info: Link nesting OFF on input line 4448.
Package hyperref Info: Hyper index ON on input line 4451.
Package hyperref Info: Plain pages OFF on input line 4458.
Package hyperref Info: Backreferencing OFF on input line 4463.
Package hyperref Info: Implicit mode ON; LaTeX internals redefined.
Package hyperref Info: Bookmarks ON on input line 4688.
\c@Hy@tempcnt=\count168
 ("C:\Program Files\MiKTeX 2.9\tex\latex\url\url.sty"
\Urlmuskip=\muskip17
Package: url 2013/09/16  ver 3.4  Verb mode for urls, etc.
)
LaTeX Info: Redefining \url on input line 5041.
\XeTeXLinkMargin=\dimen171
\Fld@menulength=\count169
\Field@Width=\dimen172
\Fld@charsize=\dimen173
Package hyperref Info: Hyper figures OFF on input line 6295.
Package hyperref Info: Link nesting OFF on input line 6300.
Package hyperref Info: Hyper index ON on input line 6303.
Package hyperref Info: backreferencing OFF on input line 6310.
Package hyperref Info: Link coloring OFF on input line 6315.
Package hyperref Info: Link coloring with OCG OFF on input line 6320.
Package hyperref Info: PDF/A mode OFF on input line 6325.
LaTeX Info: Redefining \ref on input line 6365.
LaTeX Info: Redefining \pageref on input line 6369.
\Hy@abspage=\count170
\c@Item=\count171
\c@Hfootnote=\count172
)

Package hyperref Message: Driver (autodetected): hpdftex.

("C:\Program Files\MiKTeX 2.9\tex\latex\hyperref\hpdftex.def"
File: hpdftex.def 2012/11/06 v6.83m Hyperref driver for pdfTeX
\Fld@listcount=\count173
\c@bookmark@seq@number=\count174

("C:\Program Files\MiKTeX 2.9\tex\latex\oberdiek\rerunfilecheck.sty"
Package: rerunfilecheck 2011/04/15 v1.7 Rerun checks for auxiliary files (HO)
Package uniquecounter Info: New unique counter `rerunfilecheck' on input line 282.
)
\Hy@SectionHShift=\skip68
)
("C:\Program Files\MiKTeX 2.9\tex\latex\colortbl\colortbl.sty"
Package: colortbl 2012/02/13 v1.0a Color table columns (DPC)
\everycr=\toks25
\minrowclearance=\skip69
)
("C:\Program Files\MiKTeX 2.9\tex\latex\geometry\geometry.sty"
Package: geometry 2010/09/12 v5.6 Page Geometry
\Gm@cnth=\count175
\Gm@cntv=\count176
\c@Gm@tempcnt=\count177
\Gm@bindingoffset=\dimen174
\Gm@wd@mp=\dimen175
\Gm@odd@mp=\dimen176
\Gm@even@mp=\dimen177
\Gm@layoutwidth=\dimen178
\Gm@layoutheight=\dimen179
\Gm@layouthoffset=\dimen180
\Gm@layoutvoffset=\dimen181
\Gm@dimlist=\toks26

("C:\Program Files\MiKTeX 2.9\tex\latex\geometry\geometry.cfg"))
("C:\Program Files\MiKTeX 2.9\tex\latex\listings\lstlang1.sty"
File: lstlang1.sty 2015/06/04 1.6 listings language file
)
("C:\Program Files\MiKTeX 2.9\tex\latex\listings\lstlang1.sty"
File: lstlang1.sty 2015/06/04 1.6 listings language file
)
("C:\Program Files\MiKTeX 2.9\tex\latex\listings\lstmisc.sty"
File: lstmisc.sty 2015/06/04 1.6 (Carsten Heinz)
) (Protokoll_Umweltradioaktivitaet_Eckhardt_Nies.aux)
LaTeX Font Info:    Checking defaults for OML/cmm/m/it on input line 49.
LaTeX Font Info:    ... okay on input line 49.
LaTeX Font Info:    Checking defaults for T1/cmr/m/n on input line 49.
LaTeX Font Info:    ... okay on input line 49.
LaTeX Font Info:    Checking defaults for OT1/cmr/m/n on input line 49.
LaTeX Font Info:    ... okay on input line 49.
LaTeX Font Info:    Checking defaults for OMS/cmsy/m/n on input line 49.
LaTeX Font Info:    ... okay on input line 49.
LaTeX Font Info:    Checking defaults for OMX/cmex/m/n on input line 49.
LaTeX Font Info:    ... okay on input line 49.
LaTeX Font Info:    Checking defaults for U/cmr/m/n on input line 49.
LaTeX Font Info:    ... okay on input line 49.
LaTeX Font Info:    Checking defaults for PD1/pdf/m/n on input line 49.
LaTeX Font Info:    ... okay on input line 49.

("C:\Program Files\MiKTeX 2.9\tex\context\base\supp-pdf.mkii"
[Loading MPS to PDF converter (version 2006.09.02).]
\scratchcounter=\count178
\scratchdimen=\dimen182
\scratchbox=\box56
\nofMPsegments=\count179
\nofMParguments=\count180
\everyMPshowfont=\toks27
\MPscratchCnt=\count181
\MPscratchDim=\dimen183
\MPnumerator=\count182
\makeMPintoPDFobject=\count183
\everyMPtoPDFconversion=\toks28
)
\c@lstlisting=\count184

("C:\Program Files\MiKTeX 2.9\tex\latex\beamer\base\translator\dicts\translator-basic-dictionary\translator-basic-dictio
nary-English.dict"
Dictionary: translator-basic-dictionary, Language: English 
) ("C:\Program Files\MiKTeX 2.9\tex\latex\siunitx\siunitx-abbreviations.cfg"
File: siunitx-abbreviations.cfg 2016/09/02 v2.6s siunitx: Abbreviated units
)
\AtBeginShipoutBox=\box57
Package hyperref Info: Link coloring OFF on input line 49.

("C:\Program Files\MiKTeX 2.9\tex\latex\hyperref\nameref.sty"
Package: nameref 2012/10/27 v2.43 Cross-referencing by name of section

("C:\Program Files\MiKTeX 2.9\tex\generic\oberdiek\gettitlestring.sty"
Package: gettitlestring 2010/12/03 v1.4 Cleanup title references (HO)
)
\c@section@level=\count185
)
LaTeX Info: Redefining \ref on input line 49.
LaTeX Info: Redefining \pageref on input line 49.
LaTeX Info: Redefining \nameref on input line 49.

(Protokoll_Umweltradioaktivitaet_Eckhardt_Nies.out) (Protokoll_Umweltradioaktivitaet_Eckhardt_Nies.out)
\@outlinefile=\write3

*geometry* driver: auto-detecting
*geometry* detected driver: pdftex
*geometry* verbose mode - [ preamble ] result:
* driver: pdftex
* paper: a4paper
* layout: <same size as paper>
* layoutoffset:(h,v)=(0.0pt,0.0pt)
* modes: 
* h-part:(L,W,R)=(85.35826pt, 426.79135pt, 85.35826pt)
* v-part:(T,H,B)=(85.35826pt, 674.33032pt, 85.35826pt)
* \paperwidth=597.50787pt
* \paperheight=845.04684pt
* \textwidth=426.79135pt
* \textheight=674.33032pt
* \oddsidemargin=13.08827pt
* \evensidemargin=13.08827pt
* \topmargin=-23.91173pt
* \headheight=12.0pt
* \headsep=25.0pt
* \topskip=12.0pt
* \footskip=30.0pt
* \marginparwidth=57.81621pt
* \marginparsep=10.0pt
* \columnsep=10.0pt
* \skip\footins=10.8pt plus 4.0pt minus 2.0pt
* \hoffset=0.0pt
* \voffset=0.0pt
* \mag=1000
* \@twocolumnfalse
* \@twosidefalse
* \@mparswitchfalse
* \@reversemarginfalse
* (1in=72.27pt=25.4mm, 1cm=28.453pt)

\c__siunitx_mathsf_int=\count186
\c__siunitx_mathtt_int=\count187
<./logo.jpg, id=99, 734.745pt x 394.47375pt>
File: ./logo.jpg Graphic file (type jpg)
 <use ./logo.jpg>
Package pdftex.def Info: ./logo.jpg used on input line 64.
(pdftex.def)             Requested size: 170.71393pt x 91.65399pt.
Package babel Info: Redefining german shorthand "f
(babel)             in language  on input line 65.
Package babel Info: Redefining german shorthand "|
(babel)             in language  on input line 65.
Package babel Info: Redefining german shorthand "~
(babel)             in language  on input line 65.
Package babel Info: Redefining german shorthand "f
(babel)             in language  on input line 65.
Package babel Info: Redefining german shorthand "|
(babel)             in language  on input line 65.
Package babel Info: Redefining german shorthand "~
(babel)             in language  on input line 65.
 [1


{C:/Users/Janis/AppData/Local/MiKTeX/2.9/pdftex/config/pdftex.map} <./logo.jpg>] (Protokoll_Umweltradioaktivitaet_Eckhar
dt_Nies.toc)
\tf@toc=\write4
Package babel Info: Redefining german shorthand "f
(babel)             in language  on input line 69.
Package babel Info: Redefining german shorthand "|
(babel)             in language  on input line 69.
Package babel Info: Redefining german shorthand "~
(babel)             in language  on input line 69.
Package babel Info: Redefining german shorthand "f
(babel)             in language  on input line 69.
Package babel Info: Redefining german shorthand "|
(babel)             in language  on input line 69.
Package babel Info: Redefining german shorthand "~
(babel)             in language  on input line 69.
 [0]
Package babel Info: Redefining german shorthand "f
(babel)             in language  on input line 71.
Package babel Info: Redefining german shorthand "|
(babel)             in language  on input line 71.
Package babel Info: Redefining german shorthand "~
(babel)             in language  on input line 71.
Package babel Info: Redefining german shorthand "f
(babel)             in language  on input line 75.
Package babel Info: Redefining german shorthand "|
(babel)             in language  on input line 75.
Package babel Info: Redefining german shorthand "~
(babel)             in language  on input line 75.

Overfull \hbox (4.81898pt too wide) in paragraph at lines 76--77
[][][][][][]\OT1/cmr/m/n/12 . Da-bei un-ter-schei-det man zwi-schen ver-schie-
 []

Package babel Info: Redefining german shorthand "f
(babel)             in language  on input line 77.
Package babel Info: Redefining german shorthand "|
(babel)             in language  on input line 77.
Package babel Info: Redefining german shorthand "~
(babel)             in language  on input line 77.

Package hyperref Warning: Token not allowed in a PDF string (PDFDocEncoding):
(hyperref)                removing `math shift' on input line 77.


Package hyperref Warning: Token not allowed in a PDF string (PDFDocEncoding):
(hyperref)                removing `\alpha' on input line 77.


Package hyperref Warning: Token not allowed in a PDF string (PDFDocEncoding):
(hyperref)                removing `math shift' on input line 77.

<./potential.png, id=138, 326.72063pt x 229.60782pt>
File: ./potential.png Graphic file (type png)
 <use ./potential.png>
Package pdftex.def Info: ./potential.png used on input line 80.
(pdftex.def)             Requested size: 170.71393pt x 119.97133pt.

Underfull \hbox (badness 10000) in paragraph at lines 78--83
\OT1/cmr/m/n/12 Teilchen (Helium-Kerne) emit-tiert wer-den, falls es die Ener-gie-bi-lanz
 []

Package babel Info: Redefining german shorthand "f
(babel)             in language  on input line 90.
Package babel Info: Redefining german shorthand "|
(babel)             in language  on input line 90.
Package babel Info: Redefining german shorthand "~
(babel)             in language  on input line 90.
Package babel Info: Redefining german shorthand "f
(babel)             in language  on input line 90.
Package babel Info: Redefining german shorthand "|
(babel)             in language  on input line 90.
Package babel Info: Redefining german shorthand "~
(babel)             in language  on input line 90.
pdfTeX warning (ext4): destination with the same identifier (name{page.1}) has been already used, duplicate ignored
<to be read again> 
                   \relax 
l.90 \subsubsection
                   {Die $\beta$-Strahlung} [1 <./potential.png>]
Package babel Info: Redefining german shorthand "f
(babel)             in language  on input line 90.
Package babel Info: Redefining german shorthand "|
(babel)             in language  on input line 90.
Package babel Info: Redefining german shorthand "~
(babel)             in language  on input line 90.


Package hyperref Warning: Token not allowed in a PDF string (PDFDocEncoding):
(hyperref)                removing `math shift' on input line 90.


Package hyperref Warning: Token not allowed in a PDF string (PDFDocEncoding):
(hyperref)                removing `\beta' on input line 90.


Package hyperref Warning: Token not allowed in a PDF string (PDFDocEncoding):
(hyperref)                removing `math shift' on input line 90.

Package babel Info: Redefining german shorthand "f
(babel)             in language  on input line 99.
Package babel Info: Redefining german shorthand "|
(babel)             in language  on input line 99.
Package babel Info: Redefining german shorthand "~
(babel)             in language  on input line 99.

Package hyperref Warning: Token not allowed in a PDF string (PDFDocEncoding):
(hyperref)                removing `math shift' on input line 99.


Package hyperref Warning: Token not allowed in a PDF string (PDFDocEncoding):
(hyperref)                removing `\gamma' on input line 99.


Package hyperref Warning: Token not allowed in a PDF string (PDFDocEncoding):
(hyperref)                removing `math shift' on input line 99.

Package babel Info: Redefining german shorthand "f
(babel)             in language  on input line 102.
Package babel Info: Redefining german shorthand "|
(babel)             in language  on input line 102.
Package babel Info: Redefining german shorthand "~
(babel)             in language  on input line 102.
Package babel Info: Redefining german shorthand "f
(babel)             in language  on input line 107.
Package babel Info: Redefining german shorthand "|
(babel)             in language  on input line 107.
Package babel Info: Redefining german shorthand "~
(babel)             in language  on input line 107.
Package babel Info: Redefining german shorthand "f
(babel)             in language  on input line 110.
Package babel Info: Redefining german shorthand "|
(babel)             in language  on input line 110.
Package babel Info: Redefining german shorthand "~
(babel)             in language  on input line 110.
Package babel Info: Redefining german shorthand "f
(babel)             in language  on input line 110.
Package babel Info: Redefining german shorthand "|
(babel)             in language  on input line 110.
Package babel Info: Redefining german shorthand "~
(babel)             in language  on input line 110.
[2]
Package babel Info: Redefining german shorthand "f
(babel)             in language  on input line 111.
Package babel Info: Redefining german shorthand "|
(babel)             in language  on input line 111.
Package babel Info: Redefining german shorthand "~
(babel)             in language  on input line 111.

Overfull \hbox (1.42227pt too wide) in paragraph at lines 121--123
\OT1/cmr/m/n/12 Da sich ver-schie-de-ne Strah-lun-gen bei glei-cher Ener-gie-d-e-po-si-ti-on un-ter-schied-lich stark
 []

LaTeX Font Info:    Try loading font information for OMS+cmr on input line 128.
("C:\Program Files\MiKTeX 2.9\tex\latex\base\omscmr.fd"
File: omscmr.fd 2014/09/29 v2.5h Standard LaTeX font definitions
)
LaTeX Font Info:    Font shape `OMS/cmr/m/n' in size <12> not available
(Font)              Font shape `OMS/cmsy/m/n' tried instead on input line 128.
Package babel Info: Redefining german shorthand "f
(babel)             in language  on input line 138.
Package babel Info: Redefining german shorthand "|
(babel)             in language  on input line 138.
Package babel Info: Redefining german shorthand "~
(babel)             in language  on input line 138.
Package babel Info: Redefining german shorthand "f
(babel)             in language  on input line 138.
Package babel Info: Redefining german shorthand "|
(babel)             in language  on input line 138.
Package babel Info: Redefining german shorthand "~
(babel)             in language  on input line 138.
 [3]
Package babel Info: Redefining german shorthand "f
(babel)             in language  on input line 143.
Package babel Info: Redefining german shorthand "|
(babel)             in language  on input line 143.
Package babel Info: Redefining german shorthand "~
(babel)             in language  on input line 143.
Package babel Info: Redefining german shorthand "f
(babel)             in language  on input line 155.
Package babel Info: Redefining german shorthand "|
(babel)             in language  on input line 155.
Package babel Info: Redefining german shorthand "~
(babel)             in language  on input line 155.
Package babel Info: Redefining german shorthand "f
(babel)             in language  on input line 155.
Package babel Info: Redefining german shorthand "|
(babel)             in language  on input line 155.
Package babel Info: Redefining german shorthand "~
(babel)             in language  on input line 155.
 [4]
Package babel Info: Redefining german shorthand "f
(babel)             in language  on input line 157.
Package babel Info: Redefining german shorthand "|
(babel)             in language  on input line 157.
Package babel Info: Redefining german shorthand "~
(babel)             in language  on input line 157.

Overfull \hbox (4.71667pt too wide) in paragraph at lines 159--159
\OT1/cmr/m/n/12 Aufgrund der un-ter-schied-li-chen Ei-gen-schaf-ten der ver-schie-de-nen Strah-len-ar-ten f[]uhren
 []

Package babel Info: Redefining german shorthand "f
(babel)             in language  on input line 173.
Package babel Info: Redefining german shorthand "|
(babel)             in language  on input line 173.
Package babel Info: Redefining german shorthand "~
(babel)             in language  on input line 173.
Package babel Info: Redefining german shorthand "f
(babel)             in language  on input line 176.
Package babel Info: Redefining german shorthand "|
(babel)             in language  on input line 176.
Package babel Info: Redefining german shorthand "~
(babel)             in language  on input line 176.
Package babel Info: Redefining german shorthand "f
(babel)             in language  on input line 176.
Package babel Info: Redefining german shorthand "|
(babel)             in language  on input line 176.
Package babel Info: Redefining german shorthand "~
(babel)             in language  on input line 176.
[5]
Package babel Info: Redefining german shorthand "f
(babel)             in language  on input line 177.
Package babel Info: Redefining german shorthand "|
(babel)             in language  on input line 177.
Package babel Info: Redefining german shorthand "~
(babel)             in language  on input line 177.
 <./PMT.png, id=195, 752.8125pt x 314.17375pt>
File: ./PMT.png Graphic file (type png)
 <use ./PMT.png>
Package pdftex.def Info: ./PMT.png used on input line 185.
(pdftex.def)             Requested size: 320.0935pt x 133.58679pt.
 <./szinti.png, id=198, 231.86626pt x 320.69812pt>
File: ./szinti.png Graphic file (type png)

<use ./szinti.png>
Package pdftex.def Info: ./szinti.png used on input line 193.
(pdftex.def)             Requested size: 170.71393pt x 236.11888pt.

Underfull \hbox (badness 2158) in paragraph at lines 194--194
\OT1/cmr/m/n/12 trum ei-nes Szin-til-la-ti-onsz[]ahlers
 []


Underfull \hbox (badness 1342) in paragraph at lines 194--194
\OT1/cmr/m/n/12 beim Durch-gang mo-noener-ge-ti-
 []

Package babel Info: Redefining german shorthand "f
(babel)             in language  on input line 197.
Package babel Info: Redefining german shorthand "|
(babel)             in language  on input line 197.
Package babel Info: Redefining german shorthand "~
(babel)             in language  on input line 197.
Package babel Info: Redefining german shorthand "f
(babel)             in language  on input line 197.
Package babel Info: Redefining german shorthand "|
(babel)             in language  on input line 197.
Package babel Info: Redefining german shorthand "~
(babel)             in language  on input line 197.
[6 <./PMT.png>]
Package babel Info: Redefining german shorthand "f
(babel)             in language  on input line 200.
Package babel Info: Redefining german shorthand "|
(babel)             in language  on input line 200.
Package babel Info: Redefining german shorthand "~
(babel)             in language  on input line 200.


Package wrapfig Warning: Collision between wrapping environments on input line 204.

<./hl.png, id=208, 338.01282pt x 266.49562pt>
File: ./hl.png Graphic file (type png)
 <use ./hl.png>
Package pdftex.def Info: ./hl.png used on input line 206.
(pdftex.def)             Requested size: 213.39568pt x 168.25096pt.


Package wrapfig Warning: Stationary wrapfigure forced to float on input line 210.

Package babel Info: Redefining german shorthand "f
(babel)             in language  on input line 214.
Package babel Info: Redefining german shorthand "|
(babel)             in language  on input line 214.
Package babel Info: Redefining german shorthand "~
(babel)             in language  on input line 214.
Package babel Info: Redefining german shorthand "f
(babel)             in language  on input line 214.
Package babel Info: Redefining german shorthand "|
(babel)             in language  on input line 214.
Package babel Info: Redefining german shorthand "~
(babel)             in language  on input line 214.
[7 <./szinti.png> <./hl.png>]
Package babel Info: Redefining german shorthand "f
(babel)             in language  on input line 215.
Package babel Info: Redefining german shorthand "|
(babel)             in language  on input line 215.
Package babel Info: Redefining german shorthand "~
(babel)             in language  on input line 215.
 <./blockschaltbild.png, id=221, 1209.01688pt x 204.01219pt>
File: ./blockschaltbild.png Graphic file (type png)
 <use ./blockschaltbild.png>
Package pdftex.def Info: ./blockschaltbild.png used on input line 220.
(pdftex.def)             Requested size: 507.88533pt x 85.70009pt.

Overfull \hbox (0.41534pt too wide) in paragraph at lines 217--223
\OT1/cmr/m/n/12 In die-sem Ver-suchs-teil soll sich mit der Be-nut-zung ei-nes Germanium-Halbleiterdetek-
 []

Package babel Info: Redefining german shorthand "f
(babel)             in language  on input line 225.
Package babel Info: Redefining german shorthand "|
(babel)             in language  on input line 225.
Package babel Info: Redefining german shorthand "~
(babel)             in language  on input line 225.
<./20161216/eichspektrum.png, id=228, 1707.0174pt x 2240.6109pt>
File: ./20161216/eichspektrum.png Graphic file (type png)
 <use ./20161216/eichspektrum.png>
Package pdftex.def Info: ./20161216/eichspektrum.png used on input line 268.
(pdftex.def)             Requested size: 426.79135pt x 560.18555pt.


LaTeX Warning: `!h' float specifier changed to `!ht'.

Package babel Info: Redefining german shorthand "f
(babel)             in language  on input line 281.
Package babel Info: Redefining german shorthand "|
(babel)             in language  on input line 281.
Package babel Info: Redefining german shorthand "~
(babel)             in language  on input line 281.
Package babel Info: Redefining german shorthand "f
(babel)             in language  on input line 281.
Package babel Info: Redefining german shorthand "|
(babel)             in language  on input line 281.
Package babel Info: Redefining german shorthand "~
(babel)             in language  on input line 281.
[8 <./blockschaltbild.png>]
Package babel Info: Redefining german shorthand "f
(babel)             in language  on input line 281.
Package babel Info: Redefining german shorthand "|
(babel)             in language  on input line 281.
Package babel Info: Redefining german shorthand "~
(babel)             in language  on input line 281.
Package babel Info: Redefining german shorthand "f
(babel)             in language  on input line 281.
Package babel Info: Redefining german shorthand "|
(babel)             in language  on input line 281.
Package babel Info: Redefining german shorthand "~
(babel)             in language  on input line 281.
 [9 <./20161216/eichspektrum.png>]
<./20161216/energieeichung2.png, id=248, 1245.6939pt x 575.9919pt>
File: ./20161216/energieeichung2.png Graphic file (type png)
 <use ./20161216/energieeichung2.png>
Package pdftex.def Info: ./20161216/energieeichung2.png used on input line 285.
(pdftex.def)             Requested size: 426.79135pt x 197.33755pt.
Package babel Info: Redefining german shorthand "f
(babel)             in language  on input line 299.
Package babel Info: Redefining german shorthand "|
(babel)             in language  on input line 299.
Package babel Info: Redefining german shorthand "~
(babel)             in language  on input line 299.
Package babel Info: Redefining german shorthand "f
(babel)             in language  on input line 299.
Package babel Info: Redefining german shorthand "|
(babel)             in language  on input line 299.
Package babel Info: Redefining german shorthand "~
(babel)             in language  on input line 299.
 [10 <./20161216/energieeichung2.png>]
Underfull \hbox (badness 5519) in paragraph at lines 364--364
[]\OT1/cmr/m/n/12 Tabelle 3: []\OT1/cmr/m/n/10.95 Die Da-ten f[]ur
 []


Underfull \hbox (badness 10000) in paragraph at lines 364--364
\OT1/cmr/m/n/10.95 die An-re-gungs-ener-gie der
 []


Underfull \hbox (badness 1092) in paragraph at lines 364--364
\OT1/cmr/m/n/10.95 Atomh[]ulle von $[]$Bi wur-den
 []

Package babel Info: Redefining german shorthand "f
(babel)             in language  on input line 369.
Package babel Info: Redefining german shorthand "|
(babel)             in language  on input line 369.
Package babel Info: Redefining german shorthand "~
(babel)             in language  on input line 369.
Package babel Info: Redefining german shorthand "f
(babel)             in language  on input line 369.
Package babel Info: Redefining german shorthand "|
(babel)             in language  on input line 369.
Package babel Info: Redefining german shorthand "~
(babel)             in language  on input line 369.
[11]
Package babel Info: Redefining german shorthand "f
(babel)             in language  on input line 370.
Package babel Info: Redefining german shorthand "|
(babel)             in language  on input line 370.
Package babel Info: Redefining german shorthand "~
(babel)             in language  on input line 370.

Overfull \hbox (1.05151pt too wide) in paragraph at lines 372--403
\OT1/cmr/m/n/12 Das Un-ter-grund-spek-trum des Prak-ti-kums-rau-mes wur-de ins-ge-samt f[]ur t$= [] [] \OMS/cmsy/m/n/12 

 []

<./20161216/untergrund_strumpf.png, id=291, 1263.2796pt x 1539.351pt>
File: ./20161216/untergrund_strumpf.png Graphic file (type png)
 <use ./20161216/untergrund_strumpf.png>
Package pdftex.def Info: ./20161216/untergrund_strumpf.png used on input line 408.
(pdftex.def)             Requested size: 469.47308pt x 572.06424pt.
Package babel Info: Redefining german shorthand "f
(babel)             in language  on input line 412.
Package babel Info: Redefining german shorthand "|
(babel)             in language  on input line 412.
Package babel Info: Redefining german shorthand "~
(babel)             in language  on input line 412.
Package babel Info: Redefining german shorthand "f
(babel)             in language  on input line 412.
Package babel Info: Redefining german shorthand "|
(babel)             in language  on input line 412.
Package babel Info: Redefining german shorthand "~
(babel)             in language  on input line 412.
 [12]
Package babel Info: Redefining german shorthand "f
(babel)             in language  on input line 414.
Package babel Info: Redefining german shorthand "|
(babel)             in language  on input line 414.
Package babel Info: Redefining german shorthand "~
(babel)             in language  on input line 414.

Overfull \hbox (0.28159pt too wide) in paragraph at lines 416--451
\OT1/cmr/m/n/12 Als ra-dio-ak-ti-ver Haus-halts-ge-gen-stand wur-de ein Gl[]uhstrumpf[][][] ver-wen-det. Das Spek-
 []

Package babel Info: Redefining german shorthand "f
(babel)             in language  on input line 451.
Package babel Info: Redefining german shorthand "|
(babel)             in language  on input line 451.
Package babel Info: Redefining german shorthand "~
(babel)             in language  on input line 451.
Package babel Info: Redefining german shorthand "f
(babel)             in language  on input line 451.
Package babel Info: Redefining german shorthand "|
(babel)             in language  on input line 451.
Package babel Info: Redefining german shorthand "~
(babel)             in language  on input line 451.
[13 <./20161216/untergrund_strumpf.png>]
Package babel Info: Redefining german shorthand "f
(babel)             in language  on input line 452.
Package babel Info: Redefining german shorthand "|
(babel)             in language  on input line 452.
Package babel Info: Redefining german shorthand "~
(babel)             in language  on input line 452.
Package babel Info: Redefining german shorthand "f
(babel)             in language  on input line 454.
Package babel Info: Redefining german shorthand "|
(babel)             in language  on input line 454.
Package babel Info: Redefining german shorthand "~
(babel)             in language  on input line 454.
LaTeX Font Info:    Try loading font information for TS1+cmr on input line 455.
 ("C:\Program Files\MiKTeX 2.9\tex\latex\base\ts1cmr.fd"
File: ts1cmr.fd 2014/09/29 v2.5h Standard LaTeX font definitions
)
Package babel Info: Redefining german shorthand "f
(babel)             in language  on input line 456.
Package babel Info: Redefining german shorthand "|
(babel)             in language  on input line 456.
Package babel Info: Redefining german shorthand "~
(babel)             in language  on input line 456.
Package babel Info: Redefining german shorthand "f
(babel)             in language  on input line 456.
Package babel Info: Redefining german shorthand "|
(babel)             in language  on input line 456.
Package babel Info: Redefining german shorthand "~
(babel)             in language  on input line 456.
 [14]
Package babel Info: Redefining german shorthand "f
(babel)             in language  on input line 458.
Package babel Info: Redefining german shorthand "|
(babel)             in language  on input line 458.
Package babel Info: Redefining german shorthand "~
(babel)             in language  on input line 458.


Package hyperref Warning: Token not allowed in a PDF string (PDFDocEncoding):
(hyperref)                removing `math shift' on input line 458.


Package hyperref Warning: Token not allowed in a PDF string (PDFDocEncoding):
(hyperref)                removing `\beta' on input line 458.


Package hyperref Warning: Token not allowed in a PDF string (PDFDocEncoding):
(hyperref)                removing `math shift' on input line 458.


Package hyperref Warning: Token not allowed in a PDF string (PDFDocEncoding):
(hyperref)                removing `math shift' on input line 458.


Package hyperref Warning: Token not allowed in a PDF string (PDFDocEncoding):
(hyperref)                removing `\gamma' on input line 458.


Package hyperref Warning: Token not allowed in a PDF string (PDFDocEncoding):
(hyperref)                removing `math shift' on input line 458.


Overfull \hbox (17.93686pt too wide) in paragraph at lines 462--481
\OT1/cmr/m/n/12 Die Er-geb-nis-se fin-det man in Ta-bel-le []6[]. F[]ur die Be-stim-mung der Achtelwert-Schichtdicke
 []

Missing character: There is no  in font cmr12!
Missing character: There is no  in font cmr12!
Missing character: There is no  in font cmr12!
Missing character: There is no  in font cmr12!
Package babel Info: Redefining german shorthand "f
(babel)             in language  on input line 488.
Package babel Info: Redefining german shorthand "|
(babel)             in language  on input line 488.
Package babel Info: Redefining german shorthand "~
(babel)             in language  on input line 488.
Package babel Info: Redefining german shorthand "f
(babel)             in language  on input line 488.
Package babel Info: Redefining german shorthand "|
(babel)             in language  on input line 488.
Package babel Info: Redefining german shorthand "~
(babel)             in language  on input line 488.
[15]
Package babel Info: Redefining german shorthand "f
(babel)             in language  on input line 509.
Package babel Info: Redefining german shorthand "|
(babel)             in language  on input line 509.
Package babel Info: Redefining german shorthand "~
(babel)             in language  on input line 509.
Package babel Info: Redefining german shorthand "f
(babel)             in language  on input line 517.
Package babel Info: Redefining german shorthand "|
(babel)             in language  on input line 517.
Package babel Info: Redefining german shorthand "~
(babel)             in language  on input line 517.
Package babel Info: Redefining german shorthand "f
(babel)             in language  on input line 519.
Package babel Info: Redefining german shorthand "|
(babel)             in language  on input line 519.
Package babel Info: Redefining german shorthand "~
(babel)             in language  on input line 519.
Package babel Info: Redefining german shorthand "f
(babel)             in language  on input line 519.
Package babel Info: Redefining german shorthand "|
(babel)             in language  on input line 519.
Package babel Info: Redefining german shorthand "~
(babel)             in language  on input line 519.
 [16]
Package babel Info: Redefining german shorthand "f
(babel)             in language  on input line 548.
Package babel Info: Redefining german shorthand "|
(babel)             in language  on input line 548.
Package babel Info: Redefining german shorthand "~
(babel)             in language  on input line 548.
Package babel Info: Redefining german shorthand "f
(babel)             in language  on input line 548.
Package babel Info: Redefining german shorthand "|
(babel)             in language  on input line 548.
Package babel Info: Redefining german shorthand "~
(babel)             in language  on input line 548.
 [17]
Package babel Info: Redefining german shorthand "f
(babel)             in language  on input line 576.
Package babel Info: Redefining german shorthand "|
(babel)             in language  on input line 576.
Package babel Info: Redefining german shorthand "~
(babel)             in language  on input line 576.
Package babel Info: Redefining german shorthand "f
(babel)             in language  on input line 576.
Package babel Info: Redefining german shorthand "|
(babel)             in language  on input line 576.
Package babel Info: Redefining german shorthand "~
(babel)             in language  on input line 576.
 [18]
Package babel Info: Redefining german shorthand "f
(babel)             in language  on input line 594.
Package babel Info: Redefining german shorthand "|
(babel)             in language  on input line 594.
Package babel Info: Redefining german shorthand "~
(babel)             in language  on input line 594.
Package babel Info: Redefining german shorthand "f
(babel)             in language  on input line 594.
Package babel Info: Redefining german shorthand "|
(babel)             in language  on input line 594.
Package babel Info: Redefining german shorthand "~
(babel)             in language  on input line 594.
 [19]
Package babel Info: Redefining german shorthand "f
(babel)             in language  on input line 597.
Package babel Info: Redefining german shorthand "|
(babel)             in language  on input line 597.
Package babel Info: Redefining german shorthand "~
(babel)             in language  on input line 597.
 <./20161216/probanden.png, id=370, 585.1461pt x 946.0143pt>
File: ./20161216/probanden.png Graphic file (type png)
 <use ./20161216/probanden.png>
Package pdftex.def Info: ./20161216/probanden.png used on input line 601.
(pdftex.def)             Requested size: 426.79135pt x 690.02174pt.


LaTeX Warning: Float too large for page by 42.52473pt on input line 604.


LaTeX Warning: `!h' float specifier changed to `!ht'.

Package babel Info: Redefining german shorthand "f
(babel)             in language  on input line 606.
Package babel Info: Redefining german shorthand "|
(babel)             in language  on input line 606.
Package babel Info: Redefining german shorthand "~
(babel)             in language  on input line 606.
(Protokoll_Umweltradioaktivitaet_Eckhardt_Nies.bbl
Underfull \hbox (badness 10000) in paragraph at lines 8--10
[][]$\OT1/cmtt/m/n/12 http : / / www . helmholtz-[]muenchen . de / epcard-[]portal /
 []


Underfull \hbox (badness 2065) in paragraph at lines 8--10
\OT1/cmtt/m/n/12 dosisberechnung-[]auf-[]einer-[]reise / index . html$[]\OT1/cmr/m/n/12 .  [On-li-ne; ac-ces-sed 27-
 []


Underfull \hbox (badness 10000) in paragraph at lines 12--14
[][]$\OT1/cmtt/m/n/12 https : / / www . bfs . de / DE / themen / ion / umwelt / luft-[]boden / flug / flug .
 []


Underfull \hbox (badness 10000) in paragraph at lines 16--18
[][]$\OT1/cmtt/m/n/12 https : / / www . nist . gov / pml / productsservices /
 []

Missing character: There is no  in font cmti12!
Missing character: There is no  in font cmti12!
) (Protokoll_Umweltradioaktivitaet_Eckhardt_Nies.lof
Package babel Info: Redefining german shorthand "f
(babel)             in language  on input line 10.
Package babel Info: Redefining german shorthand "|
(babel)             in language  on input line 10.
Package babel Info: Redefining german shorthand "~
(babel)             in language  on input line 10.
Package babel Info: Redefining german shorthand "f
(babel)             in language  on input line 10.
Package babel Info: Redefining german shorthand "|
(babel)             in language  on input line 10.
Package babel Info: Redefining german shorthand "~
(babel)             in language  on input line 10.
 [20])
\tf@lof=\write5
Package atveryend Info: Empty hook `BeforeClearDocument' on input line 633.
Package babel Info: Redefining german shorthand "f
(babel)             in language  on input line 633.
Package babel Info: Redefining german shorthand "|
(babel)             in language  on input line 633.
Package babel Info: Redefining german shorthand "~
(babel)             in language  on input line 633.
Package babel Info: Redefining german shorthand "f
(babel)             in language  on input line 633.
Package babel Info: Redefining german shorthand "|
(babel)             in language  on input line 633.
Package babel Info: Redefining german shorthand "~
(babel)             in language  on input line 633.
 [21]
Package babel Info: Redefining german shorthand "f
(babel)             in language  on input line 633.
Package babel Info: Redefining german shorthand "|
(babel)             in language  on input line 633.
Package babel Info: Redefining german shorthand "~
(babel)             in language  on input line 633.
Package babel Info: Redefining german shorthand "f
(babel)             in language  on input line 633.
Package babel Info: Redefining german shorthand "|
(babel)             in language  on input line 633.
Package babel Info: Redefining german shorthand "~
(babel)             in language  on input line 633.
 [22 <./20161216/probanden.png>]
Package atveryend Info: Empty hook `AfterLastShipout' on input line 633.

(Protokoll_Umweltradioaktivitaet_Eckhardt_Nies.aux)
Package atveryend Info: Executing hook `AtVeryEndDocument' on input line 633.
Package atveryend Info: Executing hook `AtEndAfterFileList' on input line 633.
Package rerunfilecheck Info: File `Protokoll_Umweltradioaktivitaet_Eckhardt_Nies.out' has not changed.
(rerunfilecheck)             Checksum: C1EF67F91BDE2A3BC251A5B42C291024;1788.
Package atveryend Info: Empty hook `AtVeryVeryEnd' on input line 633.
 ) 
Here is how much of TeX's memory you used:
 18047 strings out of 493673
 340331 string characters out of 3143960
 416456 words of memory out of 3000000
 21104 multiletter control sequences out of 15000+200000
 17736 words of font info for 65 fonts, out of 3000000 for 9000
 1025 hyphenation exceptions out of 8191
 34i,26n,58p,10427b,1079s stack positions out of 5000i,500n,10000p,200000b,50000s
 <C:\Users\Janis\AppData\Local\MiKTeX\2.9\fonts\pk\ljfour\jknappen\ec\dpi600\tcrm1200.pk><C:/Program Files/MiKTeX 2.9/
fonts/type1/public/amsfonts/cm/cmbx12.pfb><C:/Program Files/MiKTeX 2.9/fonts/type1/public/amsfonts/cm/cmex10.pfb><C:/Pro
gram Files/MiKTeX 2.9/fonts/type1/public/amsfonts/cm/cmmi10.pfb><C:/Program Files/MiKTeX 2.9/fonts/type1/public/amsfonts
/cm/cmmi12.pfb><C:/Program Files/MiKTeX 2.9/fonts/type1/public/amsfonts/cm/cmmi6.pfb><C:/Program Files/MiKTeX 2.9/fonts/
type1/public/amsfonts/cm/cmmi8.pfb><C:/Program Files/MiKTeX 2.9/fonts/type1/public/amsfonts/cm/cmr10.pfb><C:/Program Fil
es/MiKTeX 2.9/fonts/type1/public/amsfonts/cm/cmr12.pfb><C:/Program Files/MiKTeX 2.9/fonts/type1/public/amsfonts/cm/cmr6.
pfb><C:/Program Files/MiKTeX 2.9/fonts/type1/public/amsfonts/cm/cmr7.pfb><C:/Program Files/MiKTeX 2.9/fonts/type1/public
/amsfonts/cm/cmr8.pfb><C:/Program Files/MiKTeX 2.9/fonts/type1/public/amsfonts/cm/cmsl12.pfb><C:/Program Files/MiKTeX 2.
9/fonts/type1/public/amsfonts/cm/cmsy10.pfb><C:/Program Files/MiKTeX 2.9/fonts/type1/public/amsfonts/cm/cmsy8.pfb><C:/Pr
ogram Files/MiKTeX 2.9/fonts/type1/public/amsfonts/cm/cmti12.pfb><C:/Program Files/MiKTeX 2.9/fonts/type1/public/amsfont
s/cm/cmtt12.pfb>
Output written on Protokoll_Umweltradioaktivitaet_Eckhardt_Nies.pdf (24 pages, 3266619 bytes).
PDF statistics:
 480 PDF objects out of 1000 (max. 8388607)
 107 named destinations out of 1000 (max. 500000)
 243 words of extra memory for PDF output out of 10000 (max. 10000000)

