This is pdfTeX, Version 3.14159265-2.6-1.40.17 (TeX Live 2016/W32TeX) (preloaded format=pdflatex 2016.9.19)  15 MAR 2017 16:03
entering extended mode
 restricted \write18 enabled.
 %&-line parsing enabled.
**./Protokoll_Umweltradioaktivitaet_Eckhardt_Nies.tex
(./Protokoll_Umweltradioaktivitaet_Eckhardt_Nies.tex
LaTeX2e <2016/03/31> patch level 3
Babel <3.9r> and hyphenation patterns for 83 language(s) loaded.
(d:/Programme/Tex_Live/texmf-dist/tex/latex/base/article.cls
Document Class: article 2014/09/29 v1.4h Standard LaTeX document class
(d:/Programme/Tex_Live/texmf-dist/tex/latex/base/size12.clo
File: size12.clo 2014/09/29 v1.4h Standard LaTeX file (size option)
)
\c@part=\count79
\c@section=\count80
\c@subsection=\count81
\c@subsubsection=\count82
\c@paragraph=\count83
\c@subparagraph=\count84
\c@figure=\count85
\c@table=\count86
\abovecaptionskip=\skip41
\belowcaptionskip=\skip42
\bibindent=\dimen102
)
(d:/Programme/Tex_Live/texmf-dist/tex/latex/ntgclass/a4.sty
Package: a4 2004/04/15 v1.2g A4 based page layout
)
(d:/Programme/Tex_Live/texmf-dist/tex/generic/babel/babel.sty
Package: babel 2016/04/23 3.9r The Babel package

(d:/Programme/Tex_Live/texmf-dist/tex/generic/babel-german/german.ldf
Language: german 2014/10/10 v2.7b German support for babel (traditional orthogr
aphy)

(d:/Programme/Tex_Live/texmf-dist/tex/generic/babel-german/germanb.ldf
Language: germanb 2014/10/10 v2.7b German support for babel (traditional orthog
raphy)

(d:/Programme/Tex_Live/texmf-dist/tex/generic/babel/babel.def
File: babel.def 2016/04/23 3.9r Babel common definitions
\babel@savecnt=\count87
\U@D=\dimen103
)
\l@austrian = a dialect from \language\l@german 
Package babel Info: Making " an active character on input line 110.
)))
(d:/Programme/Tex_Live/texmf-dist/tex/latex/graphics/graphicx.sty
Package: graphicx 2014/10/28 v1.0g Enhanced LaTeX Graphics (DPC,SPQR)

(d:/Programme/Tex_Live/texmf-dist/tex/latex/graphics/keyval.sty
Package: keyval 2014/10/28 v1.15 key=value parser (DPC)
\KV@toks@=\toks14
)
(d:/Programme/Tex_Live/texmf-dist/tex/latex/graphics/graphics.sty
Package: graphics 2016/07/10 v1.0t Standard LaTeX Graphics (DPC,SPQR)

(d:/Programme/Tex_Live/texmf-dist/tex/latex/graphics/trig.sty
Package: trig 2016/01/03 v1.10 sin cos tan (DPC)
)
(d:/Programme/Tex_Live/texmf-dist/tex/latex/graphics-cfg/graphics.cfg
File: graphics.cfg 2016/06/04 v1.11 sample graphics configuration
)
Package graphics Info: Driver file: pdftex.def on input line 99.

(d:/Programme/Tex_Live/texmf-dist/tex/latex/graphics-def/pdftex.def
File: pdftex.def 2016/07/10 v0.06j Graphics/color for pdfTeX

(d:/Programme/Tex_Live/texmf-dist/tex/generic/oberdiek/infwarerr.sty
Package: infwarerr 2016/05/16 v1.4 Providing info/warning/error messages (HO)
)
(d:/Programme/Tex_Live/texmf-dist/tex/generic/oberdiek/ltxcmds.sty
Package: ltxcmds 2016/05/16 v1.23 LaTeX kernel commands for general use (HO)
)
\Gread@gobject=\count88
))
\Gin@req@height=\dimen104
\Gin@req@width=\dimen105
)
(d:/Programme/Tex_Live/texmf-dist/tex/latex/subfigure/subfigure.sty
Package: subfigure 2002/03/15 v2.1.5 subfigure package
\subfigtopskip=\skip43
\subfigcapskip=\skip44
\subfigcaptopadj=\dimen106
\subfigbottomskip=\skip45
\subfigcapmargin=\dimen107
\subfiglabelskip=\skip46
\c@subfigure=\count89
\c@lofdepth=\count90
\c@subtable=\count91
\c@lotdepth=\count92

****************************************
* Local config file subfigure.cfg used *
****************************************
(d:/Programme/Tex_Live/texmf-dist/tex/latex/subfigure/subfigure.cfg)
\subfig@top=\skip47
\subfig@bottom=\skip48
)
(d:/Programme/Tex_Live/texmf-dist/tex/latex/listings/listings.sty
\lst@mode=\count93
\lst@gtempboxa=\box26
\lst@token=\toks15
\lst@length=\count94
\lst@currlwidth=\dimen108
\lst@column=\count95
\lst@pos=\count96
\lst@lostspace=\dimen109
\lst@width=\dimen110
\lst@newlines=\count97
\lst@lineno=\count98
\lst@maxwidth=\dimen111

(d:/Programme/Tex_Live/texmf-dist/tex/latex/listings/lstmisc.sty
File: lstmisc.sty 2015/06/04 1.6 (Carsten Heinz)
\c@lstnumber=\count99
\lst@skipnumbers=\count100
\lst@framebox=\box27
)
(d:/Programme/Tex_Live/texmf-dist/tex/latex/listings/listings.cfg
File: listings.cfg 2015/06/04 1.6 listings configuration
))
Package: listings 2015/06/04 1.6 (Carsten Heinz)

(d:/Programme/Tex_Live/texmf-dist/tex/latex/graphics/color.sty
Package: color 2016/07/10 v1.1e Standard LaTeX Color (DPC)

(d:/Programme/Tex_Live/texmf-dist/tex/latex/graphics-cfg/color.cfg
File: color.cfg 2016/01/02 v1.6 sample color configuration
)
Package color Info: Driver file: pdftex.def on input line 147.
)
(d:/Programme/Tex_Live/texmf-dist/tex/latex/pbox/pbox.sty
Package: pbox 2011/12/07 v1.2 Dynamic parboxes

(d:/Programme/Tex_Live/texmf-dist/tex/latex/tools/calc.sty
Package: calc 2014/10/28 v4.3 Infix arithmetic (KKT,FJ)
\calc@Acount=\count101
\calc@Bcount=\count102
\calc@Adimen=\dimen112
\calc@Bdimen=\dimen113
\calc@Askip=\skip49
\calc@Bskip=\skip50
LaTeX Info: Redefining \setlength on input line 80.
LaTeX Info: Redefining \addtolength on input line 81.
\calc@Ccount=\count103
\calc@Cskip=\skip51
)
(d:/Programme/Tex_Live/texmf-dist/tex/latex/base/ifthen.sty
Package: ifthen 2014/09/29 v1.1c Standard LaTeX ifthen package (DPC)
)
\pb@xlen=\skip52
)
(d:/Programme/Tex_Live/texmf-dist/tex/latex/wrapfig/wrapfig.sty
\wrapoverhang=\dimen114
\WF@size=\dimen115
\c@WF@wrappedlines=\count104
\WF@box=\box28
\WF@everypar=\toks16
Package: wrapfig 2003/01/31  v 3.6
)
(d:/Programme/Tex_Live/texmf-dist/tex/latex/float/float.sty
Package: float 2001/11/08 v1.3d Float enhancements (AL)
\c@float@type=\count105
\float@exts=\toks17
\float@box=\box29
\@float@everytoks=\toks18
\@floatcapt=\box30
)
(d:/Programme/Tex_Live/texmf-dist/tex/latex/amsmath/amsmath.sty
Package: amsmath 2016/06/28 v2.15d AMS math features
\@mathmargin=\skip53

For additional information on amsmath, use the `?' option.
(d:/Programme/Tex_Live/texmf-dist/tex/latex/amsmath/amstext.sty
Package: amstext 2000/06/29 v2.01 AMS text

(d:/Programme/Tex_Live/texmf-dist/tex/latex/amsmath/amsgen.sty
File: amsgen.sty 1999/11/30 v2.0 generic functions
\@emptytoks=\toks19
\ex@=\dimen116
))
(d:/Programme/Tex_Live/texmf-dist/tex/latex/amsmath/amsbsy.sty
Package: amsbsy 1999/11/29 v1.2d Bold Symbols
\pmbraise@=\dimen117
)
(d:/Programme/Tex_Live/texmf-dist/tex/latex/amsmath/amsopn.sty
Package: amsopn 2016/03/08 v2.02 operator names
)
\inf@bad=\count106
LaTeX Info: Redefining \frac on input line 199.
\uproot@=\count107
\leftroot@=\count108
LaTeX Info: Redefining \overline on input line 297.
\classnum@=\count109
\DOTSCASE@=\count110
LaTeX Info: Redefining \ldots on input line 394.
LaTeX Info: Redefining \dots on input line 397.
LaTeX Info: Redefining \cdots on input line 518.
\Mathstrutbox@=\box31
\strutbox@=\box32
\big@size=\dimen118
LaTeX Font Info:    Redeclaring font encoding OML on input line 634.
LaTeX Font Info:    Redeclaring font encoding OMS on input line 635.
\macc@depth=\count111
\c@MaxMatrixCols=\count112
\dotsspace@=\muskip10
\c@parentequation=\count113
\dspbrk@lvl=\count114
\tag@help=\toks20
\row@=\count115
\column@=\count116
\maxfields@=\count117
\andhelp@=\toks21
\eqnshift@=\dimen119
\alignsep@=\dimen120
\tagshift@=\dimen121
\tagwidth@=\dimen122
\totwidth@=\dimen123
\lineht@=\dimen124
\@envbody=\toks22
\multlinegap=\skip54
\multlinetaggap=\skip55
\mathdisplay@stack=\toks23
LaTeX Info: Redefining \[ on input line 2739.
LaTeX Info: Redefining \] on input line 2740.
)
(d:/Programme/Tex_Live/texmf-dist/tex/latex/siunitx/siunitx.sty
(d:/Programme/Tex_Live/texmf-dist/tex/latex/l3kernel/expl3.sty
Package: expl3 2016/05/18 v6512 L3 programming layer (loader) 

(d:/Programme/Tex_Live/texmf-dist/tex/latex/l3kernel/expl3-code.tex
Package: expl3 2016/05/18 v6512 L3 programming layer (code)
L3 Module: l3bootstrap 2016/02/12 v6412 L3 Bootstrap code
L3 Module: l3names 2016/03/11 v6433 L3 Namespace for primitives
L3 Module: l3basics 2015/11/22 v6315 L3 Basic definitions
L3 Module: l3expan 2015/09/10 v5983 L3 Argument expansion
L3 Module: l3tl 2016/03/26 v6465 L3 Token lists
L3 Module: l3str 2016/03/24 v6441 L3 Strings
L3 Module: l3seq 2015/08/05 v5777 L3 Sequences and stacks
L3 Module: l3int 2016/03/24 v6441 L3 Integers
\c_max_int=\count118
\l_tmpa_int=\count119
\l_tmpb_int=\count120
\g_tmpa_int=\count121
\g_tmpb_int=\count122
L3 Module: l3quark 2015/08/17 v5855 L3 Quarks
L3 Module: l3prg 2015/11/01 v6216 L3 Control structures
\g__prg_map_int=\count123
L3 Module: l3clist 2015/09/02 v5901 L3 Comma separated lists
L3 Module: l3token 2016/04/03 v6470 L3 Experimental token manipulation
L3 Module: l3prop 2016/01/05 v6366 L3 Property lists
L3 Module: l3msg 2016/03/26 v6464 L3 Messages
L3 Module: l3file 2016/03/25 v6458 L3 File and I/O operations
\l_iow_line_count_int=\count124
\l__iow_target_count_int=\count125
\l__iow_current_line_int=\count126
\l__iow_current_word_int=\count127
\l__iow_current_indentation_int=\count128
L3 Module: l3skip 2016/01/05 v6366 L3 Dimensions and skips
\c_zero_dim=\dimen125
\c_max_dim=\dimen126
\l_tmpa_dim=\dimen127
\l_tmpb_dim=\dimen128
\g_tmpa_dim=\dimen129
\g_tmpb_dim=\dimen130
\c_zero_skip=\skip56
\c_max_skip=\skip57
\l_tmpa_skip=\skip58
\l_tmpb_skip=\skip59
\g_tmpa_skip=\skip60
\g_tmpb_skip=\skip61
\c_zero_muskip=\muskip11
\c_max_muskip=\muskip12
\l_tmpa_muskip=\muskip13
\l_tmpb_muskip=\muskip14
\g_tmpa_muskip=\muskip15
\g_tmpb_muskip=\muskip16
L3 Module: l3keys 2015/11/17 v6284 L3 Key-value interfaces
\g__keyval_level_int=\count129
\l_keys_choice_int=\count130
L3 Module: l3fp 2016/03/26 v6465 L3 Floating points
\c__fp_leading_shift_int=\count131
\c__fp_middle_shift_int=\count132
\c__fp_trailing_shift_int=\count133
\c__fp_big_leading_shift_int=\count134
\c__fp_big_middle_shift_int=\count135
\c__fp_big_trailing_shift_int=\count136
\c__fp_Bigg_leading_shift_int=\count137
\c__fp_Bigg_middle_shift_int=\count138
\c__fp_Bigg_trailing_shift_int=\count139
L3 Module: l3box 2015/08/09 v5822 L3 Experimental boxes
\c_empty_box=\box33
\l_tmpa_box=\box34
\l_tmpb_box=\box35
\g_tmpa_box=\box36
\g_tmpb_box=\box37
L3 Module: l3coffins 2016/05/17 v6508 L3 Coffin code layer
\l__coffin_internal_box=\box38
\l__coffin_internal_dim=\dimen131
\l__coffin_offset_x_dim=\dimen132
\l__coffin_offset_y_dim=\dimen133
\l__coffin_x_dim=\dimen134
\l__coffin_y_dim=\dimen135
\l__coffin_x_prime_dim=\dimen136
\l__coffin_y_prime_dim=\dimen137
\c_empty_coffin=\box39
\l__coffin_aligned_coffin=\box40
\l__coffin_aligned_internal_coffin=\box41
\l_tmpa_coffin=\box42
\l_tmpb_coffin=\box43
\l__coffin_display_coffin=\box44
\l__coffin_display_coord_coffin=\box45
\l__coffin_display_pole_coffin=\box46
\l__coffin_display_offset_dim=\dimen138
\l__coffin_display_x_dim=\dimen139
\l__coffin_display_y_dim=\dimen140
L3 Module: l3color 2014/08/23 v5354 L3 Experimental color support
L3 Module: l3sys 2015/09/25 v6087 L3 Experimental system/runtime functions
L3 Module: l3candidates 2016/05/13 v6484 L3 Experimental additions to l3kernel
\l__box_top_dim=\dimen141
\l__box_bottom_dim=\dimen142
\l__box_left_dim=\dimen143
\l__box_right_dim=\dimen144
\l__box_top_new_dim=\dimen145
\l__box_bottom_new_dim=\dimen146
\l__box_left_new_dim=\dimen147
\l__box_right_new_dim=\dimen148
\l__box_internal_box=\box47
\l__coffin_bounding_shift_dim=\dimen149
\l__coffin_left_corner_dim=\dimen150
\l__coffin_right_corner_dim=\dimen151
\l__coffin_bottom_corner_dim=\dimen152
\l__coffin_top_corner_dim=\dimen153
\l__coffin_scaled_total_height_dim=\dimen154
\l__coffin_scaled_width_dim=\dimen155
L3 Module: l3luatex 2016/03/26 v6465 L3 Experimental LuaTeX-specific functions
)
(d:/Programme/Tex_Live/texmf-dist/tex/latex/l3kernel/l3pdfmode.def
File: l3pdfmode.def 2016/03/26 v6465 L3 Experimental driver: PDF mode
\l__driver_color_stack_int=\count140
\l__driver_tmp_box=\box48
))
(d:/Programme/Tex_Live/texmf-dist/tex/latex/l3packages/xparse/xparse.sty
Package: xparse 2016/05/18 v6512 L3 Experimental document command parser
\l__xparse_current_arg_int=\count141
\l__xparse_m_args_int=\count142
\l__xparse_mandatory_args_int=\count143
\l__xparse_processor_int=\count144
\l__xparse_v_nesting_int=\count145
)
Package: siunitx 2016/09/02 v2.6s A comprehensive (SI) units package

(d:/Programme/Tex_Live/texmf-dist/tex/latex/tools/array.sty
Package: array 2014/10/28 v2.4c Tabular extension package (FMi)
\col@sep=\dimen156
\extrarowheight=\dimen157
\NC@list=\toks24
\extratabsurround=\skip62
\backup@length=\skip63
)
(d:/Programme/Tex_Live/texmf-dist/tex/latex/l3packages/l3keys2e/l3keys2e.sty
Package: l3keys2e 2016/05/18 v6512 LaTeX2e option processing using LaTeX3 keys
)
\l__siunitx_tmp_box=\box49
\l__siunitx_tmp_dim=\dimen158
\l__siunitx_tmp_int=\count146
\l__siunitx_number_mantissa_length_int=\count147
\l__siunitx_number_uncert_length_int=\count148
\l__siunitx_round_int=\count149
\l__siunitx_process_decimal_int=\count150
\l__siunitx_process_uncertainty_int=\count151
\l__siunitx_process_fixed_int=\count152
\l__siunitx_process_integer_min_int=\count153
\l__siunitx_process_precision_int=\count154
\l__siunitx_group_min_int=\count155
\l__siunitx_angle_marker_box=\box50
\l__siunitx_angle_unit_box=\box51
\l__siunitx_angle_marker_dim=\dimen159
\l__siunitx_angle_unit_dim=\dimen160
\l__siunitx_unit_int=\count156
\l__siunitx_unit_denominator_int=\count157
\l__siunitx_unit_numerator_int=\count158
\l__siunitx_unit_prefix_int=\count159
\l__siunitx_unit_prefix_base_int=\count160
\l__siunitx_unit_prefix_gram_int=\count161
\l__siunitx_number_product_int=\count162
\c__siunitx_one_fill_skip=\skip64
\l__siunitx_table_unit_align_skip=\skip65
\l__siunitx_table_exponent_dim=\dimen161
\l__siunitx_table_integer_dim=\dimen162
\l__siunitx_table_mantissa_dim=\dimen163
\l__siunitx_table_marker_dim=\dimen164
\l__siunitx_table_result_dim=\dimen165
\l__siunitx_table_uncert_dim=\dimen166
\l__siunitx_table_fill_pre_dim=\dimen167
\l__siunitx_table_fill_post_dim=\dimen168
\l__siunitx_table_fill_mid_dim=\dimen169
\l__siunitx_table_pre_box=\box52
\l__siunitx_table_post_box=\box53
\l__siunitx_table_mantissa_box=\box54
\l__siunitx_table_result_box=\box55
\l__siunitx_table_number_align_skip=\skip66
\l__siunitx_table_text_align_skip=\skip67
.................................................
. LaTeX info: "xparse/define-command"
. 
. Defining command \DeclareBinaryPrefix with sig. 'mmm' on line 7237.
.................................................
.................................................
. LaTeX info: "xparse/define-command"
. 
. Defining command \DeclareSIPostPower with sig. 'mm' on line 7240.
.................................................
.................................................
. LaTeX info: "xparse/define-command"
. 
. Defining command \DeclareSIPrefix with sig. 'mmm' on line 7243.
.................................................
.................................................
. LaTeX info: "xparse/define-command"
. 
. Defining command \DeclareSIPrePower with sig. 'mm' on line 7246.
.................................................
.................................................
. LaTeX info: "xparse/define-command"
. 
. Defining command \DeclareSIQualifier with sig. 'mm' on line 7249.
.................................................
.................................................
. LaTeX info: "xparse/define-command"
. 
. Defining command \DeclareSIUnit with sig. 'O{}mm' on line 7252.
.................................................
.................................................
. LaTeX info: "xparse/define-command"
. 
. Defining command \DeclareSIUnitWithOptions with sig. 'mmm' on line 7255.
.................................................
.................................................
. LaTeX info: "xparse/define-command"
. 
. Defining command \ang with sig. 'o>{\SplitArgument {2}{;}}m' on line 7270.
.................................................
.................................................
. LaTeX info: "xparse/define-command"
. 
. Defining command \num with sig. 'om' on line 7279.
.................................................
.................................................
. LaTeX info: "xparse/define-command"
. 
. Defining command \numlist with sig. 'o>{\SplitList {;}}m' on line 7288.
.................................................
.................................................
. LaTeX info: "xparse/define-command"
. 
. Defining command \numrange with sig. 'omm' on line 7297.
.................................................
.................................................
. LaTeX info: "xparse/define-command"
. 
. Defining command \SIlist with sig. 'o>{\SplitList {;}}mm' on line 7309.
.................................................
.................................................
. LaTeX info: "xparse/define-command"
. 
. Defining command \SIrange with sig. 'ommm' on line 7321.
.................................................
.................................................
. LaTeX info: "xparse/define-command"
. 
. Defining command \SI with sig. 'omom' on line 7333.
.................................................
.................................................
. LaTeX info: "xparse/define-command"
. 
. Defining command \sisetup with sig. 'm' on line 7336.
.................................................
.................................................
. LaTeX info: "xparse/define-command"
. 
. Defining command \tablenum with sig. 'om' on line 7351.
.................................................
.................................................
. LaTeX info: "xparse/define-command"
. 
. Defining command \si with sig. 'om' on line 7363.
.................................................
.................................................
. LaTeX info: "xparse/define-command"
. 
. Defining command \__siunitx_bookmark_num:w with sig. 'om' on line 7410.
.................................................
.................................................
. LaTeX info: "xparse/define-command"
. 
. Defining command \__siunitx_bookmark_numrange:w with sig. 'omm' on line
. 7412.
.................................................
.................................................
. LaTeX info: "xparse/define-command"
. 
. Defining command \__siunitx_bookmark_SI:w with sig. 'omom' on line 7414.
.................................................
.................................................
. LaTeX info: "xparse/define-command"
. 
. Defining command \__siunitx_bookmark_SIlist:w with sig. 'omm' on line 7416.
.................................................
.................................................
. LaTeX info: "xparse/define-command"
. 
. Defining command \__siunitx_bookmark_SIrange:w with sig. 'ommm' on line
. 7418.
.................................................
.................................................
. LaTeX info: "xparse/define-command"
. 
. Defining command \__siunitx_bookmark_si:w with sig. 'om' on line 7419.
.................................................
\g__file_internal_ior=\read1

(d:/Programme/Tex_Live/texmf-dist/tex/latex/beamer/translator/translator.sty
Package: translator 2010/06/12 ver 1.10

(d:/Programme/Tex_Live/texmf-dist/tex/latex/beamer/translator/translator-langua
ge-mappings.tex)))
(d:/Programme/Tex_Live/texmf-dist/tex/latex/appendix/appendix.sty
Package: appendix 2009/09/02 v1.2b extra appendix facilities
\c@@pps=\count163
\c@@ppsavesec=\count164
\c@@ppsaveapp=\count165
)
(d:/Programme/Tex_Live/texmf-dist/tex/latex/hyperref/hyperref.sty
Package: hyperref 2016/06/24 v6.83q Hypertext links for LaTeX

(d:/Programme/Tex_Live/texmf-dist/tex/generic/oberdiek/hobsub-hyperref.sty
Package: hobsub-hyperref 2016/05/16 v1.14 Bundle oberdiek, subset hyperref (HO)


(d:/Programme/Tex_Live/texmf-dist/tex/generic/oberdiek/hobsub-generic.sty
Package: hobsub-generic 2016/05/16 v1.14 Bundle oberdiek, subset generic (HO)
Package: hobsub 2016/05/16 v1.14 Construct package bundles (HO)
Package hobsub Info: Skipping package `infwarerr' (already loaded).
Package hobsub Info: Skipping package `ltxcmds' (already loaded).
Package: ifluatex 2016/05/16 v1.4 Provides the ifluatex switch (HO)
Package ifluatex Info: LuaTeX not detected.
Package: ifvtex 2016/05/16 v1.6 Detect VTeX and its facilities (HO)
Package ifvtex Info: VTeX not detected.
Package: intcalc 2016/05/16 v1.2 Expandable calculations with integers (HO)
Package: ifpdf 2016/05/14 v3.1 Provides the ifpdf switch
Package: etexcmds 2016/05/16 v1.6 Avoid name clashes with e-TeX commands (HO)
Package etexcmds Info: Could not find \expanded.
(etexcmds)             That can mean that you are not using pdfTeX 1.50 or
(etexcmds)             that some package has redefined \expanded.
(etexcmds)             In the latter case, load this package earlier.
Package: kvsetkeys 2016/05/16 v1.17 Key value parser (HO)
Package: kvdefinekeys 2016/05/16 v1.4 Define keys (HO)
Package: pdftexcmds 2016/05/21 v0.22 Utility functions of pdfTeX for LuaTeX (HO
)
Package pdftexcmds Info: LuaTeX not detected.
Package pdftexcmds Info: \pdf@primitive is available.
Package pdftexcmds Info: \pdf@ifprimitive is available.
Package pdftexcmds Info: \pdfdraftmode found.
Package: pdfescape 2016/05/16 v1.14 Implements pdfTeX's escape features (HO)
Package: bigintcalc 2016/05/16 v1.4 Expandable calculations on big integers (HO
)
Package: bitset 2016/05/16 v1.2 Handle bit-vector datatype (HO)
Package: uniquecounter 2016/05/16 v1.3 Provide unlimited unique counter (HO)
)
Package hobsub Info: Skipping package `hobsub' (already loaded).
Package: letltxmacro 2016/05/16 v1.5 Let assignment for LaTeX macros (HO)
Package: hopatch 2016/05/16 v1.3 Wrapper for package hooks (HO)
Package: xcolor-patch 2016/05/16 xcolor patch
Package: atveryend 2016/05/16 v1.9 Hooks at the very end of document (HO)
Package atveryend Info: \enddocument detected (standard20110627).
Package: atbegshi 2016/06/09 v1.18 At begin shipout hook (HO)
Package: refcount 2016/05/16 v3.5 Data extraction from label references (HO)
Package: hycolor 2016/05/16 v1.8 Color options for hyperref/bookmark (HO)
)
(d:/Programme/Tex_Live/texmf-dist/tex/generic/ifxetex/ifxetex.sty
Package: ifxetex 2010/09/12 v0.6 Provides ifxetex conditional
)
(d:/Programme/Tex_Live/texmf-dist/tex/latex/oberdiek/auxhook.sty
Package: auxhook 2016/05/16 v1.4 Hooks for auxiliary files (HO)
)
(d:/Programme/Tex_Live/texmf-dist/tex/latex/oberdiek/kvoptions.sty
Package: kvoptions 2016/05/16 v3.12 Key value format for package options (HO)
)
\@linkdim=\dimen170
\Hy@linkcounter=\count166
\Hy@pagecounter=\count167

(d:/Programme/Tex_Live/texmf-dist/tex/latex/hyperref/pd1enc.def
File: pd1enc.def 2016/06/24 v6.83q Hyperref: PDFDocEncoding definition (HO)
)
\Hy@SavedSpaceFactor=\count168

(d:/Programme/Tex_Live/texmf-dist/tex/latex/latexconfig/hyperref.cfg
File: hyperref.cfg 2002/06/06 v1.2 hyperref configuration of TeXLive
)
Package hyperref Info: Hyper figures OFF on input line 4486.
Package hyperref Info: Link nesting OFF on input line 4491.
Package hyperref Info: Hyper index ON on input line 4494.
Package hyperref Info: Plain pages OFF on input line 4501.
Package hyperref Info: Backreferencing OFF on input line 4506.
Package hyperref Info: Implicit mode ON; LaTeX internals redefined.
Package hyperref Info: Bookmarks ON on input line 4735.
\c@Hy@tempcnt=\count169

(d:/Programme/Tex_Live/texmf-dist/tex/latex/url/url.sty
\Urlmuskip=\muskip17
Package: url 2013/09/16  ver 3.4  Verb mode for urls, etc.
)
LaTeX Info: Redefining \url on input line 5088.
\XeTeXLinkMargin=\dimen171
\Fld@menulength=\count170
\Field@Width=\dimen172
\Fld@charsize=\dimen173
Package hyperref Info: Hyper figures OFF on input line 6342.
Package hyperref Info: Link nesting OFF on input line 6347.
Package hyperref Info: Hyper index ON on input line 6350.
Package hyperref Info: backreferencing OFF on input line 6357.
Package hyperref Info: Link coloring OFF on input line 6362.
Package hyperref Info: Link coloring with OCG OFF on input line 6367.
Package hyperref Info: PDF/A mode OFF on input line 6372.
LaTeX Info: Redefining \ref on input line 6412.
LaTeX Info: Redefining \pageref on input line 6416.
\Hy@abspage=\count171
\c@Item=\count172
\c@Hfootnote=\count173
)

Package hyperref Message: Driver (autodetected): hpdftex.

(d:/Programme/Tex_Live/texmf-dist/tex/latex/hyperref/hpdftex.def
File: hpdftex.def 2016/06/24 v6.83q Hyperref driver for pdfTeX
\Fld@listcount=\count174
\c@bookmark@seq@number=\count175

(d:/Programme/Tex_Live/texmf-dist/tex/latex/oberdiek/rerunfilecheck.sty
Package: rerunfilecheck 2016/05/16 v1.8 Rerun checks for auxiliary files (HO)
Package uniquecounter Info: New unique counter `rerunfilecheck' on input line 2
82.
)
\Hy@SectionHShift=\skip68
)
(d:/Programme/Tex_Live/texmf-dist/tex/latex/colortbl/colortbl.sty
Package: colortbl 2012/02/13 v1.0a Color table columns (DPC)
\everycr=\toks25
\minrowclearance=\skip69
)
(d:/Programme/Tex_Live/texmf-dist/tex/latex/geometry/geometry.sty
Package: geometry 2010/09/12 v5.6 Page Geometry
\Gm@cnth=\count176
\Gm@cntv=\count177
\c@Gm@tempcnt=\count178
\Gm@bindingoffset=\dimen174
\Gm@wd@mp=\dimen175
\Gm@odd@mp=\dimen176
\Gm@even@mp=\dimen177
\Gm@layoutwidth=\dimen178
\Gm@layoutheight=\dimen179
\Gm@layouthoffset=\dimen180
\Gm@layoutvoffset=\dimen181
\Gm@dimlist=\toks26
)
(d:/Programme/Tex_Live/texmf-dist/tex/latex/listings/lstlang1.sty
File: lstlang1.sty 2015/06/04 1.6 listings language file
)
(d:/Programme/Tex_Live/texmf-dist/tex/latex/listings/lstlang1.sty
File: lstlang1.sty 2015/06/04 1.6 listings language file
)
(d:/Programme/Tex_Live/texmf-dist/tex/latex/listings/lstmisc.sty
File: lstmisc.sty 2015/06/04 1.6 (Carsten Heinz)
)
(./Protokoll_Umweltradioaktivitaet_Eckhardt_Nies.aux)
\openout1 = `Protokoll_Umweltradioaktivitaet_Eckhardt_Nies.aux'.

LaTeX Font Info:    Checking defaults for OML/cmm/m/it on input line 49.
LaTeX Font Info:    ... okay on input line 49.
LaTeX Font Info:    Checking defaults for T1/cmr/m/n on input line 49.
LaTeX Font Info:    ... okay on input line 49.
LaTeX Font Info:    Checking defaults for OT1/cmr/m/n on input line 49.
LaTeX Font Info:    ... okay on input line 49.
LaTeX Font Info:    Checking defaults for OMS/cmsy/m/n on input line 49.
LaTeX Font Info:    ... okay on input line 49.
LaTeX Font Info:    Checking defaults for OMX/cmex/m/n on input line 49.
LaTeX Font Info:    ... okay on input line 49.
LaTeX Font Info:    Checking defaults for U/cmr/m/n on input line 49.
LaTeX Font Info:    ... okay on input line 49.
LaTeX Font Info:    Checking defaults for PD1/pdf/m/n on input line 49.
LaTeX Font Info:    ... okay on input line 49.

(d:/Programme/Tex_Live/texmf-dist/tex/context/base/mkii/supp-pdf.mkii
[Loading MPS to PDF converter (version 2006.09.02).]
\scratchcounter=\count179
\scratchdimen=\dimen182
\scratchbox=\box56
\nofMPsegments=\count180
\nofMParguments=\count181
\everyMPshowfont=\toks27
\MPscratchCnt=\count182
\MPscratchDim=\dimen183
\MPnumerator=\count183
\makeMPintoPDFobject=\count184
\everyMPtoPDFconversion=\toks28
) (d:/Programme/Tex_Live/texmf-dist/tex/latex/oberdiek/epstopdf-base.sty
Package: epstopdf-base 2016/05/15 v2.6 Base part for package epstopdf

(d:/Programme/Tex_Live/texmf-dist/tex/latex/oberdiek/grfext.sty
Package: grfext 2016/05/16 v1.2 Manage graphics extensions (HO)
)
Package epstopdf-base Info: Redefining graphics rule for `.eps' on input line 4
38.
Package grfext Info: Graphics extension search list:
(grfext)             [.png,.pdf,.jpg,.mps,.jpeg,.jbig2,.jb2,.PNG,.PDF,.JPG,.JPE
G,.JBIG2,.JB2,.eps]
(grfext)             \AppendGraphicsExtensions on input line 456.

(d:/Programme/Tex_Live/texmf-dist/tex/latex/latexconfig/epstopdf-sys.cfg
File: epstopdf-sys.cfg 2010/07/13 v1.3 Configuration of (r)epstopdf for TeX Liv
e
))
\c@lstlisting=\count185

(d:/Programme/Tex_Live/texmf-dist/tex/latex/beamer/translator/dicts/translator-
basic-dictionary/translator-basic-dictionary-English.dict
Dictionary: translator-basic-dictionary, Language: English 
)
(d:/Programme/Tex_Live/texmf-dist/tex/latex/siunitx/siunitx-abbreviations.cfg
File: siunitx-abbreviations.cfg 2016/09/02 v2.6s siunitx: Abbreviated units
)
\AtBeginShipoutBox=\box57
Package hyperref Info: Link coloring OFF on input line 49.

(d:/Programme/Tex_Live/texmf-dist/tex/latex/hyperref/nameref.sty
Package: nameref 2016/05/21 v2.44 Cross-referencing by name of section

(d:/Programme/Tex_Live/texmf-dist/tex/generic/oberdiek/gettitlestring.sty
Package: gettitlestring 2016/05/16 v1.5 Cleanup title references (HO)
)
\c@section@level=\count186
)
LaTeX Info: Redefining \ref on input line 49.
LaTeX Info: Redefining \pageref on input line 49.
LaTeX Info: Redefining \nameref on input line 49.

(./Protokoll_Umweltradioaktivitaet_Eckhardt_Nies.out)
(./Protokoll_Umweltradioaktivitaet_Eckhardt_Nies.out)
\@outlinefile=\write3
\openout3 = `Protokoll_Umweltradioaktivitaet_Eckhardt_Nies.out'.


*geometry* driver: auto-detecting
*geometry* detected driver: pdftex
*geometry* verbose mode - [ preamble ] result:
* driver: pdftex
* paper: a4paper
* layout: <same size as paper>
* layoutoffset:(h,v)=(0.0pt,0.0pt)
* modes: 
* h-part:(L,W,R)=(85.35826pt, 426.79135pt, 85.35826pt)
* v-part:(T,H,B)=(85.35826pt, 674.33032pt, 85.35826pt)
* \paperwidth=597.50787pt
* \paperheight=845.04684pt
* \textwidth=426.79135pt
* \textheight=674.33032pt
* \oddsidemargin=13.08827pt
* \evensidemargin=13.08827pt
* \topmargin=-23.91173pt
* \headheight=12.0pt
* \headsep=25.0pt
* \topskip=12.0pt
* \footskip=30.0pt
* \marginparwidth=57.81621pt
* \marginparsep=10.0pt
* \columnsep=10.0pt
* \skip\footins=10.8pt plus 4.0pt minus 2.0pt
* \hoffset=0.0pt
* \voffset=0.0pt
* \mag=1000
* \@twocolumnfalse
* \@twosidefalse
* \@mparswitchfalse
* \@reversemarginfalse
* (1in=72.27pt=25.4mm, 1cm=28.453pt)

\c__siunitx_mathsf_int=\count187
\c__siunitx_mathtt_int=\count188
<./logo.jpg, id=104, 734.745pt x 394.47375pt>
File: ./logo.jpg Graphic file (type jpg)
 <use ./logo.jpg>
Package pdftex.def Info: ./logo.jpg used on input line 65.
(pdftex.def)             Requested size: 170.71393pt x 91.65399pt.
Package babel Info: Redefining german shorthand "f
(babel)             in language  on input line 66.
Package babel Info: Redefining german shorthand "|
(babel)             in language  on input line 66.
Package babel Info: Redefining german shorthand "~
(babel)             in language  on input line 66.
Package babel Info: Redefining german shorthand "f
(babel)             in language  on input line 66.
Package babel Info: Redefining german shorthand "|
(babel)             in language  on input line 66.
Package babel Info: Redefining german shorthand "~
(babel)             in language  on input line 66.
 [1


{d:/Programme/Tex_Live/texmf-var/fonts/map/pdftex/updmap/pdftex.map} <./logo.jp
g>]
(./Protokoll_Umweltradioaktivitaet_Eckhardt_Nies.toc)
\tf@toc=\write4
\openout4 = `Protokoll_Umweltradioaktivitaet_Eckhardt_Nies.toc'.

Package babel Info: Redefining german shorthand "f
(babel)             in language  on input line 70.
Package babel Info: Redefining german shorthand "|
(babel)             in language  on input line 70.
Package babel Info: Redefining german shorthand "~
(babel)             in language  on input line 70.
Package babel Info: Redefining german shorthand "f
(babel)             in language  on input line 70.
Package babel Info: Redefining german shorthand "|
(babel)             in language  on input line 70.
Package babel Info: Redefining german shorthand "~
(babel)             in language  on input line 70.
 [0]
Package babel Info: Redefining german shorthand "f
(babel)             in language  on input line 72.
Package babel Info: Redefining german shorthand "|
(babel)             in language  on input line 72.
Package babel Info: Redefining german shorthand "~
(babel)             in language  on input line 72.
Package babel Info: Redefining german shorthand "f
(babel)             in language  on input line 76.
Package babel Info: Redefining german shorthand "|
(babel)             in language  on input line 76.
Package babel Info: Redefining german shorthand "~
(babel)             in language  on input line 76.
Package babel Info: Redefining german shorthand "f
(babel)             in language  on input line 78.
Package babel Info: Redefining german shorthand "|
(babel)             in language  on input line 78.
Package babel Info: Redefining german shorthand "~
(babel)             in language  on input line 78.


Package hyperref Warning: Token not allowed in a PDF string (PDFDocEncoding):
(hyperref)                removing `math shift' on input line 78.


Package hyperref Warning: Token not allowed in a PDF string (PDFDocEncoding):
(hyperref)                removing `\alpha' on input line 78.


Package hyperref Warning: Token not allowed in a PDF string (PDFDocEncoding):
(hyperref)                removing `math shift' on input line 78.

<./potential.png, id=144, 326.72063pt x 229.60782pt>
File: ./potential.png Graphic file (type png)
 <use ./potential.png>
Package pdftex.def Info: ./potential.png used on input line 81.
(pdftex.def)             Requested size: 170.71393pt x 119.97133pt.
Package babel Info: Redefining german shorthand "f
(babel)             in language  on input line 92.
Package babel Info: Redefining german shorthand "|
(babel)             in language  on input line 92.
Package babel Info: Redefining german shorthand "~
(babel)             in language  on input line 92.
Package babel Info: Redefining german shorthand "f
(babel)             in language  on input line 92.
Package babel Info: Redefining german shorthand "|
(babel)             in language  on input line 92.
Package babel Info: Redefining german shorthand "~
(babel)             in language  on input line 92.
pdfTeX warning (ext4): destination with the same identifier (name{page.1}) has 
been already used, duplicate ignored
<to be read again> 
                   \relax 
l.92 \subsubsection
                   {Die $\beta$-Strahlung} [1 <./potential.png>]
Package babel Info: Redefining german shorthand "f
(babel)             in language  on input line 92.
Package babel Info: Redefining german shorthand "|
(babel)             in language  on input line 92.
Package babel Info: Redefining german shorthand "~
(babel)             in language  on input line 92.


Package hyperref Warning: Token not allowed in a PDF string (PDFDocEncoding):
(hyperref)                removing `math shift' on input line 92.


Package hyperref Warning: Token not allowed in a PDF string (PDFDocEncoding):
(hyperref)                removing `\beta' on input line 92.


Package hyperref Warning: Token not allowed in a PDF string (PDFDocEncoding):
(hyperref)                removing `math shift' on input line 92.

Package babel Info: Redefining german shorthand "f
(babel)             in language  on input line 102.
Package babel Info: Redefining german shorthand "|
(babel)             in language  on input line 102.
Package babel Info: Redefining german shorthand "~
(babel)             in language  on input line 102.

Package hyperref Warning: Token not allowed in a PDF string (PDFDocEncoding):
(hyperref)                removing `math shift' on input line 102.


Package hyperref Warning: Token not allowed in a PDF string (PDFDocEncoding):
(hyperref)                removing `\gamma' on input line 102.


Package hyperref Warning: Token not allowed in a PDF string (PDFDocEncoding):
(hyperref)                removing `math shift' on input line 102.

Package babel Info: Redefining german shorthand "f
(babel)             in language  on input line 105.
Package babel Info: Redefining german shorthand "|
(babel)             in language  on input line 105.
Package babel Info: Redefining german shorthand "~
(babel)             in language  on input line 105.
Package babel Info: Redefining german shorthand "f
(babel)             in language  on input line 110.
Package babel Info: Redefining german shorthand "|
(babel)             in language  on input line 110.
Package babel Info: Redefining german shorthand "~
(babel)             in language  on input line 110.
Package babel Info: Redefining german shorthand "f
(babel)             in language  on input line 113.
Package babel Info: Redefining german shorthand "|
(babel)             in language  on input line 113.
Package babel Info: Redefining german shorthand "~
(babel)             in language  on input line 113.
Package babel Info: Redefining german shorthand "f
(babel)             in language  on input line 113.
Package babel Info: Redefining german shorthand "|
(babel)             in language  on input line 113.
Package babel Info: Redefining german shorthand "~
(babel)             in language  on input line 113.
[2]
Package babel Info: Redefining german shorthand "f
(babel)             in language  on input line 114.
Package babel Info: Redefining german shorthand "|
(babel)             in language  on input line 114.
Package babel Info: Redefining german shorthand "~
(babel)             in language  on input line 114.

Overfull \hbox (1.42227pt too wide) in paragraph at lines 124--126
\OT1/cmr/m/n/12 Da sich ver-schie-de-ne Strah-lun-gen bei glei-cher Ener-gie-d-
e-po-si-ti-on un-ter-schied-lich stark
 []

LaTeX Font Info:    Try loading font information for OMS+cmr on input line 131.

(d:/Programme/Tex_Live/texmf-dist/tex/latex/base/omscmr.fd
File: omscmr.fd 2014/09/29 v2.5h Standard LaTeX font definitions
)
LaTeX Font Info:    Font shape `OMS/cmr/m/n' in size <12> not available
(Font)              Font shape `OMS/cmsy/m/n' tried instead on input line 131.
Package babel Info: Redefining german shorthand "f
(babel)             in language  on input line 141.
Package babel Info: Redefining german shorthand "|
(babel)             in language  on input line 141.
Package babel Info: Redefining german shorthand "~
(babel)             in language  on input line 141.
Package babel Info: Redefining german shorthand "f
(babel)             in language  on input line 141.
Package babel Info: Redefining german shorthand "|
(babel)             in language  on input line 141.
Package babel Info: Redefining german shorthand "~
(babel)             in language  on input line 141.
 [3]
Package babel Info: Redefining german shorthand "f
(babel)             in language  on input line 146.
Package babel Info: Redefining german shorthand "|
(babel)             in language  on input line 146.
Package babel Info: Redefining german shorthand "~
(babel)             in language  on input line 146.
Package babel Info: Redefining german shorthand "f
(babel)             in language  on input line 157.
Package babel Info: Redefining german shorthand "|
(babel)             in language  on input line 157.
Package babel Info: Redefining german shorthand "~
(babel)             in language  on input line 157.
Package babel Info: Redefining german shorthand "f
(babel)             in language  on input line 157.
Package babel Info: Redefining german shorthand "|
(babel)             in language  on input line 157.
Package babel Info: Redefining german shorthand "~
(babel)             in language  on input line 157.
 [4]
Package babel Info: Redefining german shorthand "f
(babel)             in language  on input line 161.
Package babel Info: Redefining german shorthand "|
(babel)             in language  on input line 161.
Package babel Info: Redefining german shorthand "~
(babel)             in language  on input line 161.

Overfull \hbox (4.71667pt too wide) in paragraph at lines 163--163
\OT1/cmr/m/n/12 Aufgrund der un-ter-schied-li-chen Ei-gen-schaf-ten der ver-sch
ie-de-nen Strah-len-ar-ten f[]uhren
 []

Package babel Info: Redefining german shorthand "f
(babel)             in language  on input line 177.
Package babel Info: Redefining german shorthand "|
(babel)             in language  on input line 177.
Package babel Info: Redefining german shorthand "~
(babel)             in language  on input line 177.
Package babel Info: Redefining german shorthand "f
(babel)             in language  on input line 180.
Package babel Info: Redefining german shorthand "|
(babel)             in language  on input line 180.
Package babel Info: Redefining german shorthand "~
(babel)             in language  on input line 180.
Package babel Info: Redefining german shorthand "f
(babel)             in language  on input line 180.
Package babel Info: Redefining german shorthand "|
(babel)             in language  on input line 180.
Package babel Info: Redefining german shorthand "~
(babel)             in language  on input line 180.
[5]
Package babel Info: Redefining german shorthand "f
(babel)             in language  on input line 181.
Package babel Info: Redefining german shorthand "|
(babel)             in language  on input line 181.
Package babel Info: Redefining german shorthand "~
(babel)             in language  on input line 181.
 <./szinti.png, id=202, 231.86626pt x 320.69812pt>
File: ./szinti.png Graphic file (type png)
 <use ./szinti.png>
Package pdftex.def Info: ./szinti.png used on input line 184.
(pdftex.def)             Requested size: 170.71393pt x 236.11888pt.

Underfull \hbox (badness 2158) in paragraph at lines 185--185
\OT1/cmr/m/n/12 trum ei-nes Szin-til-la-ti-onsz[]ahlers
 []


Underfull \hbox (badness 1342) in paragraph at lines 185--185
\OT1/cmr/m/n/12 beim Durch-gang mo-noener-ge-ti-
 []

Package babel Info: Redefining german shorthand "f
(babel)             in language  on input line 192.
Package babel Info: Redefining german shorthand "|
(babel)             in language  on input line 192.
Package babel Info: Redefining german shorthand "~
(babel)             in language  on input line 192.
Package babel Info: Redefining german shorthand "f
(babel)             in language  on input line 192.
Package babel Info: Redefining german shorthand "|
(babel)             in language  on input line 192.
Package babel Info: Redefining german shorthand "~
(babel)             in language  on input line 192.
[6 <./szinti.png>] <./PMT.png, id=212, 752.8125pt x 314.17375pt>
File: ./PMT.png Graphic file (type png)

<use ./PMT.png>
Package pdftex.def Info: ./PMT.png used on input line 196.
(pdftex.def)             Requested size: 320.0935pt x 133.58679pt.
Package babel Info: Redefining german shorthand "f
(babel)             in language  on input line 202.
Package babel Info: Redefining german shorthand "|
(babel)             in language  on input line 202.
Package babel Info: Redefining german shorthand "~
(babel)             in language  on input line 202.
 <./hl.png, id=215, 338.01282pt x 266.49562pt>
File: ./hl.png Graphic file (type png)
 <use ./hl.png>
Package pdftex.def Info: ./hl.png used on input line 211.
(pdftex.def)             Requested size: 256.07741pt x 201.90034pt.
Package babel Info: Redefining german shorthand "f
(babel)             in language  on input line 216.
Package babel Info: Redefining german shorthand "|
(babel)             in language  on input line 216.
Package babel Info: Redefining german shorthand "~
(babel)             in language  on input line 216.
Package babel Info: Redefining german shorthand "f
(babel)             in language  on input line 216.
Package babel Info: Redefining german shorthand "|
(babel)             in language  on input line 216.
Package babel Info: Redefining german shorthand "~
(babel)             in language  on input line 216.

[7 <./PMT.png>]
Package babel Info: Redefining german shorthand "f
(babel)             in language  on input line 217.
Package babel Info: Redefining german shorthand "|
(babel)             in language  on input line 217.
Package babel Info: Redefining german shorthand "~
(babel)             in language  on input line 217.
Package babel Info: Redefining german shorthand "f
(babel)             in language  on input line 217.
Package babel Info: Redefining german shorthand "|
(babel)             in language  on input line 217.
Package babel Info: Redefining german shorthand "~
(babel)             in language  on input line 217.
 [8 <./hl.png>]
Package babel Info: Redefining german shorthand "f
(babel)             in language  on input line 220.
Package babel Info: Redefining german shorthand "|
(babel)             in language  on input line 220.
Package babel Info: Redefining german shorthand "~
(babel)             in language  on input line 220.

<./blockschaltbild.png, id=232, 1209.01688pt x 204.01219pt>
File: ./blockschaltbild.png Graphic file (type png)

<use ./blockschaltbild.png>
Package pdftex.def Info: ./blockschaltbild.png used on input line 225.
(pdftex.def)             Requested size: 507.88533pt x 85.70009pt.

Overfull \hbox (0.41534pt too wide) in paragraph at lines 222--228
\OT1/cmr/m/n/12 In die-sem Ver-suchs-teil soll sich mit der Be-nut-zung ei-nes 
Germanium-Halbleiterdetek-
 []

Package babel Info: Redefining german shorthand "f
(babel)             in language  on input line 230.
Package babel Info: Redefining german shorthand "|
(babel)             in language  on input line 230.
Package babel Info: Redefining german shorthand "~
(babel)             in language  on input line 230.
<./20161216/eichspektrum.png, id=239, 1707.0174pt x 2240.6109pt>
File: ./20161216/eichspektrum.png Graphic file (type png)

<use ./20161216/eichspektrum.png>
Package pdftex.def Info: ./20161216/eichspektrum.png used on input line 273.
(pdftex.def)             Requested size: 426.79135pt x 560.18555pt.


LaTeX Warning: `!h' float specifier changed to `!ht'.

Package babel Info: Redefining german shorthand "f
(babel)             in language  on input line 286.
Package babel Info: Redefining german shorthand "|
(babel)             in language  on input line 286.
Package babel Info: Redefining german shorthand "~
(babel)             in language  on input line 286.
Package babel Info: Redefining german shorthand "f
(babel)             in language  on input line 286.
Package babel Info: Redefining german shorthand "|
(babel)             in language  on input line 286.
Package babel Info: Redefining german shorthand "~
(babel)             in language  on input line 286.
[9

 <./blockschaltbild.png>]
Package babel Info: Redefining german shorthand "f
(babel)             in language  on input line 286.
Package babel Info: Redefining german shorthand "|
(babel)             in language  on input line 286.
Package babel Info: Redefining german shorthand "~
(babel)             in language  on input line 286.
Package babel Info: Redefining german shorthand "f
(babel)             in language  on input line 286.
Package babel Info: Redefining german shorthand "|
(babel)             in language  on input line 286.
Package babel Info: Redefining german shorthand "~
(babel)             in language  on input line 286.
 [10 <./20161216/eichspektrum.png>]
<./20161216/energieeichung2.png, id=259, 1245.6939pt x 575.9919pt>
File: ./20161216/energieeichung2.png Graphic file (type png)

<use ./20161216/energieeichung2.png>
Package pdftex.def Info: ./20161216/energieeichung2.png used on input line 290.

(pdftex.def)             Requested size: 426.79135pt x 197.33755pt.
Package babel Info: Redefining german shorthand "f
(babel)             in language  on input line 304.
Package babel Info: Redefining german shorthand "|
(babel)             in language  on input line 304.
Package babel Info: Redefining german shorthand "~
(babel)             in language  on input line 304.
Package babel Info: Redefining german shorthand "f
(babel)             in language  on input line 304.
Package babel Info: Redefining german shorthand "|
(babel)             in language  on input line 304.
Package babel Info: Redefining german shorthand "~
(babel)             in language  on input line 304.
 [11 <./20161216/energieeichung2.png>]
Underfull \hbox (badness 5519) in paragraph at lines 369--369
[]\OT1/cmr/m/n/12 Tabelle 3: []\OT1/cmr/m/n/10.95 Die Da-ten f[]ur
 []


Underfull \hbox (badness 10000) in paragraph at lines 369--369
\OT1/cmr/m/n/10.95 die An-re-gungs-ener-gie der
 []


Underfull \hbox (badness 1092) in paragraph at lines 369--369
\OT1/cmr/m/n/10.95 Atomh[]ulle von $[]$Bi wur-den
 []

Package babel Info: Redefining german shorthand "f
(babel)             in language  on input line 374.
Package babel Info: Redefining german shorthand "|
(babel)             in language  on input line 374.
Package babel Info: Redefining german shorthand "~
(babel)             in language  on input line 374.
Package babel Info: Redefining german shorthand "f
(babel)             in language  on input line 374.
Package babel Info: Redefining german shorthand "|
(babel)             in language  on input line 374.
Package babel Info: Redefining german shorthand "~
(babel)             in language  on input line 374.
[12]
Package babel Info: Redefining german shorthand "f
(babel)             in language  on input line 375.
Package babel Info: Redefining german shorthand "|
(babel)             in language  on input line 375.
Package babel Info: Redefining german shorthand "~
(babel)             in language  on input line 375.

Overfull \hbox (1.05151pt too wide) in paragraph at lines 377--408
\OT1/cmr/m/n/12 Das Un-ter-grund-spek-trum des Prak-ti-kums-rau-mes wur-de ins-
ge-samt f[]ur t$= [] [] \OMS/cmsy/m/n/12 ^^Y
 []

<./20161216/untergrund_strumpf.png, id=301, 1263.2796pt x 1539.351pt>
File: ./20161216/untergrund_strumpf.png Graphic file (type png)

<use ./20161216/untergrund_strumpf.png>
Package pdftex.def Info: ./20161216/untergrund_strumpf.png used on input line 4
13.
(pdftex.def)             Requested size: 469.47308pt x 572.06424pt.


LaTeX Warning: `!h' float specifier changed to `!ht'.

Package babel Info: Redefining german shorthand "f
(babel)             in language  on input line 417.
Package babel Info: Redefining german shorthand "|
(babel)             in language  on input line 417.
Package babel Info: Redefining german shorthand "~
(babel)             in language  on input line 417.
Package babel Info: Redefining german shorthand "f
(babel)             in language  on input line 417.
Package babel Info: Redefining german shorthand "|
(babel)             in language  on input line 417.
Package babel Info: Redefining german shorthand "~
(babel)             in language  on input line 417.
[13]
Package babel Info: Redefining german shorthand "f
(babel)             in language  on input line 417.
Package babel Info: Redefining german shorthand "|
(babel)             in language  on input line 417.
Package babel Info: Redefining german shorthand "~
(babel)             in language  on input line 417.
Package babel Info: Redefining german shorthand "f
(babel)             in language  on input line 417.
Package babel Info: Redefining german shorthand "|
(babel)             in language  on input line 417.
Package babel Info: Redefining german shorthand "~
(babel)             in language  on input line 417.
 [14 <./20161216/untergrund_strumpf.png>]
Package babel Info: Redefining german shorthand "f
(babel)             in language  on input line 419.
Package babel Info: Redefining german shorthand "|
(babel)             in language  on input line 419.
Package babel Info: Redefining german shorthand "~
(babel)             in language  on input line 419.

Overfull \hbox (0.28159pt too wide) in paragraph at lines 421--456
\OT1/cmr/m/n/12 Als ra-dio-ak-ti-ver Haus-halts-ge-gen-stand wur-de ein Gl[]uhs
trumpf[][][] ver-wen-det. Das Spek-
 []

Package babel Info: Redefining german shorthand "f
(babel)             in language  on input line 457.
Package babel Info: Redefining german shorthand "|
(babel)             in language  on input line 457.
Package babel Info: Redefining german shorthand "~
(babel)             in language  on input line 457.
Package babel Info: Redefining german shorthand "f
(babel)             in language  on input line 459.
Package babel Info: Redefining german shorthand "|
(babel)             in language  on input line 459.
Package babel Info: Redefining german shorthand "~
(babel)             in language  on input line 459.
LaTeX Font Info:    Try loading font information for TS1+cmr on input line 460.

(d:/Programme/Tex_Live/texmf-dist/tex/latex/base/ts1cmr.fd
File: ts1cmr.fd 2014/09/29 v2.5h Standard LaTeX font definitions
)
Package babel Info: Redefining german shorthand "f
(babel)             in language  on input line 461.
Package babel Info: Redefining german shorthand "|
(babel)             in language  on input line 461.
Package babel Info: Redefining german shorthand "~
(babel)             in language  on input line 461.
Package babel Info: Redefining german shorthand "f
(babel)             in language  on input line 461.
Package babel Info: Redefining german shorthand "|
(babel)             in language  on input line 461.
Package babel Info: Redefining german shorthand "~
(babel)             in language  on input line 461.
 [15

]
Package babel Info: Redefining german shorthand "f
(babel)             in language  on input line 464.
Package babel Info: Redefining german shorthand "|
(babel)             in language  on input line 464.
Package babel Info: Redefining german shorthand "~
(babel)             in language  on input line 464.


Package hyperref Warning: Token not allowed in a PDF string (PDFDocEncoding):
(hyperref)                removing `math shift' on input line 464.


Package hyperref Warning: Token not allowed in a PDF string (PDFDocEncoding):
(hyperref)                removing `\beta' on input line 464.


Package hyperref Warning: Token not allowed in a PDF string (PDFDocEncoding):
(hyperref)                removing `math shift' on input line 464.


Package hyperref Warning: Token not allowed in a PDF string (PDFDocEncoding):
(hyperref)                removing `math shift' on input line 464.


Package hyperref Warning: Token not allowed in a PDF string (PDFDocEncoding):
(hyperref)                removing `\gamma' on input line 464.


Package hyperref Warning: Token not allowed in a PDF string (PDFDocEncoding):
(hyperref)                removing `math shift' on input line 464.

Package babel Info: Redefining german shorthand "f
(babel)             in language  on input line 494.
Package babel Info: Redefining german shorthand "|
(babel)             in language  on input line 494.
Package babel Info: Redefining german shorthand "~
(babel)             in language  on input line 494.
Package babel Info: Redefining german shorthand "f
(babel)             in language  on input line 494.
Package babel Info: Redefining german shorthand "|
(babel)             in language  on input line 494.
Package babel Info: Redefining german shorthand "~
(babel)             in language  on input line 494.
[16]
Package babel Info: Redefining german shorthand "f
(babel)             in language  on input line 515.
Package babel Info: Redefining german shorthand "|
(babel)             in language  on input line 515.
Package babel Info: Redefining german shorthand "~
(babel)             in language  on input line 515.
Package babel Info: Redefining german shorthand "f
(babel)             in language  on input line 523.
Package babel Info: Redefining german shorthand "|
(babel)             in language  on input line 523.
Package babel Info: Redefining german shorthand "~
(babel)             in language  on input line 523.
Package babel Info: Redefining german shorthand "f
(babel)             in language  on input line 525.
Package babel Info: Redefining german shorthand "|
(babel)             in language  on input line 525.
Package babel Info: Redefining german shorthand "~
(babel)             in language  on input line 525.
Package babel Info: Redefining german shorthand "f
(babel)             in language  on input line 525.
Package babel Info: Redefining german shorthand "|
(babel)             in language  on input line 525.
Package babel Info: Redefining german shorthand "~
(babel)             in language  on input line 525.
 [17]
Package babel Info: Redefining german shorthand "f
(babel)             in language  on input line 554.
Package babel Info: Redefining german shorthand "|
(babel)             in language  on input line 554.
Package babel Info: Redefining german shorthand "~
(babel)             in language  on input line 554.
Package babel Info: Redefining german shorthand "f
(babel)             in language  on input line 554.
Package babel Info: Redefining german shorthand "|
(babel)             in language  on input line 554.
Package babel Info: Redefining german shorthand "~
(babel)             in language  on input line 554.
 [18]
Package babel Info: Redefining german shorthand "f
(babel)             in language  on input line 581.
Package babel Info: Redefining german shorthand "|
(babel)             in language  on input line 581.
Package babel Info: Redefining german shorthand "~
(babel)             in language  on input line 581.
Package babel Info: Redefining german shorthand "f
(babel)             in language  on input line 581.
Package babel Info: Redefining german shorthand "|
(babel)             in language  on input line 581.
Package babel Info: Redefining german shorthand "~
(babel)             in language  on input line 581.
 [19]
Package babel Info: Redefining german shorthand "f
(babel)             in language  on input line 600.
Package babel Info: Redefining german shorthand "|
(babel)             in language  on input line 600.
Package babel Info: Redefining german shorthand "~
(babel)             in language  on input line 600.
Package babel Info: Redefining german shorthand "f
(babel)             in language  on input line 604.
Package babel Info: Redefining german shorthand "|
(babel)             in language  on input line 604.
Package babel Info: Redefining german shorthand "~
(babel)             in language  on input line 604.
Package babel Info: Redefining german shorthand "f
(babel)             in language  on input line 604.
Package babel Info: Redefining german shorthand "|
(babel)             in language  on input line 604.
Package babel Info: Redefining german shorthand "~
(babel)             in language  on input line 604.
 [20]
Package babel Info: Redefining german shorthand "f
(babel)             in language  on input line 607.
Package babel Info: Redefining german shorthand "|
(babel)             in language  on input line 607.
Package babel Info: Redefining german shorthand "~
(babel)             in language  on input line 607.

<./20161216/probanden.png, id=383, 585.1461pt x 946.0143pt>
File: ./20161216/probanden.png Graphic file (type png)

<use ./20161216/probanden.png>
Package pdftex.def Info: ./20161216/probanden.png used on input line 611.
(pdftex.def)             Requested size: 362.77525pt x 586.52281pt.
Package babel Info: Redefining german shorthand "f
(babel)             in language  on input line 616.
Package babel Info: Redefining german shorthand "|
(babel)             in language  on input line 616.
Package babel Info: Redefining german shorthand "~
(babel)             in language  on input line 616.
Package babel Info: Redefining german shorthand "f
(babel)             in language  on input line 616.
Package babel Info: Redefining german shorthand "|
(babel)             in language  on input line 616.
Package babel Info: Redefining german shorthand "~
(babel)             in language  on input line 616.
 [21 <./20161216/probanden.png>]
Package babel Info: Redefining german shorthand "f
(babel)             in language  on input line 618.
Package babel Info: Redefining german shorthand "|
(babel)             in language  on input line 618.
Package babel Info: Redefining german shorthand "~
(babel)             in language  on input line 618.

(./Protokoll_Umweltradioaktivitaet_Eckhardt_Nies.bbl
Underfull \hbox (badness 10000) in paragraph at lines 8--10
[][]$\OT1/cmtt/m/n/12 http : / / www . helmholtz-[]muenchen . de / epcard-[]por
tal /
 []


Underfull \hbox (badness 2065) in paragraph at lines 8--10
\OT1/cmtt/m/n/12 dosisberechnung-[]auf-[]einer-[]reise / index . html$[]\OT1/cm
r/m/n/12 .  [On-li-ne; ac-ces-sed 27-
 []


Underfull \hbox (badness 10000) in paragraph at lines 12--14
[][]$\OT1/cmtt/m/n/12 https : / / www . bfs . de / DE / themen / ion / umwelt /
 luft-[]boden / flug / flug .
 []


Underfull \hbox (badness 10000) in paragraph at lines 16--18
[][]$\OT1/cmtt/m/n/12 https : / / www . nist . gov / pml / productsservices /
 []

Missing character: There is no  in font cmti12!
Missing character: There is no  in font cmti12!
) (./Protokoll_Umweltradioaktivitaet_Eckhardt_Nies.lof)
\tf@lof=\write5
\openout5 = `Protokoll_Umweltradioaktivitaet_Eckhardt_Nies.lof'.

Package atveryend Info: Empty hook `BeforeClearDocument' on input line 645.
Package babel Info: Redefining german shorthand "f
(babel)             in language  on input line 645.
Package babel Info: Redefining german shorthand "|
(babel)             in language  on input line 645.
Package babel Info: Redefining german shorthand "~
(babel)             in language  on input line 645.
Package babel Info: Redefining german shorthand "f
(babel)             in language  on input line 645.
Package babel Info: Redefining german shorthand "|
(babel)             in language  on input line 645.
Package babel Info: Redefining german shorthand "~
(babel)             in language  on input line 645.
 [22

]
Package atveryend Info: Empty hook `AfterLastShipout' on input line 645.

(./Protokoll_Umweltradioaktivitaet_Eckhardt_Nies.aux)
Package atveryend Info: Executing hook `AtVeryEndDocument' on input line 645.
Package atveryend Info: Executing hook `AtEndAfterFileList' on input line 645.
Package rerunfilecheck Info: File `Protokoll_Umweltradioaktivitaet_Eckhardt_Nie
s.out' has not changed.
(rerunfilecheck)             Checksum: 94AB53B2B6D99C80EAB444D569D1BBF9;1805.
Package atveryend Info: Empty hook `AtVeryVeryEnd' on input line 645.
 ) 
Here is how much of TeX's memory you used:
 18077 strings out of 493013
 340070 string characters out of 6134239
 418802 words of memory out of 5000000
 21322 multiletter control sequences out of 15000+600000
 17736 words of font info for 65 fonts, out of 8000000 for 9000
 1141 hyphenation exceptions out of 8191
 34i,26n,58p,10429b,1075s stack positions out of 5000i,500n,10000p,200000b,80000s
{d:/Programme/Tex_Live/texmf-dist/fonts/enc/dvips/cm-super/cm-super-ts1.enc}<
d:/Programme/Tex_Live/texmf-dist/fonts/type1/public/amsfonts/cm/cmbx12.pfb><d:/
Programme/Tex_Live/texmf-dist/fonts/type1/public/amsfonts/cm/cmex10.pfb><d:/Pro
gramme/Tex_Live/texmf-dist/fonts/type1/public/amsfonts/cm/cmmi10.pfb><d:/Progra
mme/Tex_Live/texmf-dist/fonts/type1/public/amsfonts/cm/cmmi12.pfb><d:/Programme
/Tex_Live/texmf-dist/fonts/type1/public/amsfonts/cm/cmmi6.pfb><d:/Programme/Tex
_Live/texmf-dist/fonts/type1/public/amsfonts/cm/cmmi8.pfb><d:/Programme/Tex_Liv
e/texmf-dist/fonts/type1/public/amsfonts/cm/cmr10.pfb><d:/Programme/Tex_Live/te
xmf-dist/fonts/type1/public/amsfonts/cm/cmr12.pfb><d:/Programme/Tex_Live/texmf-
dist/fonts/type1/public/amsfonts/cm/cmr6.pfb><d:/Programme/Tex_Live/texmf-dist/
fonts/type1/public/amsfonts/cm/cmr7.pfb><d:/Programme/Tex_Live/texmf-dist/fonts
/type1/public/amsfonts/cm/cmr8.pfb><d:/Programme/Tex_Live/texmf-dist/fonts/type
1/public/amsfonts/cm/cmsl12.pfb><d:/Programme/Tex_Live/texmf-dist/fonts/type1/p
ublic/amsfonts/cm/cmsy10.pfb><d:/Programme/Tex_Live/texmf-dist/fonts/type1/publ
ic/amsfonts/cm/cmsy8.pfb><d:/Programme/Tex_Live/texmf-dist/fonts/type1/public/a
msfonts/cm/cmti12.pfb><d:/Programme/Tex_Live/texmf-dist/fonts/type1/public/amsf
onts/cm/cmtt12.pfb><d:/Programme/Tex_Live/texmf-dist/fonts/type1/public/cm-supe
r/sfrm1200.pfb>
Output written on Protokoll_Umweltradioaktivitaet_Eckhardt_Nies.pdf (24 pages, 
3216086 bytes).
PDF statistics:
 492 PDF objects out of 1000 (max. 8388607)
 416 compressed objects within 5 object streams
 108 named destinations out of 1000 (max. 500000)
 251 words of extra memory for PDF output out of 10000 (max. 10000000)

