\BOOKMARK [1][-]{section.1}{Theoretische Grundlagen}{}% 1
\BOOKMARK [2][-]{subsection.1.1}{Kernprozesse}{section.1}% 2
\BOOKMARK [3][-]{subsubsection.1.1.1}{Die -Strahlung}{subsection.1.1}% 3
\BOOKMARK [3][-]{subsubsection.1.1.2}{Die -Strahlung}{subsection.1.1}% 4
\BOOKMARK [3][-]{subsubsection.1.1.3}{Die -Strahlung}{subsection.1.1}% 5
\BOOKMARK [3][-]{subsubsection.1.1.4}{Weitere Strahlungsarten}{subsection.1.1}% 6
\BOOKMARK [2][-]{subsection.1.2}{Strahlenschutz}{section.1}% 7
\BOOKMARK [3][-]{subsubsection.1.2.1}{Einheiten im Strahlenmesswesen}{subsection.1.2}% 8
\BOOKMARK [3][-]{subsubsection.1.2.2}{Umweltradioaktivit\344t}{subsection.1.2}% 9
\BOOKMARK [3][-]{subsubsection.1.2.3}{Abschirmung von Strahlung}{subsection.1.2}% 10
\BOOKMARK [2][-]{subsection.1.3}{Detektoren}{section.1}% 11
\BOOKMARK [3][-]{subsubsection.1.3.1}{Szintillationsz\344hler}{subsection.1.3}% 12
\BOOKMARK [3][-]{subsubsection.1.3.2}{Halbleiterdetektoren}{subsection.1.3}% 13
\BOOKMARK [1][-]{section.2}{Versuchsteil 1: Gammaspektroskopie}{}% 14
\BOOKMARK [2][-]{subsection.2.1}{Energieeichung}{section.2}% 15
\BOOKMARK [2][-]{subsection.2.2}{Untergrundspektrum}{section.2}% 16
\BOOKMARK [2][-]{subsection.2.3}{Haushaltsgegenstand}{section.2}% 17
\BOOKMARK [2][-]{subsection.2.4}{Fragestellungen}{section.2}% 18
\BOOKMARK [3][-]{subsubsection.2.4.1}{Strahlenbelastung eines Menschen}{subsection.2.4}% 19
\BOOKMARK [3][-]{subsubsection.2.4.2}{Reichweite von - und -Strahlung in Materie}{subsection.2.4}% 20
\BOOKMARK [3][-]{subsubsection.2.4.3}{Die \215Milch-Wette\215}{subsection.2.4}% 21
\BOOKMARK [1][-]{section.3}{Versuchsteil 2: Ganzk\366rperz\344hler}{}% 22
\BOOKMARK [1][-]{section.4}{Fazit}{}% 23
\BOOKMARK [1][-]{Anhang.a.A}{Abbildungen}{}% 24
\BOOKMARK [1][-]{Anhang.a.B}{Literatur- und Bildverzeichnis}{}% 25
