

*******************************************************************************
Thu Jun  1 12:54:49 2017


FIT:    data read from "iu_curve_1x1n3_20gC_n100samples_der.txt" using 1:4
        format = x:z
        x range restricted to [55.0000 : 68.0000]
BREAK:          No data to fit 



*******************************************************************************
Thu Jun  1 12:55:42 2017


FIT:    data read from "iu_curve_1x1n3_20gC_n100samples_der.txt" using 1:4
        format = x:z
        x range restricted to [27.0000 : 31.7000]
        #datapoints = 233
        residuals are weighted equally (unit weight)

function used for fitting: pol(x)
fitted parameters initialized with current variable values



 Iteration 0
 WSSR        : 2.02025e+08       delta(WSSR)/WSSR   : 0
 delta(WSSR) : 0                 limit for stopping : 1e-05
 lambda	  : 520.404

initial set of free parameter values

a               = 1
b               = 1
c               = 1

After 8 iterations the fit converged.
final sum of squares of residuals : 0.0114685
rel. change during last iteration : -3.98511e-09

degrees of freedom    (FIT_NDF)                        : 230
rms of residuals      (FIT_STDFIT) = sqrt(WSSR/ndf)    : 0.00706136
variance of residuals (reduced chisquare) = WSSR/ndf   : 4.98628e-05

Final set of parameters            Asymptotic Standard Error
=======================            ==========================

a               = 0.0325821        +/- 0.0002825    (0.8672%)
b               = -1.9522          +/- 0.01671      (0.8561%)
c               = 29.8177          +/- 0.2467       (0.8274%)


correlation matrix of the fit parameters:

               a      b      c      
a               1.000 
b              -1.000  1.000 
c               0.999 -1.000  1.000 


*******************************************************************************
Thu Jun  1 12:56:17 2017


FIT:    data read from "iu_curve_1x1n3_20gC_n100samples_der.txt" using 1:4
        format = x:z
        x range restricted to [27.0000 : 31.7000]
        #datapoints = 233
        residuals are weighted equally (unit weight)

function used for fitting: pol(x)
fitted parameters initialized with current variable values



 Iteration 0
 WSSR        : 2.02025e+08       delta(WSSR)/WSSR   : 0
 delta(WSSR) : 0                 limit for stopping : 1e-05
 lambda	  : 520.404

initial set of free parameter values

a               = 1
b               = 1
c               = 1

After 8 iterations the fit converged.
final sum of squares of residuals : 0.0114685
rel. change during last iteration : -3.98511e-09

degrees of freedom    (FIT_NDF)                        : 230
rms of residuals      (FIT_STDFIT) = sqrt(WSSR/ndf)    : 0.00706136
variance of residuals (reduced chisquare) = WSSR/ndf   : 4.98628e-05

Final set of parameters            Asymptotic Standard Error
=======================            ==========================

a               = 0.0325821        +/- 0.0002825    (0.8672%)
b               = -1.9522          +/- 0.01671      (0.8561%)
c               = 29.8177          +/- 0.2467       (0.8274%)


correlation matrix of the fit parameters:

               a      b      c      
a               1.000 
b              -1.000  1.000 
c               0.999 -1.000  1.000 


*******************************************************************************
Thu Jun  1 12:56:29 2017


FIT:    data read from "iu_curve_1x1n3_20gC_n100samples_der.txt" using 1:4
        format = x:z
        x range restricted to [27.0000 : 31.7000]
        #datapoints = 233
        residuals are weighted equally (unit weight)

function used for fitting: pol(x)
fitted parameters initialized with current variable values



 Iteration 0
 WSSR        : 2.02025e+08       delta(WSSR)/WSSR   : 0
 delta(WSSR) : 0                 limit for stopping : 1e-05
 lambda	  : 520.404

initial set of free parameter values

a               = 1
b               = 1
c               = 1

After 8 iterations the fit converged.
final sum of squares of residuals : 0.0114685
rel. change during last iteration : -3.98511e-09

degrees of freedom    (FIT_NDF)                        : 230
rms of residuals      (FIT_STDFIT) = sqrt(WSSR/ndf)    : 0.00706136
variance of residuals (reduced chisquare) = WSSR/ndf   : 4.98628e-05

Final set of parameters            Asymptotic Standard Error
=======================            ==========================

a               = 0.0325821        +/- 0.0002825    (0.8672%)
b               = -1.9522          +/- 0.01671      (0.8561%)
c               = 29.8177          +/- 0.2467       (0.8274%)


correlation matrix of the fit parameters:

               a      b      c      
a               1.000 
b              -1.000  1.000 
c               0.999 -1.000  1.000 


*******************************************************************************
Thu Jun  1 14:44:29 2017


FIT:    data read from "iu_curve_1x1n3_20gC_n100samples_der.txt" using 1:4
        format = x:z
        x range restricted to [27.0000 : 31.7000]
        #datapoints = 233
        residuals are weighted equally (unit weight)

function used for fitting: pol(x)
fitted parameters initialized with current variable values



 Iteration 0
 WSSR        : 2.02025e+08       delta(WSSR)/WSSR   : 0
 delta(WSSR) : 0                 limit for stopping : 1e-05
 lambda	  : 520.404

initial set of free parameter values

a               = 1
b               = 1
c               = 1

After 8 iterations the fit converged.
final sum of squares of residuals : 0.0114685
rel. change during last iteration : -3.98511e-09

degrees of freedom    (FIT_NDF)                        : 230
rms of residuals      (FIT_STDFIT) = sqrt(WSSR/ndf)    : 0.00706136
variance of residuals (reduced chisquare) = WSSR/ndf   : 4.98628e-05

Final set of parameters            Asymptotic Standard Error
=======================            ==========================

a               = 0.0325821        +/- 0.0002825    (0.8672%)
b               = -1.9522          +/- 0.01671      (0.8561%)
c               = 29.8177          +/- 0.2467       (0.8274%)


correlation matrix of the fit parameters:

               a      b      c      
a               1.000 
b              -1.000  1.000 
c               0.999 -1.000  1.000 


*******************************************************************************
Thu Jun 01 20:14:15 2017


FIT:    data read from "iu_curve_1x1n3_20gC_n100samples_der.txt" using 1:4
        format = x:z
        x range restricted to [27.0000 : 31.7000]
        #datapoints = 233
        residuals are weighted equally (unit weight)

function used for fitting: pol(x)
	pol(x) = ( x > 27 && x < 31.7 ) ? a * x**2 + b * x + c : 1/0
fitted parameters initialized with current variable values

iter      chisq       delta/lim  lambda   a             b             c            
   0 2.0202544956e+08  0.00e+00 5.20e+02  1.000000e+00  1.000000e+00  1.000000e+00
   8 1.1468452117e-02 -3.99e-04 5.20e-06  3.258211e-02 -1.952197e+00  2.981768e+01

After 8 iterations the fit converged.
final sum of squares of residuals : 0.0114685
rel. change during last iteration : -3.98512e-009

degrees of freedom    (FIT_NDF)                        : 230
rms of residuals      (FIT_STDFIT) = sqrt(WSSR/ndf)    : 0.00706136
variance of residuals (reduced chisquare) = WSSR/ndf   : 4.98628e-005

Final set of parameters            Asymptotic Standard Error
=======================            ==========================
a               = 0.0325821        +/- 0.0002825    (0.8672%)
b               = -1.9522          +/- 0.01671      (0.8561%)
c               = 29.8177          +/- 0.2467       (0.8274%)

correlation matrix of the fit parameters:
                a      b      c      
a               1.000 
b              -1.000  1.000 
c               0.999 -1.000  1.000 


*******************************************************************************
Thu Jun 01 20:14:34 2017


FIT:    data read from "iu_curve_1x1n3_20gC_n100samples_der.txt" using 1:4
        format = x:z
        x range restricted to [27.0000 : 31.7000]
        #datapoints = 233
        residuals are weighted equally (unit weight)

function used for fitting: pol(x)
	pol(x) = ( x > 27 && x < 31.7 ) ? a * x**2 + b * x + c : 1/0
fitted parameters initialized with current variable values

iter      chisq       delta/lim  lambda   a             b             c            
   0 2.0202544956e+08  0.00e+00 5.20e+02  1.000000e+00  1.000000e+00  1.000000e+00
   8 1.1468452117e-02 -3.99e-04 5.20e-06  3.258211e-02 -1.952197e+00  2.981768e+01

After 8 iterations the fit converged.
final sum of squares of residuals : 0.0114685
rel. change during last iteration : -3.98512e-009

degrees of freedom    (FIT_NDF)                        : 230
rms of residuals      (FIT_STDFIT) = sqrt(WSSR/ndf)    : 0.00706136
variance of residuals (reduced chisquare) = WSSR/ndf   : 4.98628e-005

Final set of parameters            Asymptotic Standard Error
=======================            ==========================
a               = 0.0325821        +/- 0.0002825    (0.8672%)
b               = -1.9522          +/- 0.01671      (0.8561%)
c               = 29.8177          +/- 0.2467       (0.8274%)

correlation matrix of the fit parameters:
                a      b      c      
a               1.000 
b              -1.000  1.000 
c               0.999 -1.000  1.000 


*******************************************************************************
Thu Jun 01 20:15:10 2017


FIT:    data read from "iu_curve_1x1n3_20gC_n100samples_der.txt" using 1:4
        format = x:z
        x range restricted to [27.0000 : 31.7000]
        #datapoints = 233
        residuals are weighted equally (unit weight)

function used for fitting: pol(x)
	pol(x) = ( x > 27 && x < 31.7 ) ? a * x**2 + b * x + c : 1/0
fitted parameters initialized with current variable values

iter      chisq       delta/lim  lambda   a             b             c            
   0 2.0202544956e+08  0.00e+00 5.20e+02  1.000000e+00  1.000000e+00  1.000000e+00
   8 1.1468452117e-02 -3.99e-04 5.20e-06  3.258211e-02 -1.952197e+00  2.981768e+01

After 8 iterations the fit converged.
final sum of squares of residuals : 0.0114685
rel. change during last iteration : -3.98512e-009

degrees of freedom    (FIT_NDF)                        : 230
rms of residuals      (FIT_STDFIT) = sqrt(WSSR/ndf)    : 0.00706136
variance of residuals (reduced chisquare) = WSSR/ndf   : 4.98628e-005

Final set of parameters            Asymptotic Standard Error
=======================            ==========================
a               = 0.0325821        +/- 0.0002825    (0.8672%)
b               = -1.9522          +/- 0.01671      (0.8561%)
c               = 29.8177          +/- 0.2467       (0.8274%)

correlation matrix of the fit parameters:
                a      b      c      
a               1.000 
b              -1.000  1.000 
c               0.999 -1.000  1.000 


*******************************************************************************
Thu Jun 01 20:15:14 2017


FIT:    data read from "iu_curve_1x1n3_20gC_n100samples_der.txt" using 1:4
        format = x:z
        x range restricted to [27.0000 : 31.7000]
        #datapoints = 233
        residuals are weighted equally (unit weight)

function used for fitting: pol(x)
	pol(x) = ( x > 27 && x < 31.7 ) ? a * x**2 + b * x + c : 1/0
fitted parameters initialized with current variable values

iter      chisq       delta/lim  lambda   a             b             c            
   0 2.0202544956e+08  0.00e+00 5.20e+02  1.000000e+00  1.000000e+00  1.000000e+00
   8 1.1468452117e-02 -3.99e-04 5.20e-06  3.258211e-02 -1.952197e+00  2.981768e+01

After 8 iterations the fit converged.
final sum of squares of residuals : 0.0114685
rel. change during last iteration : -3.98512e-009

degrees of freedom    (FIT_NDF)                        : 230
rms of residuals      (FIT_STDFIT) = sqrt(WSSR/ndf)    : 0.00706136
variance of residuals (reduced chisquare) = WSSR/ndf   : 4.98628e-005

Final set of parameters            Asymptotic Standard Error
=======================            ==========================
a               = 0.0325821        +/- 0.0002825    (0.8672%)
b               = -1.9522          +/- 0.01671      (0.8561%)
c               = 29.8177          +/- 0.2467       (0.8274%)

correlation matrix of the fit parameters:
                a      b      c      
a               1.000 
b              -1.000  1.000 
c               0.999 -1.000  1.000 


*******************************************************************************
Thu Jun 01 20:30:43 2017


FIT:    data read from "iu_curve_1x1n3_20gC_n100samples_der.txt" using 1:4
        format = x:z
        x range restricted to [27.0000 : 31.7000]
        #datapoints = 233
        residuals are weighted equally (unit weight)

function used for fitting: pol(x)
	pol(x) = ( x > 27 && x < 31.7 ) ? a * x**2 + b * x + c : 1/0
fitted parameters initialized with current variable values

iter      chisq       delta/lim  lambda   a             b             c            
   0 2.0202544956e+08  0.00e+00 5.20e+02  1.000000e+00  1.000000e+00  1.000000e+00
   8 1.1468452117e-02 -3.99e-04 5.20e-06  3.258211e-02 -1.952197e+00  2.981768e+01

After 8 iterations the fit converged.
final sum of squares of residuals : 0.0114685
rel. change during last iteration : -3.98512e-009

degrees of freedom    (FIT_NDF)                        : 230
rms of residuals      (FIT_STDFIT) = sqrt(WSSR/ndf)    : 0.00706136
variance of residuals (reduced chisquare) = WSSR/ndf   : 4.98628e-005

Final set of parameters            Asymptotic Standard Error
=======================            ==========================
a               = 0.0325821        +/- 0.0002825    (0.8672%)
b               = -1.9522          +/- 0.01671      (0.8561%)
c               = 29.8177          +/- 0.2467       (0.8274%)

correlation matrix of the fit parameters:
                a      b      c      
a               1.000 
b              -1.000  1.000 
c               0.999 -1.000  1.000 


*******************************************************************************
Thu Jun 01 21:36:59 2017


FIT:    data read from "iu_curve_1x1n3_20gC_n100samples_der.txt" using 1:4
        format = x:z
        x range restricted to [27.0000 : 31.7000]
        #datapoints = 233
        residuals are weighted equally (unit weight)

function used for fitting: pol(x)
	pol(x) = ( x > 27 && x < 31.7 ) ? a * x**2 + b * x + c : 1/0
fitted parameters initialized with current variable values

iter      chisq       delta/lim  lambda   a             b             c            
   0 2.0202544956e+08  0.00e+00 5.20e+02  1.000000e+00  1.000000e+00  1.000000e+00
   8 1.1468452117e-02 -3.99e-04 5.20e-06  3.258211e-02 -1.952197e+00  2.981768e+01

After 8 iterations the fit converged.
final sum of squares of residuals : 0.0114685
rel. change during last iteration : -3.98512e-009

degrees of freedom    (FIT_NDF)                        : 230
rms of residuals      (FIT_STDFIT) = sqrt(WSSR/ndf)    : 0.00706136
variance of residuals (reduced chisquare) = WSSR/ndf   : 4.98628e-005

Final set of parameters            Asymptotic Standard Error
=======================            ==========================
a               = 0.0325821        +/- 0.0002825    (0.8672%)
b               = -1.9522          +/- 0.01671      (0.8561%)
c               = 29.8177          +/- 0.2467       (0.8274%)

correlation matrix of the fit parameters:
                a      b      c      
a               1.000 
b              -1.000  1.000 
c               0.999 -1.000  1.000 


*******************************************************************************
Thu Jun 01 21:40:07 2017


FIT:    data read from "iu_curve_1x1n3_20gC_n100samples_der.txt" using 1:4
        format = x:z
        x range restricted to [27.0000 : 31.7000]
        #datapoints = 233
        residuals are weighted equally (unit weight)

function used for fitting: pol(x)
	pol(x) = ( x > 27 && x < 31.7 ) ? a * x**2 + b * x + c : 1/0
fitted parameters initialized with current variable values

iter      chisq       delta/lim  lambda   a             b             c            
   0 2.0202544956e+08  0.00e+00 5.20e+02  1.000000e+00  1.000000e+00  1.000000e+00
   8 1.1468452117e-02 -3.99e-04 5.20e-06  3.258211e-02 -1.952197e+00  2.981768e+01

After 8 iterations the fit converged.
final sum of squares of residuals : 0.0114685
rel. change during last iteration : -3.98512e-009

degrees of freedom    (FIT_NDF)                        : 230
rms of residuals      (FIT_STDFIT) = sqrt(WSSR/ndf)    : 0.00706136
variance of residuals (reduced chisquare) = WSSR/ndf   : 4.98628e-005

Final set of parameters            Asymptotic Standard Error
=======================            ==========================
a               = 0.0325821        +/- 0.0002825    (0.8672%)
b               = -1.9522          +/- 0.01671      (0.8561%)
c               = 29.8177          +/- 0.2467       (0.8274%)

correlation matrix of the fit parameters:
                a      b      c      
a               1.000 
b              -1.000  1.000 
c               0.999 -1.000  1.000 


*******************************************************************************
Thu Jun 01 21:41:52 2017


FIT:    data read from "iu_curve_1x1n3_20gC_n100samples_der.txt" using 1:4
        format = x:z
        x range restricted to [27.0000 : 31.7000]
        #datapoints = 233
        residuals are weighted equally (unit weight)

function used for fitting: pol(x)
	pol(x) = ( x > 27 && x < 31.7 ) ? a * x**2 + b * x + c : 1/0
fitted parameters initialized with current variable values

iter      chisq       delta/lim  lambda   a             b             c            
   0 2.0202544956e+08  0.00e+00 5.20e+02  1.000000e+00  1.000000e+00  1.000000e+00
   8 1.1468452117e-02 -3.99e-04 5.20e-06  3.258211e-02 -1.952197e+00  2.981768e+01

After 8 iterations the fit converged.
final sum of squares of residuals : 0.0114685
rel. change during last iteration : -3.98512e-009

degrees of freedom    (FIT_NDF)                        : 230
rms of residuals      (FIT_STDFIT) = sqrt(WSSR/ndf)    : 0.00706136
variance of residuals (reduced chisquare) = WSSR/ndf   : 4.98628e-005

Final set of parameters            Asymptotic Standard Error
=======================            ==========================
a               = 0.0325821        +/- 0.0002825    (0.8672%)
b               = -1.9522          +/- 0.01671      (0.8561%)
c               = 29.8177          +/- 0.2467       (0.8274%)

correlation matrix of the fit parameters:
                a      b      c      
a               1.000 
b              -1.000  1.000 
c               0.999 -1.000  1.000 


*******************************************************************************
Thu Jun 01 21:41:56 2017


FIT:    data read from "iu_curve_1x1n3_20gC_n100samples_der.txt" using 1:4
        format = x:z
        x range restricted to [27.0000 : 31.7000]
        #datapoints = 233
        residuals are weighted equally (unit weight)

function used for fitting: pol(x)
	pol(x) = ( x > 27 && x < 31.7 ) ? a * x**2 + b * x + c : 1/0
fitted parameters initialized with current variable values

iter      chisq       delta/lim  lambda   a             b             c            
   0 2.0202544956e+08  0.00e+00 5.20e+02  1.000000e+00  1.000000e+00  1.000000e+00
   8 1.1468452117e-02 -3.99e-04 5.20e-06  3.258211e-02 -1.952197e+00  2.981768e+01

After 8 iterations the fit converged.
final sum of squares of residuals : 0.0114685
rel. change during last iteration : -3.98512e-009

degrees of freedom    (FIT_NDF)                        : 230
rms of residuals      (FIT_STDFIT) = sqrt(WSSR/ndf)    : 0.00706136
variance of residuals (reduced chisquare) = WSSR/ndf   : 4.98628e-005

Final set of parameters            Asymptotic Standard Error
=======================            ==========================
a               = 0.0325821        +/- 0.0002825    (0.8672%)
b               = -1.9522          +/- 0.01671      (0.8561%)
c               = 29.8177          +/- 0.2467       (0.8274%)

correlation matrix of the fit parameters:
                a      b      c      
a               1.000 
b              -1.000  1.000 
c               0.999 -1.000  1.000 


*******************************************************************************
Thu Jun 01 21:42:10 2017


FIT:    data read from "iu_curve_1x1n3_20gC_n100samples_der.txt" using 1:4
        format = x:z
        x range restricted to [27.0000 : 31.7000]
        #datapoints = 233
        residuals are weighted equally (unit weight)

function used for fitting: pol(x)
	pol(x) = ( x > 27 && x < 31.7 ) ? a * x**2 + b * x + c : 1/0
fitted parameters initialized with current variable values

iter      chisq       delta/lim  lambda   a             b             c            
   0 2.0202544956e+08  0.00e+00 5.20e+02  1.000000e+00  1.000000e+00  1.000000e+00
   8 1.1468452117e-02 -3.99e-04 5.20e-06  3.258211e-02 -1.952197e+00  2.981768e+01

After 8 iterations the fit converged.
final sum of squares of residuals : 0.0114685
rel. change during last iteration : -3.98512e-009

degrees of freedom    (FIT_NDF)                        : 230
rms of residuals      (FIT_STDFIT) = sqrt(WSSR/ndf)    : 0.00706136
variance of residuals (reduced chisquare) = WSSR/ndf   : 4.98628e-005

Final set of parameters            Asymptotic Standard Error
=======================            ==========================
a               = 0.0325821        +/- 0.0002825    (0.8672%)
b               = -1.9522          +/- 0.01671      (0.8561%)
c               = 29.8177          +/- 0.2467       (0.8274%)

correlation matrix of the fit parameters:
                a      b      c      
a               1.000 
b              -1.000  1.000 
c               0.999 -1.000  1.000 


*******************************************************************************
Thu Jun 01 21:42:35 2017


FIT:    data read from "iu_curve_1x1n3_20gC_n100samples_der.txt" using 1:4
        format = x:z
        x range restricted to [27.0000 : 31.7000]
        #datapoints = 233
        residuals are weighted equally (unit weight)

function used for fitting: pol(x)
	pol(x) = ( x > 27 && x < 31.7 ) ? a * x**2 + b * x + c : 1/0
fitted parameters initialized with current variable values

iter      chisq       delta/lim  lambda   a             b             c            
   0 2.0202544956e+08  0.00e+00 5.20e+02  1.000000e+00  1.000000e+00  1.000000e+00
   8 1.1468452117e-02 -3.99e-04 5.20e-06  3.258211e-02 -1.952197e+00  2.981768e+01

After 8 iterations the fit converged.
final sum of squares of residuals : 0.0114685
rel. change during last iteration : -3.98512e-009

degrees of freedom    (FIT_NDF)                        : 230
rms of residuals      (FIT_STDFIT) = sqrt(WSSR/ndf)    : 0.00706136
variance of residuals (reduced chisquare) = WSSR/ndf   : 4.98628e-005

Final set of parameters            Asymptotic Standard Error
=======================            ==========================
a               = 0.0325821        +/- 0.0002825    (0.8672%)
b               = -1.9522          +/- 0.01671      (0.8561%)
c               = 29.8177          +/- 0.2467       (0.8274%)

correlation matrix of the fit parameters:
                a      b      c      
a               1.000 
b              -1.000  1.000 
c               0.999 -1.000  1.000 


*******************************************************************************
Thu Jun 01 21:43:52 2017


FIT:    data read from "iu_curve_1x1n5_20gC_n100samples_der.txt" using 1:4
        format = x:z
        x range restricted to [27.0000 : 31.7000]
        #datapoints = 241
        residuals are weighted equally (unit weight)

function used for fitting: pol(x)
	pol(x) = ( x > 27 && x < 31.7 ) ? a * x**2 + b * x + c : 1/0
fitted parameters initialized with current variable values

iter      chisq       delta/lim  lambda   a             b             c            
   0 1.7851212602e+08  0.00e+00 4.80e+02  1.000000e+00  1.000000e+00  1.000000e+00
   8 2.9133587832e-02 -3.25e-02 4.80e-06  5.297252e-02 -3.166436e+00  4.789965e+01

After 8 iterations the fit converged.
final sum of squares of residuals : 0.0291336
rel. change during last iteration : -3.24756e-007

degrees of freedom    (FIT_NDF)                        : 238
rms of residuals      (FIT_STDFIT) = sqrt(WSSR/ndf)    : 0.0110639
variance of residuals (reduced chisquare) = WSSR/ndf   : 0.00012241

Final set of parameters            Asymptotic Standard Error
=======================            ==========================
a               = 0.0529725        +/- 0.001051     (1.985%)
b               = -3.16644         +/- 0.0602       (1.901%)
c               = 47.8997          +/- 0.8612       (1.798%)

correlation matrix of the fit parameters:
                a      b      c      
a               1.000 
b              -1.000  1.000 
c               1.000 -1.000  1.000 


*******************************************************************************
Thu Jun 01 21:44:48 2017


FIT:    data read from "iu_curve_1x1n5_20gC_n100samples_der.txt" using 1:4
        format = x:z
        x range restricted to [27.0000 : 31.7000]
        #datapoints = 241
        residuals are weighted equally (unit weight)

function used for fitting: pol(x)
	pol(x) = ( x > 27 && x < 31.7 ) ? a * x**2 + b * x + c : 1/0
fitted parameters initialized with current variable values

iter      chisq       delta/lim  lambda   a             b             c            
   0 1.7851212602e+08  0.00e+00 4.80e+02  1.000000e+00  1.000000e+00  1.000000e+00
   8 2.9133587832e-02 -3.25e-02 4.80e-06  5.297252e-02 -3.166436e+00  4.789965e+01

After 8 iterations the fit converged.
final sum of squares of residuals : 0.0291336
rel. change during last iteration : -3.24756e-007

degrees of freedom    (FIT_NDF)                        : 238
rms of residuals      (FIT_STDFIT) = sqrt(WSSR/ndf)    : 0.0110639
variance of residuals (reduced chisquare) = WSSR/ndf   : 0.00012241

Final set of parameters            Asymptotic Standard Error
=======================            ==========================
a               = 0.0529725        +/- 0.001051     (1.985%)
b               = -3.16644         +/- 0.0602       (1.901%)
c               = 47.8997          +/- 0.8612       (1.798%)

correlation matrix of the fit parameters:
                a      b      c      
a               1.000 
b              -1.000  1.000 
c               1.000 -1.000  1.000 


*******************************************************************************
Thu Jun 01 21:46:03 2017


FIT:    data read from "iu_curve_1x1n5_20gC_n100samples_der.txt" using 1:4
        format = x:z
        x range restricted to [27.0000 : 31.7000]
        #datapoints = 241
        residuals are weighted equally (unit weight)

function used for fitting: pol(x)
	pol(x) = ( x > 27 && x < 31.7 ) ? a * x**2 + b * x + c : 1/0
fitted parameters initialized with current variable values

iter      chisq       delta/lim  lambda   a             b             c            
   0 1.7851212602e+08  0.00e+00 4.80e+02  1.000000e+00  1.000000e+00  1.000000e+00
   8 2.9133587832e-02 -3.25e-02 4.80e-06  5.297252e-02 -3.166436e+00  4.789965e+01

After 8 iterations the fit converged.
final sum of squares of residuals : 0.0291336
rel. change during last iteration : -3.24756e-007

degrees of freedom    (FIT_NDF)                        : 238
rms of residuals      (FIT_STDFIT) = sqrt(WSSR/ndf)    : 0.0110639
variance of residuals (reduced chisquare) = WSSR/ndf   : 0.00012241

Final set of parameters            Asymptotic Standard Error
=======================            ==========================
a               = 0.0529725        +/- 0.001051     (1.985%)
b               = -3.16644         +/- 0.0602       (1.901%)
c               = 47.8997          +/- 0.8612       (1.798%)

correlation matrix of the fit parameters:
                a      b      c      
a               1.000 
b              -1.000  1.000 
c               1.000 -1.000  1.000 


*******************************************************************************
Thu Jun  8 12:16:12 2017


FIT:    data read from "iu_curve_1x1n2_wos_25gray_N1n100loop_20gC.txt" using 1:4
        format = x:z
        x range restricted to [27.0000 : 31.7000]
BREAK:          No data to fit 



*******************************************************************************
Thu Jun  8 12:18:49 2017


FIT:    data read from "iu_curve_1x1n2_20gC_n100samples_der.txt" using 1:4
        format = x:z
        x range restricted to [27.0000 : 31.7000]
        #datapoints = 260
        residuals are weighted equally (unit weight)

function used for fitting: pol(x)
fitted parameters initialized with current variable values



 Iteration 0
 WSSR        : 2.27568e+08       delta(WSSR)/WSSR   : 0
 delta(WSSR) : 0                 limit for stopping : 1e-05
 lambda	  : 522.913

initial set of free parameter values

a               = 1
b               = 1
c               = 1

After 8 iterations the fit converged.
final sum of squares of residuals : 0.0555126
rel. change during last iteration : -1.21483e-09

degrees of freedom    (FIT_NDF)                        : 257
rms of residuals      (FIT_STDFIT) = sqrt(WSSR/ndf)    : 0.014697
variance of residuals (reduced chisquare) = WSSR/ndf   : 0.000216002

Final set of parameters            Asymptotic Standard Error
=======================            ==========================

a               = 0.0409484        +/- 0.0005742    (1.402%)
b               = -2.46933         +/- 0.03402      (1.378%)
c               = 37.8219          +/- 0.5029       (1.33%)


correlation matrix of the fit parameters:

               a      b      c      
a               1.000 
b              -1.000  1.000 
c               0.999 -1.000  1.000 
