

*******************************************************************************
Tue Aug 01 19:43:11 2017


FIT:    data read from "ba25gC_1.txt" using (hist($0,width)):($1/norm_ba)
        format = x:z
        x range restricted to [300.000 : 1000.00]
        #datapoints = 703
        residuals are weighted equally (unit weight)

function used for fitting: peak_ba(x)
	peak_ba(x) = (A/(sqrt(2*pi*sigma)))*exp(-((x-mu)**2)/2*sigma**2) + y0
fitted parameters initialized with current variable values

iter      chisq       delta/lim  lambda   A             sigma         mu            y0           
   0 6.6402889249e+02  0.00e+00 5.00e-01  1.000000e+00  1.000000e+00  1.000000e+00  1.000000e+00
BREAK: Singular matrix in Invert_RtR

*******************************************************************************
Tue Aug 01 19:43:43 2017


FIT:    data read from "ba25gC_1.txt" using (hist($0,width)):($1/norm_ba)
        format = x:z
        x range restricted to [300.000 : 1000.00]
        #datapoints = 703
        residuals are weighted equally (unit weight)

function used for fitting: peak_ba(x)
	peak_ba(x) = (A/(sqrt(2*pi*sigma)))*exp(-((x-mu)**2)/2*sigma**2) + y0
fitted parameters initialized with current variable values

iter      chisq       delta/lim  lambda   A             sigma         mu            y0           
   0 1.5167747476e-01  0.00e+00 1.41e-02  1.000000e+00  1.000000e+00  1.000000e+00  2.825211e-02
BREAK: Singular matrix in Invert_RtR

*******************************************************************************
Tue Aug 01 19:43:57 2017


FIT:    data read from "ba25gC_1.txt" using (hist($0,width)):($1/norm_ba)
        format = x:z
        x range restricted to [300.000 : 1000.00]
        #datapoints = 703
        residuals are weighted equally (unit weight)

function used for fitting: peak_ba(x)
	peak_ba(x) = (A/(sqrt(2*pi*sigma)))*exp(-((x-mu)**2)/2*sigma**2) + y0
fitted parameters initialized with current variable values

iter      chisq       delta/lim  lambda   A             sigma         mu            y            
   0 1.5167747516e-01  0.00e+00 0.00e+00  1.000000e+00  1.000000e+00  1.000000e+00  1.000000e+00
BREAK: Singular matrix in Givens()

*******************************************************************************
Tue Aug 01 19:44:43 2017


FIT:    data read from "ba25gC_1.txt" using (hist($0,width)):($1/norm_ba)
        format = x:z
        x range restricted to [300.000 : 1000.00]
        #datapoints = 703
        residuals are weighted equally (unit weight)

function used for fitting: peak_ba(x)
	peak_ba(x) = (A/(sqrt(2*pi*sigma)))*exp(-((x-mu)**2)/2*sigma**2) + y0
fitted parameters initialized with current variable values

iter      chisq       delta/lim  lambda   A             sigma         mu            y0           
   0 6.6402889249e+02  0.00e+00 5.00e-01  1.000000e+00  1.000000e+00  1.000000e+00  1.000000e+00
BREAK: Singular matrix in Invert_RtR

*******************************************************************************
Tue Aug 01 20:08:18 2017


FIT:    data read from "ba25gC_1.txt" using (hist($0,width)):($1/norm_ba)
        format = x:z
        x range restricted to [300.000 : 1000.00]
        #datapoints = 703
        residuals are weighted equally (unit weight)

function used for fitting: peak_ba(x)
	peak_ba(x) = (A/(sqrt(2*pi*sigma)))*exp(-((x-mu)**2)/2*sigma**2) + y0
fitted parameters initialized with current variable values

iter      chisq       delta/lim  lambda   A             sigma         mu            y0           
   0 6.6402889249e+02  0.00e+00 5.00e-01  1.000000e+00  1.000000e+00  1.000000e+00  1.000000e+00
BREAK: Singular matrix in Invert_RtR

*******************************************************************************
Tue Aug 01 20:13:03 2017


FIT:    data read from "ba25gC_1.txt" using (hist($0,width)):($1/norm_ba)
        format = x:z
        x range restricted to [300.000 : 1000.00]
        #datapoints = 703
        residuals are weighted equally (unit weight)

function used for fitting: peak_ba(x)
	peak_ba(x) = (A/(sqrt(2*pi*sigma)))*exp(-((x-mu)**2)/2*sigma**2) + y0
fitted parameters initialized with current variable values

iter      chisq       delta/lim  lambda   A             sigma         mu            y0           
   0 6.6402889249e+02  0.00e+00 5.00e-01  1.000000e+00  1.000000e+00  1.000000e+00  1.000000e+00
BREAK: Singular matrix in Invert_RtR

*******************************************************************************
Tue Aug 01 20:13:09 2017


FIT:    data read from "ba25gC_1.txt" using (hist($0,width)):($1/norm_ba)
        format = x:z
        x range restricted to [300.000 : 1000.00]
        #datapoints = 703
        residuals are weighted equally (unit weight)

function used for fitting: peak_ba(x)
	peak_ba(x) = (A/(sqrt(2*pi*sigma)))*exp(-((x-mu)**2)/2*sigma**2) + y0
fitted parameters initialized with current variable values

iter      chisq       delta/lim  lambda   A             sigma         mu            y0           
   0 6.6402889249e+02  0.00e+00 5.00e-01  1.000000e+00  1.000000e+00  1.000000e+00  1.000000e+00
BREAK: Singular matrix in Invert_RtR

*******************************************************************************
Tue Aug 01 20:13:17 2017


FIT:    data read from "ba25gC_1.txt" using (hist($0,width)):($1/norm_ba)
        format = x:z
        x range restricted to [300.000 : 1000.00]
        #datapoints = 703
        residuals are weighted equally (unit weight)

function used for fitting: peak_ba(x)
	peak_ba(x) = (A/(sqrt(2*pi*sigma)))*exp(-((x-mu)**2)/2*sigma**2) + y0
fitted parameters initialized with current variable values

iter      chisq       delta/lim  lambda   A             sigma         mu            y0           
   0 6.6402889249e+02  0.00e+00 5.00e-01  1.000000e+00  1.000000e+00  1.000000e+00  1.000000e+00
BREAK: Singular matrix in Invert_RtR

*******************************************************************************
Tue Aug 01 22:52:14 2017


FIT:    data read from "ee25gC.csv" using 6:3:5
        format = x:z:s
        #datapoints = 5
function used for fitting: linfit(x)
	linfit(x)=m*x+b
fitted parameters initialized with current variable values

iter      chisq       delta/lim  lambda   m             b            
   0 3.3406611059e+02  0.00e+00 2.18e-01  1.000000e+00  1.000000e+00
   5 4.4504906039e+01 -2.97e-06 2.18e-06  4.962944e+00  1.016341e+03

After 5 iterations the fit converged.
final sum of squares of residuals : 44.5049
rel. change during last iteration : -2.96829e-011

degrees of freedom    (FIT_NDF)                        : 3
rms of residuals      (FIT_STDFIT) = sqrt(WSSR/ndf)    : 3.85162
variance of residuals (reduced chisquare) = WSSR/ndf   : 14.835
p-value of the Chisq distribution (FIT_P)              : 1.1789e-009

Final set of parameters            Asymptotic Standard Error
=======================            ==========================
m               = 4.96294          +/- 5.66         (114%)
b               = 1016.34          +/- 242.1        (23.82%)

correlation matrix of the fit parameters:
                m      b      
m               1.000 
b              -0.160  1.000 


*******************************************************************************
Tue Aug 01 22:52:44 2017


FIT:    data read from "ee25gC.csv" using 6:3:5
        format = x:z:s
        #datapoints = 5
function used for fitting: linfit(x)
	linfit(x)=m*x+b
fitted parameters initialized with current variable values

iter      chisq       delta/lim  lambda   m             b            
   0 3.3406611059e+02  0.00e+00 2.18e-01  1.000000e+00  1.000000e+00
   5 4.4504906039e+01 -2.97e-06 2.18e-06  4.962944e+00  1.016341e+03

After 5 iterations the fit converged.
final sum of squares of residuals : 44.5049
rel. change during last iteration : -2.96829e-011

degrees of freedom    (FIT_NDF)                        : 3
rms of residuals      (FIT_STDFIT) = sqrt(WSSR/ndf)    : 3.85162
variance of residuals (reduced chisquare) = WSSR/ndf   : 14.835
p-value of the Chisq distribution (FIT_P)              : 1.1789e-009

Final set of parameters            Asymptotic Standard Error
=======================            ==========================
m               = 4.96294          +/- 5.66         (114%)
b               = 1016.34          +/- 242.1        (23.82%)

correlation matrix of the fit parameters:
                m      b      
m               1.000 
b              -0.160  1.000 


*******************************************************************************
Tue Aug 01 22:53:14 2017


FIT:    data read from "ee25gC.csv" using 6:3
        format = x:z
        #datapoints = 5
        residuals are weighted equally (unit weight)

function used for fitting: linfit(x)
	linfit(x)=m*x+b
fitted parameters initialized with current variable values

iter      chisq       delta/lim  lambda   m             b            
   0 3.0182130445e+06  0.00e+00 1.09e+03  4.962944e+00  1.016341e+03
   3 2.0218500032e+06 -4.17e-02 1.09e+00  2.779705e+00  1.276348e+03

After 3 iterations the fit converged.
final sum of squares of residuals : 2.02185e+006
rel. change during last iteration : -4.17404e-007

degrees of freedom    (FIT_NDF)                        : 3
rms of residuals      (FIT_STDFIT) = sqrt(WSSR/ndf)    : 820.945
variance of residuals (reduced chisquare) = WSSR/ndf   : 673950

Final set of parameters            Asymptotic Standard Error
=======================            ==========================
m               = 2.77971          +/- 1.796        (64.63%)
b               = 1276.35          +/- 419.3        (32.85%)

correlation matrix of the fit parameters:
                m      b      
m               1.000 
b              -0.483  1.000 


*******************************************************************************
Tue Aug 01 22:53:55 2017


FIT:    data read from "ee25gC.csv" using 7:3
        format = x:z
        #datapoints = 5
        residuals are weighted equally (unit weight)

function used for fitting: linfit(x)
	linfit(x)=m*x+b
fitted parameters initialized with current variable values

iter      chisq       delta/lim  lambda   m             b            
   0 1.8766406637e+07  0.00e+00 1.97e+03  2.779705e+00  1.276348e+03
   4 1.7897210524e+04 -4.01e-04 1.97e-01  2.264958e+00 -2.355787e+02

After 4 iterations the fit converged.
final sum of squares of residuals : 17897.2
rel. change during last iteration : -4.01455e-009

degrees of freedom    (FIT_NDF)                        : 3
rms of residuals      (FIT_STDFIT) = sqrt(WSSR/ndf)    : 77.2382
variance of residuals (reduced chisquare) = WSSR/ndf   : 5965.74

Final set of parameters            Asymptotic Standard Error
=======================            ==========================
m               = 2.26496          +/- 0.09198      (4.061%)
b               = -235.579         +/- 81.78        (34.71%)

correlation matrix of the fit parameters:
                m      b      
m               1.000 
b              -0.906  1.000 


*******************************************************************************
Tue Aug 01 22:54:21 2017


FIT:    data read from "ee25gC.csv" using 7:3
        format = x:z
        #datapoints = 5
        residuals are weighted equally (unit weight)

function used for fitting: linfit(x)
	linfit(x)=m*x+b
fitted parameters initialized with current variable values

iter      chisq       delta/lim  lambda   m             b            
   0 1.7897210524e+04  0.00e+00 1.43e+03  2.264958e+00 -2.355787e+02
   1 1.7897210524e+04 -1.83e-10 1.43e+04  2.264958e+00 -2.355787e+02

After 1 iterations the fit converged.
final sum of squares of residuals : 17897.2
rel. change during last iteration : -1.82944e-015

degrees of freedom    (FIT_NDF)                        : 3
rms of residuals      (FIT_STDFIT) = sqrt(WSSR/ndf)    : 77.2382
variance of residuals (reduced chisquare) = WSSR/ndf   : 5965.74

Final set of parameters            Asymptotic Standard Error
=======================            ==========================
m               = 2.26496          +/- 0.09198      (4.061%)
b               = -235.579         +/- 81.78        (34.71%)

correlation matrix of the fit parameters:
                m      b      
m               1.000 
b              -0.906  1.000 


*******************************************************************************
Tue Aug 01 22:56:06 2017


FIT:    data read from "ee25gC.csv" using 7:3
        format = x:z
        #datapoints = 5
        residuals are weighted equally (unit weight)

function used for fitting: linfit(x)
	linfit(x)=m*x+b
fitted parameters initialized with current variable values

iter      chisq       delta/lim  lambda   m             b            
   0 1.7897210524e+04  0.00e+00 1.43e+03  2.264958e+00 -2.355787e+02
   1 1.7897210524e+04  0.00e+00 1.43e+05  2.264958e+00 -2.355787e+02

After 1 iterations the fit converged.
final sum of squares of residuals : 17897.2
rel. change during last iteration : 0

degrees of freedom    (FIT_NDF)                        : 3
rms of residuals      (FIT_STDFIT) = sqrt(WSSR/ndf)    : 77.2382
variance of residuals (reduced chisquare) = WSSR/ndf   : 5965.74

Final set of parameters            Asymptotic Standard Error
=======================            ==========================
m               = 2.26496          +/- 0.09198      (4.061%)
b               = -235.579         +/- 81.78        (34.71%)

correlation matrix of the fit parameters:
                m      b      
m               1.000 
b              -0.906  1.000 


*******************************************************************************
Tue Aug 01 22:57:14 2017


FIT:    data read from "ee25gC.csv" using 7:3
        format = x:z
        #datapoints = 5
        residuals are weighted equally (unit weight)

function used for fitting: linfit(x)
	linfit(x)=m*x+b
fitted parameters initialized with current variable values

iter      chisq       delta/lim  lambda   m             b            
   0 1.7897210524e+04  0.00e+00 1.43e+03  2.264958e+00 -2.355787e+02
   1 1.7897210524e+04  0.00e+00 1.43e+05  2.264958e+00 -2.355787e+02

After 1 iterations the fit converged.
final sum of squares of residuals : 17897.2
rel. change during last iteration : 0

degrees of freedom    (FIT_NDF)                        : 3
rms of residuals      (FIT_STDFIT) = sqrt(WSSR/ndf)    : 77.2382
variance of residuals (reduced chisquare) = WSSR/ndf   : 5965.74

Final set of parameters            Asymptotic Standard Error
=======================            ==========================
m               = 2.26496          +/- 0.09198      (4.061%)
b               = -235.579         +/- 81.78        (34.71%)

correlation matrix of the fit parameters:
                m      b      
m               1.000 
b              -0.906  1.000 


*******************************************************************************
Tue Aug 01 23:09:19 2017


FIT:    data read from "ee25gC.csv" using 7:3
        format = x:z
        x range restricted to [200.000 : 1250.00]
        #datapoints = 4
        residuals are weighted equally (unit weight)

function used for fitting: linfit(x)
	linfit(x)=m*x+b
fitted parameters initialized with current variable values

iter      chisq       delta/lim  lambda   m             b            
   0 1.6918341954e+04  0.00e+00 1.25e+03  2.264958e+00 -2.355787e+02
   4 1.6001914158e+04 -1.66e-03 1.25e-01  2.226546e+00 -2.167396e+02

After 4 iterations the fit converged.
final sum of squares of residuals : 16001.9
rel. change during last iteration : -1.65959e-008

degrees of freedom    (FIT_NDF)                        : 2
rms of residuals      (FIT_STDFIT) = sqrt(WSSR/ndf)    : 89.4481
variance of residuals (reduced chisquare) = WSSR/ndf   : 8000.96

Final set of parameters            Asymptotic Standard Error
=======================            ==========================
m               = 2.22655          +/- 0.1326       (5.954%)
b               = -216.74          +/- 102.3        (47.2%)

correlation matrix of the fit parameters:
                m      b      
m               1.000 
b              -0.899  1.000 


*******************************************************************************
Tue Aug 01 23:09:38 2017


FIT:    data read from "ee25gC.csv" using 7:3
        format = x:z
        x range restricted to [200.000 : 80.0000]
BREAK: No data to fit

*******************************************************************************
Tue Aug 01 23:09:46 2017


FIT:    data read from "ee25gC.csv" using 7:3
        format = x:z
        x range restricted to [200.000 : 800.000]
        #datapoints = 3
        residuals are weighted equally (unit weight)

function used for fitting: linfit(x)
	linfit(x)=m*x+b
fitted parameters initialized with current variable values

iter      chisq       delta/lim  lambda   m             b            
   0 1.5321155774e+04  0.00e+00 8.40e+02  2.226546e+00 -2.167396e+02
   5 7.1590808125e+03 -1.47e-08 8.40e-03  1.814464e+00 -1.545383e+01

After 5 iterations the fit converged.
final sum of squares of residuals : 7159.08
rel. change during last iteration : -1.47367e-013

degrees of freedom    (FIT_NDF)                        : 1
rms of residuals      (FIT_STDFIT) = sqrt(WSSR/ndf)    : 84.6114
variance of residuals (reduced chisquare) = WSSR/ndf   : 7159.08

Final set of parameters            Asymptotic Standard Error
=======================            ==========================
m               = 1.81446          +/- 0.3914       (21.57%)
b               = -15.4538         +/- 205.3        (1329%)

correlation matrix of the fit parameters:
                m      b      
m               1.000 
b              -0.971  1.000 


*******************************************************************************
Tue Aug 01 23:13:20 2017


FIT:    data read from "ee25gC.csv" using 7:3
        format = x:z
        x range restricted to [200.000 : 2000.00]
        #datapoints = 5
        residuals are weighted equally (unit weight)

function used for fitting: linfit(x)
	linfit(x)=m*x+b
fitted parameters initialized with current variable values

iter      chisq       delta/lim  lambda   m             b            
   0 2.6312264341e+05  0.00e+00 1.14e+03  1.814464e+00 -1.545383e+01
   6 1.7897210524e+04 -4.35e-09 1.14e-03  2.264958e+00 -2.355787e+02

After 6 iterations the fit converged.
final sum of squares of residuals : 17897.2
rel. change during last iteration : -4.34999e-014

degrees of freedom    (FIT_NDF)                        : 3
rms of residuals      (FIT_STDFIT) = sqrt(WSSR/ndf)    : 77.2382
variance of residuals (reduced chisquare) = WSSR/ndf   : 5965.74

Final set of parameters            Asymptotic Standard Error
=======================            ==========================
m               = 2.26496          +/- 0.09198      (4.061%)
b               = -235.579         +/- 81.78        (34.71%)

correlation matrix of the fit parameters:
                m      b      
m               1.000 
b              -0.906  1.000 


*******************************************************************************
Tue Aug 01 23:14:13 2017


FIT:    data read from "ee25gC.csv" using 7:3
        format = x:z
        x range restricted to [200.000 : 2000.00]
        #datapoints = 5
        residuals are weighted equally (unit weight)

function used for fitting: linfit(x)
	linfit(x)=m*x+b
fitted parameters initialized with current variable values

iter      chisq       delta/lim  lambda   m             b            
   0 1.7897210524e+04  0.00e+00 1.43e+03  2.264958e+00 -2.355787e+02
   1 1.7897210524e+04  0.00e+00 1.43e+03  2.264958e+00 -2.355787e+02

After 1 iterations the fit converged.
final sum of squares of residuals : 17897.2
rel. change during last iteration : 0

degrees of freedom    (FIT_NDF)                        : 3
rms of residuals      (FIT_STDFIT) = sqrt(WSSR/ndf)    : 77.2382
variance of residuals (reduced chisquare) = WSSR/ndf   : 5965.74

Final set of parameters            Asymptotic Standard Error
=======================            ==========================
m               = 2.26496          +/- 0.09198      (4.061%)
b               = -235.579         +/- 81.78        (34.71%)

correlation matrix of the fit parameters:
                m      b      
m               1.000 
b              -0.906  1.000 


*******************************************************************************
Wed Aug 02 09:48:33 2017


FIT:    data read from "ee25gC.csv" using 7:3
        format = x:z
        x range restricted to [200.000 : 2000.00]
        #datapoints = 5
        residuals are weighted equally (unit weight)

function used for fitting: linfit(x)
	linfit(x)=m*x+b
fitted parameters initialized with current variable values

iter      chisq       delta/lim  lambda   m             b            
   0 4.2101264866e+06  0.00e+00 6.29e+02  1.000000e+00  1.000000e+00
   6 1.7897210524e+04 -4.89e-01 6.29e-04  2.264958e+00 -2.355787e+02

After 6 iterations the fit converged.
final sum of squares of residuals : 17897.2
rel. change during last iteration : -4.88996e-006

degrees of freedom    (FIT_NDF)                        : 3
rms of residuals      (FIT_STDFIT) = sqrt(WSSR/ndf)    : 77.2382
variance of residuals (reduced chisquare) = WSSR/ndf   : 5965.74

Final set of parameters            Asymptotic Standard Error
=======================            ==========================
m               = 2.26496          +/- 0.09198      (4.061%)
b               = -235.579         +/- 81.78        (34.71%)

correlation matrix of the fit parameters:
                m      b      
m               1.000 
b              -0.906  1.000 


*******************************************************************************
Wed Aug 02 09:52:45 2017


FIT:    data read from "ee25gC.csv" using 7:3
        format = x:z
        x range restricted to [200.000 : 2000.00]
        #datapoints = 5
        residuals are weighted equally (unit weight)

function used for fitting: linfit(x)
	linfit(x)=m*x+b
fitted parameters initialized with current variable values

iter      chisq       delta/lim  lambda   m             b            
   0 4.2101264866e+06  0.00e+00 6.29e+02  1.000000e+00  1.000000e+00
   6 1.7897210524e+04 -4.89e-01 6.29e-04  2.264958e+00 -2.355787e+02

After 6 iterations the fit converged.
final sum of squares of residuals : 17897.2
rel. change during last iteration : -4.88996e-006

degrees of freedom    (FIT_NDF)                        : 3
rms of residuals      (FIT_STDFIT) = sqrt(WSSR/ndf)    : 77.2382
variance of residuals (reduced chisquare) = WSSR/ndf   : 5965.74

Final set of parameters            Asymptotic Standard Error
=======================            ==========================
m               = 2.26496          +/- 0.09198      (4.061%)
b               = -235.579         +/- 81.78        (34.71%)

correlation matrix of the fit parameters:
                m      b      
m               1.000 
b              -0.906  1.000 


*******************************************************************************
Wed Aug 02 09:53:39 2017


FIT:    data read from "ee25gC.csv" using 7:3
        format = x:z
        x range restricted to [200.000 : 2000.00]
        #datapoints = 5
        residuals are weighted equally (unit weight)

function used for fitting: linfit(x)
	linfit(x)=m*x+b
fitted parameters initialized with current variable values

iter      chisq       delta/lim  lambda   m             b            
   0 4.2101264866e+06  0.00e+00 6.29e+02  1.000000e+00  1.000000e+00
   6 1.7897210524e+04 -4.89e-01 6.29e-04  2.264958e+00 -2.355787e+02

After 6 iterations the fit converged.
final sum of squares of residuals : 17897.2
rel. change during last iteration : -4.88996e-006

degrees of freedom    (FIT_NDF)                        : 3
rms of residuals      (FIT_STDFIT) = sqrt(WSSR/ndf)    : 77.2382
variance of residuals (reduced chisquare) = WSSR/ndf   : 5965.74

Final set of parameters            Asymptotic Standard Error
=======================            ==========================
m               = 2.26496          +/- 0.09198      (4.061%)
b               = -235.579         +/- 81.78        (34.71%)

correlation matrix of the fit parameters:
                m      b      
m               1.000 
b              -0.906  1.000 


*******************************************************************************
Wed Aug 02 09:54:22 2017


FIT:    data read from "ee25gC.csv" using 7:3
        format = x:z
        x range restricted to [200.000 : 2000.00]
        #datapoints = 5
        residuals are weighted equally (unit weight)

function used for fitting: linfit(x)
	linfit(x)=m*x+b
fitted parameters initialized with current variable values

iter      chisq       delta/lim  lambda   m             b            
   0 4.2101264866e+06  0.00e+00 6.29e+02  1.000000e+00  1.000000e+00
   6 1.7897210524e+04 -4.89e-01 6.29e-04  2.264958e+00 -2.355787e+02

After 6 iterations the fit converged.
final sum of squares of residuals : 17897.2
rel. change during last iteration : -4.88996e-006

degrees of freedom    (FIT_NDF)                        : 3
rms of residuals      (FIT_STDFIT) = sqrt(WSSR/ndf)    : 77.2382
variance of residuals (reduced chisquare) = WSSR/ndf   : 5965.74

Final set of parameters            Asymptotic Standard Error
=======================            ==========================
m               = 2.26496          +/- 0.09198      (4.061%)
b               = -235.579         +/- 81.78        (34.71%)

correlation matrix of the fit parameters:
                m      b      
m               1.000 
b              -0.906  1.000 


*******************************************************************************
Wed Aug 02 09:54:37 2017


FIT:    data read from "ee25gC.csv" using 3:7
        format = x:z
        x range restricted to [200.000 : 2000.00]
        #datapoints = 3
        residuals are weighted equally (unit weight)

function used for fitting: linfit(x)
	linfit(x)=m*x+b
fitted parameters initialized with current variable values

iter      chisq       delta/lim  lambda   m             b            
   0 5.6684769249e+06  0.00e+00 1.51e+03  2.264958e+00 -2.355787e+02
   5 2.0778159106e+03 -8.65e-06 1.51e-02  5.266211e-01  3.079616e+01

After 5 iterations the fit converged.
final sum of squares of residuals : 2077.82
rel. change during last iteration : -8.64593e-011

degrees of freedom    (FIT_NDF)                        : 1
rms of residuals      (FIT_STDFIT) = sqrt(WSSR/ndf)    : 45.5831
variance of residuals (reduced chisquare) = WSSR/ndf   : 2077.82

Final set of parameters            Asymptotic Standard Error
=======================            ==========================
m               = 0.526621         +/- 0.1136       (21.57%)
b               = 30.7962          +/- 106.6        (346.1%)

correlation matrix of the fit parameters:
                m      b      
m               1.000 
b              -0.969  1.000 


*******************************************************************************
Wed Aug 02 09:54:49 2017


FIT:    data read from "ee25gC.csv" using 3:7
        format = x:z
        x range restricted to [200.000 : 3000.00]
        #datapoints = 5
        residuals are weighted equally (unit weight)

function used for fitting: linfit(x)
	linfit(x)=m*x+b
fitted parameters initialized with current variable values

iter      chisq       delta/lim  lambda   m             b            
   0 5.0441281837e+04  0.00e+00 6.72e+02  5.266211e-01  3.079616e+01
   5 3.4715377782e+03 -3.77e-05 6.72e-03  4.393358e-01  1.074654e+02

After 5 iterations the fit converged.
final sum of squares of residuals : 3471.54
rel. change during last iteration : -3.77193e-010

degrees of freedom    (FIT_NDF)                        : 3
rms of residuals      (FIT_STDFIT) = sqrt(WSSR/ndf)    : 34.0173
variance of residuals (reduced chisquare) = WSSR/ndf   : 1157.18

Final set of parameters            Asymptotic Standard Error
=======================            ==========================
m               = 0.439336         +/- 0.01784      (4.061%)
b               = 107.465          +/- 32.18        (29.95%)

correlation matrix of the fit parameters:
                m      b      
m               1.000 
b              -0.881  1.000 


*******************************************************************************
Wed Aug 02 10:00:06 2017


FIT:    data read from "ee25gC.csv" using 3:7
        format = x:z
        x range restricted to [200.000 : 3000.00]
        #datapoints = 5
        residuals are weighted equally (unit weight)

function used for fitting: linfit(x)
	linfit(x)=m*x+b
fitted parameters initialized with current variable values

iter      chisq       delta/lim  lambda   m             b            
   0 3.4715377782e+03  0.00e+00 5.66e+02  4.393358e-01  1.074654e+02
   1 3.4715377782e+03 -1.05e-10 5.66e+01  4.393358e-01  1.074654e+02

After 1 iterations the fit converged.
final sum of squares of residuals : 3471.54
rel. change during last iteration : -1.04794e-015

degrees of freedom    (FIT_NDF)                        : 3
rms of residuals      (FIT_STDFIT) = sqrt(WSSR/ndf)    : 34.0173
variance of residuals (reduced chisquare) = WSSR/ndf   : 1157.18

Final set of parameters            Asymptotic Standard Error
=======================            ==========================
m               = 0.439336         +/- 0.01784      (4.061%)
b               = 107.465          +/- 32.18        (29.95%)

correlation matrix of the fit parameters:
                m      b      
m               1.000 
b              -0.881  1.000 


*******************************************************************************
Wed Aug 02 10:00:39 2017


FIT:    data read from "ee25gC.csv" using 3:7
        format = x:z
        x range restricted to [200.000 : 3000.00]
        #datapoints = 5
        residuals are weighted equally (unit weight)

function used for fitting: linfit(x)
	linfit(x)=m*x+b
fitted parameters initialized with current variable values

iter      chisq       delta/lim  lambda   m             b            
   0 3.4715377782e+03  0.00e+00 5.66e+02  4.393358e-01  1.074654e+02
   1 3.4715377782e+03 -7.86e-11 5.66e+01  4.393358e-01  1.074654e+02

After 1 iterations the fit converged.
final sum of squares of residuals : 3471.54
rel. change during last iteration : -7.85958e-016

degrees of freedom    (FIT_NDF)                        : 3
rms of residuals      (FIT_STDFIT) = sqrt(WSSR/ndf)    : 34.0173
variance of residuals (reduced chisquare) = WSSR/ndf   : 1157.18

Final set of parameters            Asymptotic Standard Error
=======================            ==========================
m               = 0.439336         +/- 0.01784      (4.061%)
b               = 107.465          +/- 32.18        (29.95%)

correlation matrix of the fit parameters:
                m      b      
m               1.000 
b              -0.881  1.000 


*******************************************************************************
Wed Aug 02 10:01:46 2017


FIT:    data read from "ee25gC.csv" using 3:7
        format = x:z
        x range restricted to [200.000 : 3000.00]
        #datapoints = 5
        residuals are weighted equally (unit weight)

function used for fitting: linfit(x)
	linfit(x)=m*x+b
fitted parameters initialized with current variable values

iter      chisq       delta/lim  lambda   m             b            
   0 3.4715377782e+03  0.00e+00 5.66e+02  4.393358e-01  1.074654e+02
   1 3.4715377782e+03 -5.24e-11 5.66e+02  4.393358e-01  1.074654e+02

After 1 iterations the fit converged.
final sum of squares of residuals : 3471.54
rel. change during last iteration : -5.23972e-016

degrees of freedom    (FIT_NDF)                        : 3
rms of residuals      (FIT_STDFIT) = sqrt(WSSR/ndf)    : 34.0173
variance of residuals (reduced chisquare) = WSSR/ndf   : 1157.18

Final set of parameters            Asymptotic Standard Error
=======================            ==========================
m               = 0.439336         +/- 0.01784      (4.061%)
b               = 107.465          +/- 32.18        (29.95%)

correlation matrix of the fit parameters:
                m      b      
m               1.000 
b              -0.881  1.000 


*******************************************************************************
Wed Aug 02 10:52:05 2017


FIT:    data read from "ee25gC.csv" using 3:7
        format = x:z
        x range restricted to [200.000 : 3000.00]
        #datapoints = 5
        residuals are weighted equally (unit weight)

function used for fitting: linfit(x)
	linfit(x)=m*x+b
fitted parameters initialized with current variable values

iter      chisq       delta/lim  lambda   m             b            
   0 3.4715377782e+03  0.00e+00 5.66e+02  4.393358e-01  1.074654e+02
   1 3.4715377782e+03  0.00e+00 5.66e+04  4.393358e-01  1.074654e+02

After 1 iterations the fit converged.
final sum of squares of residuals : 3471.54
rel. change during last iteration : 0

degrees of freedom    (FIT_NDF)                        : 3
rms of residuals      (FIT_STDFIT) = sqrt(WSSR/ndf)    : 34.0173
variance of residuals (reduced chisquare) = WSSR/ndf   : 1157.18

Final set of parameters            Asymptotic Standard Error
=======================            ==========================
m               = 0.439336         +/- 0.01784      (4.061%)
b               = 107.465          +/- 32.18        (29.95%)

correlation matrix of the fit parameters:
                m      b      
m               1.000 
b              -0.881  1.000 


*******************************************************************************
Wed Aug 02 11:04:01 2017


FIT:    data read from "ee25gC.csv" using 3:7
        format = x:z
        x range restricted to [200.000 : 3000.00]
        #datapoints = 5
        residuals are weighted equally (unit weight)

function used for fitting: linfit(x)
	linfit(x)=m*x+b
fitted parameters initialized with current variable values

iter      chisq       delta/lim  lambda   m             b            
   0 4.2258024866e+06  0.00e+00 1.28e+03  1.000000e+00  1.000000e+00
   7 3.4715377782e+03 -5.53e-07 1.28e-04  4.393358e-01  1.074654e+02

After 7 iterations the fit converged.
final sum of squares of residuals : 3471.54
rel. change during last iteration : -5.52542e-012

degrees of freedom    (FIT_NDF)                        : 3
rms of residuals      (FIT_STDFIT) = sqrt(WSSR/ndf)    : 34.0173
variance of residuals (reduced chisquare) = WSSR/ndf   : 1157.18

Final set of parameters            Asymptotic Standard Error
=======================            ==========================
m               = 0.439336         +/- 0.01784      (4.061%)
b               = 107.465          +/- 32.18        (29.95%)

correlation matrix of the fit parameters:
                m      b      
m               1.000 
b              -0.881  1.000 


*******************************************************************************
Wed Aug 02 11:05:50 2017


FIT:    data read from "ee25gC.csv" using 3:7
        format = x:z
        x range restricted to [200.000 : 3000.00]
        #datapoints = 5
        residuals are weighted equally (unit weight)

function used for fitting: linfit(x)
	linfit(x)=m*x+b
fitted parameters initialized with current variable values

iter      chisq       delta/lim  lambda   m             b            
   0 4.2258024866e+06  0.00e+00 1.28e+03  1.000000e+00  1.000000e+00
   7 3.4715377782e+03 -5.53e-07 1.28e-04  4.393358e-01  1.074654e+02

After 7 iterations the fit converged.
final sum of squares of residuals : 3471.54
rel. change during last iteration : -5.52542e-012

degrees of freedom    (FIT_NDF)                        : 3
rms of residuals      (FIT_STDFIT) = sqrt(WSSR/ndf)    : 34.0173
variance of residuals (reduced chisquare) = WSSR/ndf   : 1157.18

Final set of parameters            Asymptotic Standard Error
=======================            ==========================
m               = 0.439336         +/- 0.01784      (4.061%)
b               = 107.465          +/- 32.18        (29.95%)

correlation matrix of the fit parameters:
                m      b      
m               1.000 
b              -0.881  1.000 


*******************************************************************************
Wed Aug 02 18:59:33 2017


FIT:    data read from "ee-25gC.csv" using 3:7
        format = x:z
        x range restricted to [200.000 : 3000.00]
        #datapoints = 5
        residuals are weighted equally (unit weight)

function used for fitting: linfit(x)
	linfit(x)=m*x+b
fitted parameters initialized with current variable values

iter      chisq       delta/lim  lambda   m             b            
   0 6.3189794419e+06  0.00e+00 1.40e+03  1.000000e+00  1.000000e+00
   7 9.7065110610e+03 -5.26e-07 1.40e-04  3.918186e-01  9.711928e+01

After 7 iterations the fit converged.
final sum of squares of residuals : 9706.51
rel. change during last iteration : -5.26047e-012

degrees of freedom    (FIT_NDF)                        : 3
rms of residuals      (FIT_STDFIT) = sqrt(WSSR/ndf)    : 56.8815
variance of residuals (reduced chisquare) = WSSR/ndf   : 3235.5

Final set of parameters            Asymptotic Standard Error
=======================            ==========================
m               = 0.391819         +/- 0.0281       (7.172%)
b               = 97.1193          +/- 55.82        (57.47%)

correlation matrix of the fit parameters:
                m      b      
m               1.000 
b              -0.890  1.000 


*******************************************************************************
Wed Aug 02 19:00:35 2017


FIT:    data read from "ee-25gC.csv" using 3:7
        format = x:z
        x range restricted to [200.000 : 3000.00]
        #datapoints = 5
        residuals are weighted equally (unit weight)

function used for fitting: linfit(x)
	linfit(x)=m*x+b
fitted parameters initialized with current variable values

iter      chisq       delta/lim  lambda   m             b            
   0 9.7065110610e+03  0.00e+00 5.55e+02  3.918186e-01  9.711928e+01
   1 9.7065110610e+03  0.00e+00 5.55e+02  3.918186e-01  9.711928e+01

After 1 iterations the fit converged.
final sum of squares of residuals : 9706.51
rel. change during last iteration : 0

degrees of freedom    (FIT_NDF)                        : 3
rms of residuals      (FIT_STDFIT) = sqrt(WSSR/ndf)    : 56.8815
variance of residuals (reduced chisquare) = WSSR/ndf   : 3235.5

Final set of parameters            Asymptotic Standard Error
=======================            ==========================
m               = 0.391819         +/- 0.0281       (7.172%)
b               = 97.1193          +/- 55.82        (57.47%)

correlation matrix of the fit parameters:
                m      b      
m               1.000 
b              -0.890  1.000 


*******************************************************************************
Thu Aug 03 09:38:41 2017


FIT:    data read from "ee25gC.csv" using 3:7
        format = x:z
        x range restricted to [200.000 : 3000.00]
        #datapoints = 5
        residuals are weighted equally (unit weight)

function used for fitting: linfit(x)
	linfit(x)=m*x+b
fitted parameters initialized with current variable values

iter      chisq       delta/lim  lambda   m             b            
   0 4.2258024866e+06  0.00e+00 1.28e+03  1.000000e+00  1.000000e+00
   7 3.4715377782e+03 -5.53e-07 1.28e-04  4.393358e-01  1.074654e+02

After 7 iterations the fit converged.
final sum of squares of residuals : 3471.54
rel. change during last iteration : -5.52542e-012

degrees of freedom    (FIT_NDF)                        : 3
rms of residuals      (FIT_STDFIT) = sqrt(WSSR/ndf)    : 34.0173
variance of residuals (reduced chisquare) = WSSR/ndf   : 1157.18

Final set of parameters            Asymptotic Standard Error
=======================            ==========================
m               = 0.439336         +/- 0.01784      (4.061%)
b               = 107.465          +/- 32.18        (29.95%)

correlation matrix of the fit parameters:
                m      b      
m               1.000 
b              -0.881  1.000 


*******************************************************************************
Thu Aug 03 09:39:26 2017


FIT:    data read from "ee-25gC.csv" using 3:7
        format = x:z
        x range restricted to [200.000 : 3000.00]
        #datapoints = 5
        residuals are weighted equally (unit weight)

function used for fitting: linfit(x)
	linfit(x)=m*x+b
fitted parameters initialized with current variable values

iter      chisq       delta/lim  lambda   m             b            
   0 6.3189794419e+06  0.00e+00 1.40e+03  1.000000e+00  1.000000e+00
   7 9.7065110610e+03 -5.26e-07 1.40e-04  3.918186e-01  9.711928e+01

After 7 iterations the fit converged.
final sum of squares of residuals : 9706.51
rel. change during last iteration : -5.26216e-012

degrees of freedom    (FIT_NDF)                        : 3
rms of residuals      (FIT_STDFIT) = sqrt(WSSR/ndf)    : 56.8815
variance of residuals (reduced chisquare) = WSSR/ndf   : 3235.5

Final set of parameters            Asymptotic Standard Error
=======================            ==========================
m               = 0.391819         +/- 0.0281       (7.172%)
b               = 97.1193          +/- 55.82        (57.47%)

correlation matrix of the fit parameters:
                m      b      
m               1.000 
b              -0.890  1.000 
