

*******************************************************************************
Mon Jul 24 15:30:31 2017


FIT:    data read from "1x1n2_countrate_20gC_der3.txt" using 1:(log(((-1*$3)/amplitude1)))
        format = x:z
        x range restricted to [40.0000 : 680.000]
        #datapoints = 65
        residuals are weighted equally (unit weight)

function used for fitting: f1(x)
	f1(x)=m1*x+b1
fitted parameters initialized with current variable values

iter      chisq       delta/lim  lambda   m1            b1           
   0 1.0973651313e+07  0.00e+00 2.87e+02  1.000000e+00  1.000000e+00
   5 3.8939594388e+01 -2.31e-01 2.87e-03 -9.558782e-03 -1.800818e-01

After 5 iterations the fit converged.
final sum of squares of residuals : 38.9396
rel. change during last iteration : -2.30953e-006

degrees of freedom    (FIT_NDF)                        : 63
rms of residuals      (FIT_STDFIT) = sqrt(WSSR/ndf)    : 0.786186
variance of residuals (reduced chisquare) = WSSR/ndf   : 0.618089

Final set of parameters            Asymptotic Standard Error
=======================            ==========================
m1              = -0.00955878      +/- 0.0005198    (5.437%)
b1              = -0.180082        +/- 0.211        (117.2%)

correlation matrix of the fit parameters:
                m1     b1     
m1              1.000 
b1             -0.887  1.000 


*******************************************************************************
Mon Jul 24 15:30:55 2017


FIT:    data read from "1x1n2_countrate_20gC_der3.txt" using 1:(log(((-1*$3)/amplitude1)))
        format = x:z
        x range restricted to [40.0000 : 680.000]
        #datapoints = 65
        residuals are weighted equally (unit weight)

function used for fitting: f1(x)
	f1(x)=m1*x+b1
fitted parameters initialized with current variable values

iter      chisq       delta/lim  lambda   m1            b1           
   0 1.0973651313e+07  0.00e+00 2.87e+02  1.000000e+00  1.000000e+00
   5 3.8939594388e+01 -2.31e-01 2.87e-03 -9.558782e-03 -1.800818e-01

After 5 iterations the fit converged.
final sum of squares of residuals : 38.9396
rel. change during last iteration : -2.30953e-006

degrees of freedom    (FIT_NDF)                        : 63
rms of residuals      (FIT_STDFIT) = sqrt(WSSR/ndf)    : 0.786186
variance of residuals (reduced chisquare) = WSSR/ndf   : 0.618089

Final set of parameters            Asymptotic Standard Error
=======================            ==========================
m1              = -0.00955878      +/- 0.0005198    (5.437%)
b1              = -0.180082        +/- 0.211        (117.2%)

correlation matrix of the fit parameters:
                m1     b1     
m1              1.000 
b1             -0.887  1.000 


*******************************************************************************
Mon Jul 24 15:31:05 2017


FIT:    data read from "1x1n2_countrate_20gC_der3.txt" using 1:(log(((-1*$3)/amplitude1)))
        format = x:z
        x range restricted to [40.0000 : 680.000]
        #datapoints = 65
        residuals are weighted equally (unit weight)

function used for fitting: f1(x)
	f1(x)=m1*x+b1
fitted parameters initialized with current variable values

iter      chisq       delta/lim  lambda   m1            b1           
   0 1.0973651313e+07  0.00e+00 2.87e+02  1.000000e+00  1.000000e+00
   5 3.8939594388e+01 -2.31e-01 2.87e-03 -9.558782e-03 -1.800818e-01

After 5 iterations the fit converged.
final sum of squares of residuals : 38.9396
rel. change during last iteration : -2.30953e-006

degrees of freedom    (FIT_NDF)                        : 63
rms of residuals      (FIT_STDFIT) = sqrt(WSSR/ndf)    : 0.786186
variance of residuals (reduced chisquare) = WSSR/ndf   : 0.618089

Final set of parameters            Asymptotic Standard Error
=======================            ==========================
m1              = -0.00955878      +/- 0.0005198    (5.437%)
b1              = -0.180082        +/- 0.211        (117.2%)

correlation matrix of the fit parameters:
                m1     b1     
m1              1.000 
b1             -0.887  1.000 


*******************************************************************************
Mon Jul 24 15:31:58 2017


FIT:    data read from "1x1n2_countrate_20gC_der3.txt" using 1:(log(((-1*$3)/amplitude1)))
        format = x:z
        x range restricted to [40.0000 : 680.000]
        #datapoints = 65
        residuals are weighted equally (unit weight)

function used for fitting: f1(x)
	f1(x)=m1*x+b1
fitted parameters initialized with current variable values

iter      chisq       delta/lim  lambda   m1            b1           
   0 1.0973651313e+07  0.00e+00 2.87e+02  1.000000e+00  1.000000e+00
   5 3.8939594388e+01 -2.31e-01 2.87e-03 -9.558782e-03 -1.800818e-01

After 5 iterations the fit converged.
final sum of squares of residuals : 38.9396
rel. change during last iteration : -2.30953e-006

degrees of freedom    (FIT_NDF)                        : 63
rms of residuals      (FIT_STDFIT) = sqrt(WSSR/ndf)    : 0.786186
variance of residuals (reduced chisquare) = WSSR/ndf   : 0.618089

Final set of parameters            Asymptotic Standard Error
=======================            ==========================
m1              = -0.00955878      +/- 0.0005198    (5.437%)
b1              = -0.180082        +/- 0.211        (117.2%)

correlation matrix of the fit parameters:
                m1     b1     
m1              1.000 
b1             -0.887  1.000 


*******************************************************************************
Mon Jul 24 15:31:58 2017


FIT:    data read from "4x1n6p_countrate_20gC_der3.txt" using 1:(log(((-1*$3)/amplitude2)))
        format = x:z
        x range restricted to [40.0000 : 680.000]
        #datapoints = 34
        residuals are weighted equally (unit weight)

function used for fitting: f2(x)
	f2(x)=m2*x+b2
fitted parameters initialized with current variable values

iter      chisq       delta/lim  lambda   m2            b2           
   0 1.7955176102e+06  0.00e+00 1.61e+02  1.000000e+00  1.000000e+00
   5 5.6557545833e-01 -6.07e-02 1.61e-03 -1.033903e-02  7.930212e-01

After 5 iterations the fit converged.
final sum of squares of residuals : 0.565575
rel. change during last iteration : -6.07274e-007

degrees of freedom    (FIT_NDF)                        : 32
rms of residuals      (FIT_STDFIT) = sqrt(WSSR/ndf)    : 0.132944
variance of residuals (reduced chisquare) = WSSR/ndf   : 0.0176742

Final set of parameters            Asymptotic Standard Error
=======================            ==========================
m2              = -0.010339        +/- 0.0002324    (2.248%)
b2              = 0.793021         +/- 0.05282      (6.66%)

correlation matrix of the fit parameters:
                m2     b2     
m2              1.000 
b2             -0.902  1.000 


*******************************************************************************
Mon Jul 24 15:31:59 2017


FIT:    data read from "4x1n6h_countrate_20gC_der3.txt" using 1:(log(((-1*$3)/amplitude3)))
        format = x:z
        x range restricted to [40.0000 : 680.000]
        #datapoints = 42
        residuals are weighted equally (unit weight)

function used for fitting: f3(x)
	f3(x)=m3*x+b3
fitted parameters initialized with current variable values

iter      chisq       delta/lim  lambda   m3            b3           
   0 3.8777112926e+06  0.00e+00 2.11e+02  1.000000e+00  1.000000e+00
   5 1.0241406083e+01 -6.22e-02 2.11e-03 -1.866801e-02  1.619100e+00

After 5 iterations the fit converged.
final sum of squares of residuals : 10.2414
rel. change during last iteration : -6.21642e-007

degrees of freedom    (FIT_NDF)                        : 40
rms of residuals      (FIT_STDFIT) = sqrt(WSSR/ndf)    : 0.505999
variance of residuals (reduced chisquare) = WSSR/ndf   : 0.256035

Final set of parameters            Asymptotic Standard Error
=======================            ==========================
m3              = -0.018668        +/- 0.0005257    (2.816%)
b3              = 1.6191           +/- 0.1571       (9.702%)

correlation matrix of the fit parameters:
                m3     b3     
m3              1.000 
b3             -0.868  1.000 


*******************************************************************************
Mon Jul 24 15:32:25 2017


FIT:    data read from "1x1n2_countrate_20gC_der3.txt" using 1:(log(((-1*$3)/amplitude1)))
        format = x:z
        x range restricted to [40.0000 : 680.000]
        #datapoints = 65
        residuals are weighted equally (unit weight)

function used for fitting: f1(x)
	f1(x)=m1*x+b1
fitted parameters initialized with current variable values

iter      chisq       delta/lim  lambda   m1            b1           
   0 1.0973651313e+07  0.00e+00 2.87e+02  1.000000e+00  1.000000e+00
   5 3.8939594388e+01 -2.31e-01 2.87e-03 -9.558782e-03 -1.800818e-01

After 5 iterations the fit converged.
final sum of squares of residuals : 38.9396
rel. change during last iteration : -2.30953e-006

degrees of freedom    (FIT_NDF)                        : 63
rms of residuals      (FIT_STDFIT) = sqrt(WSSR/ndf)    : 0.786186
variance of residuals (reduced chisquare) = WSSR/ndf   : 0.618089

Final set of parameters            Asymptotic Standard Error
=======================            ==========================
m1              = -0.00955878      +/- 0.0005198    (5.437%)
b1              = -0.180082        +/- 0.211        (117.2%)

correlation matrix of the fit parameters:
                m1     b1     
m1              1.000 
b1             -0.887  1.000 


*******************************************************************************
Mon Jul 24 15:32:25 2017


FIT:    data read from "4x1n6p_countrate_20gC_der3.txt" using 1:(log(((-1*$3)/amplitude2)))
        format = x:z
        x range restricted to [40.0000 : 680.000]
        #datapoints = 34
        residuals are weighted equally (unit weight)

function used for fitting: f2(x)
	f2(x)=m2*x+b2
fitted parameters initialized with current variable values

iter      chisq       delta/lim  lambda   m2            b2           
   0 1.7955176102e+06  0.00e+00 1.61e+02  1.000000e+00  1.000000e+00
   5 5.6557545833e-01 -6.07e-02 1.61e-03 -1.033903e-02  7.930212e-01

After 5 iterations the fit converged.
final sum of squares of residuals : 0.565575
rel. change during last iteration : -6.07274e-007

degrees of freedom    (FIT_NDF)                        : 32
rms of residuals      (FIT_STDFIT) = sqrt(WSSR/ndf)    : 0.132944
variance of residuals (reduced chisquare) = WSSR/ndf   : 0.0176742

Final set of parameters            Asymptotic Standard Error
=======================            ==========================
m2              = -0.010339        +/- 0.0002324    (2.248%)
b2              = 0.793021         +/- 0.05282      (6.66%)

correlation matrix of the fit parameters:
                m2     b2     
m2              1.000 
b2             -0.902  1.000 


*******************************************************************************
Mon Jul 24 15:32:25 2017


FIT:    data read from "4x1n6h_countrate_20gC_der3.txt" using 1:(log(((-1*$3)/amplitude3)))
        format = x:z
        x range restricted to [40.0000 : 680.000]
        #datapoints = 42
        residuals are weighted equally (unit weight)

function used for fitting: f3(x)
	f3(x)=m3*x+b3
fitted parameters initialized with current variable values

iter      chisq       delta/lim  lambda   m3            b3           
   0 3.8777112926e+06  0.00e+00 2.11e+02  1.000000e+00  1.000000e+00
   5 1.0241406083e+01 -6.22e-02 2.11e-03 -1.866801e-02  1.619100e+00

After 5 iterations the fit converged.
final sum of squares of residuals : 10.2414
rel. change during last iteration : -6.21642e-007

degrees of freedom    (FIT_NDF)                        : 40
rms of residuals      (FIT_STDFIT) = sqrt(WSSR/ndf)    : 0.505999
variance of residuals (reduced chisquare) = WSSR/ndf   : 0.256035

Final set of parameters            Asymptotic Standard Error
=======================            ==========================
m3              = -0.018668        +/- 0.0005257    (2.816%)
b3              = 1.6191           +/- 0.1571       (9.702%)

correlation matrix of the fit parameters:
                m3     b3     
m3              1.000 
b3             -0.868  1.000 


*******************************************************************************
Mon Jul 24 15:33:08 2017


FIT:    data read from "1x1n2_countrate_20gC_der3.txt" using 1:(log(((-1*$3)/amplitude1)))
        format = x:z
        x range restricted to [40.0000 : 680.000]
        #datapoints = 65
        residuals are weighted equally (unit weight)

function used for fitting: f1(x)
	f1(x)=m1*x+b1
fitted parameters initialized with current variable values

iter      chisq       delta/lim  lambda   m1            b1           
   0 1.0973651313e+07  0.00e+00 2.87e+02  1.000000e+00  1.000000e+00
   5 3.8939594388e+01 -2.31e-01 2.87e-03 -9.558782e-03 -1.800818e-01

After 5 iterations the fit converged.
final sum of squares of residuals : 38.9396
rel. change during last iteration : -2.30953e-006

degrees of freedom    (FIT_NDF)                        : 63
rms of residuals      (FIT_STDFIT) = sqrt(WSSR/ndf)    : 0.786186
variance of residuals (reduced chisquare) = WSSR/ndf   : 0.618089

Final set of parameters            Asymptotic Standard Error
=======================            ==========================
m1              = -0.00955878      +/- 0.0005198    (5.437%)
b1              = -0.180082        +/- 0.211        (117.2%)

correlation matrix of the fit parameters:
                m1     b1     
m1              1.000 
b1             -0.887  1.000 


*******************************************************************************
Mon Jul 24 15:33:08 2017


FIT:    data read from "4x1n6p_countrate_20gC_der3.txt" using 1:(log(((-1*$3)/amplitude2)))
        format = x:z
        x range restricted to [40.0000 : 680.000]
        #datapoints = 34
        residuals are weighted equally (unit weight)

function used for fitting: f2(x)
	f2(x)=m2*x+b2
fitted parameters initialized with current variable values

iter      chisq       delta/lim  lambda   m2            b2           
   0 1.7955176102e+06  0.00e+00 1.61e+02  1.000000e+00  1.000000e+00
   5 5.6557545833e-01 -6.07e-02 1.61e-03 -1.033903e-02  7.930212e-01

After 5 iterations the fit converged.
final sum of squares of residuals : 0.565575
rel. change during last iteration : -6.07274e-007

degrees of freedom    (FIT_NDF)                        : 32
rms of residuals      (FIT_STDFIT) = sqrt(WSSR/ndf)    : 0.132944
variance of residuals (reduced chisquare) = WSSR/ndf   : 0.0176742

Final set of parameters            Asymptotic Standard Error
=======================            ==========================
m2              = -0.010339        +/- 0.0002324    (2.248%)
b2              = 0.793021         +/- 0.05282      (6.66%)

correlation matrix of the fit parameters:
                m2     b2     
m2              1.000 
b2             -0.902  1.000 


*******************************************************************************
Mon Jul 24 15:33:08 2017


FIT:    data read from "4x1n6h_countrate_20gC_der3.txt" using 1:(log(((-1*$3)/amplitude3)))
        format = x:z
        x range restricted to [40.0000 : 680.000]
        #datapoints = 42
        residuals are weighted equally (unit weight)

function used for fitting: f3(x)
	f3(x)=m3*x+b3
fitted parameters initialized with current variable values

iter      chisq       delta/lim  lambda   m3            b3           
   0 3.8777112926e+06  0.00e+00 2.11e+02  1.000000e+00  1.000000e+00
   5 1.0241406083e+01 -6.22e-02 2.11e-03 -1.866801e-02  1.619100e+00

After 5 iterations the fit converged.
final sum of squares of residuals : 10.2414
rel. change during last iteration : -6.21642e-007

degrees of freedom    (FIT_NDF)                        : 40
rms of residuals      (FIT_STDFIT) = sqrt(WSSR/ndf)    : 0.505999
variance of residuals (reduced chisquare) = WSSR/ndf   : 0.256035

Final set of parameters            Asymptotic Standard Error
=======================            ==========================
m3              = -0.018668        +/- 0.0005257    (2.816%)
b3              = 1.6191           +/- 0.1571       (9.702%)

correlation matrix of the fit parameters:
                m3     b3     
m3              1.000 
b3             -0.868  1.000 


*******************************************************************************
Mon Jul 24 15:34:32 2017


FIT:    data read from "1x1n2_countrate_20gC_der3.txt" using 1:(log(((-1*$3)/amplitude1)))
        format = x:z
        x range restricted to [40.0000 : 680.000]
        #datapoints = 65
        residuals are weighted equally (unit weight)

function used for fitting: f1(x)
	f1(x)=m1*x+b1
fitted parameters initialized with current variable values

iter      chisq       delta/lim  lambda   m1            b1           
   0 1.0973651313e+07  0.00e+00 2.87e+02  1.000000e+00  1.000000e+00
   5 3.8939594388e+01 -2.31e-01 2.87e-03 -9.558782e-03 -1.800818e-01

After 5 iterations the fit converged.
final sum of squares of residuals : 38.9396
rel. change during last iteration : -2.30953e-006

degrees of freedom    (FIT_NDF)                        : 63
rms of residuals      (FIT_STDFIT) = sqrt(WSSR/ndf)    : 0.786186
variance of residuals (reduced chisquare) = WSSR/ndf   : 0.618089

Final set of parameters            Asymptotic Standard Error
=======================            ==========================
m1              = -0.00955878      +/- 0.0005198    (5.437%)
b1              = -0.180082        +/- 0.211        (117.2%)

correlation matrix of the fit parameters:
                m1     b1     
m1              1.000 
b1             -0.887  1.000 


*******************************************************************************
Mon Jul 24 15:34:32 2017


FIT:    data read from "4x1n6p_countrate_20gC_der3.txt" using 1:(log(((-1*$3)/amplitude2)))
        format = x:z
        x range restricted to [40.0000 : 680.000]
        #datapoints = 34
        residuals are weighted equally (unit weight)

function used for fitting: f2(x)
	f2(x)=m2*x+b2
fitted parameters initialized with current variable values

iter      chisq       delta/lim  lambda   m2            b2           
   0 1.7955176102e+06  0.00e+00 1.61e+02  1.000000e+00  1.000000e+00
   5 5.6557545833e-01 -6.07e-02 1.61e-03 -1.033903e-02  7.930212e-01

After 5 iterations the fit converged.
final sum of squares of residuals : 0.565575
rel. change during last iteration : -6.07274e-007

degrees of freedom    (FIT_NDF)                        : 32
rms of residuals      (FIT_STDFIT) = sqrt(WSSR/ndf)    : 0.132944
variance of residuals (reduced chisquare) = WSSR/ndf   : 0.0176742

Final set of parameters            Asymptotic Standard Error
=======================            ==========================
m2              = -0.010339        +/- 0.0002324    (2.248%)
b2              = 0.793021         +/- 0.05282      (6.66%)

correlation matrix of the fit parameters:
                m2     b2     
m2              1.000 
b2             -0.902  1.000 


*******************************************************************************
Mon Jul 24 15:34:32 2017


FIT:    data read from "4x1n6h_countrate_20gC_der3.txt" using 1:(log(((-1*$3)/amplitude3)))
        format = x:z
        x range restricted to [40.0000 : 680.000]
        #datapoints = 42
        residuals are weighted equally (unit weight)

function used for fitting: f3(x)
	f3(x)=m3*x+b3
fitted parameters initialized with current variable values

iter      chisq       delta/lim  lambda   m3            b3           
   0 3.8777112926e+06  0.00e+00 2.11e+02  1.000000e+00  1.000000e+00
   5 1.0241406083e+01 -6.22e-02 2.11e-03 -1.866801e-02  1.619100e+00

After 5 iterations the fit converged.
final sum of squares of residuals : 10.2414
rel. change during last iteration : -6.21642e-007

degrees of freedom    (FIT_NDF)                        : 40
rms of residuals      (FIT_STDFIT) = sqrt(WSSR/ndf)    : 0.505999
variance of residuals (reduced chisquare) = WSSR/ndf   : 0.256035

Final set of parameters            Asymptotic Standard Error
=======================            ==========================
m3              = -0.018668        +/- 0.0005257    (2.816%)
b3              = 1.6191           +/- 0.1571       (9.702%)

correlation matrix of the fit parameters:
                m3     b3     
m3              1.000 
b3             -0.868  1.000 


*******************************************************************************
Mon Jul 24 15:41:15 2017


FIT:    data read from "1x1n2_countrate_20gC_der3.txt" using 1:(log(((-1*$3)/amplitude1)))
        format = x:z
        x range restricted to [40.0000 : 680.000]
        #datapoints = 65
        residuals are weighted equally (unit weight)

function used for fitting: f1(x) [100:350]
	f1(x)=m1*x+b1
fitted parameters initialized with current variable values



*******************************************************************************
Mon Jul 24 15:41:39 2017


FIT:    data read from "1x1n2_countrate_20gC_der3.txt" using 1:(log(((-1*$3)/amplitude1)))
        format = x:z
        x range restricted to [100.000 : 350.000]
        #datapoints = 26
        residuals are weighted equally (unit weight)

function used for fitting: f1(x)
	f1(x)=m1*x+b1
fitted parameters initialized with current variable values

iter      chisq       delta/lim  lambda   m1            b1           
   0 1.5094202254e+06  0.00e+00 1.68e+02  1.000000e+00  1.000000e+00
   5 2.6663173723e+01 -1.25e-03 1.68e-03 -1.614956e-02  1.061016e+00

After 5 iterations the fit converged.
final sum of squares of residuals : 26.6632
rel. change during last iteration : -1.25374e-008

degrees of freedom    (FIT_NDF)                        : 24
rms of residuals      (FIT_STDFIT) = sqrt(WSSR/ndf)    : 1.05402
variance of residuals (reduced chisquare) = WSSR/ndf   : 1.11097

Final set of parameters            Asymptotic Standard Error
=======================            ==========================
m1              = -0.0161496       +/- 0.002756     (17.07%)
b1              = 1.06102          +/- 0.6537       (61.61%)

correlation matrix of the fit parameters:
                m1     b1     
m1              1.000 
b1             -0.949  1.000 


*******************************************************************************
Mon Jul 24 15:41:39 2017


FIT:    data read from "4x1n6p_countrate_20gC_der3.txt" using 1:(log(((-1*$3)/amplitude2)))
        format = x:z
        x range restricted to [100.000 : 350.000]
        #datapoints = 26
        residuals are weighted equally (unit weight)

function used for fitting: f2(x)
	f2(x)=m2*x+b2
fitted parameters initialized with current variable values

iter      chisq       delta/lim  lambda   m2            b2           
   0 1.4951447239e+06  0.00e+00 1.68e+02  1.000000e+00  1.000000e+00
   5 8.3169692763e-02 -1.40e-02 1.68e-03 -1.113144e-02  1.008117e+00

After 5 iterations the fit converged.
final sum of squares of residuals : 0.0831697
rel. change during last iteration : -1.40355e-007

degrees of freedom    (FIT_NDF)                        : 24
rms of residuals      (FIT_STDFIT) = sqrt(WSSR/ndf)    : 0.0588677
variance of residuals (reduced chisquare) = WSSR/ndf   : 0.0034654

Final set of parameters            Asymptotic Standard Error
=======================            ==========================
m2              = -0.0111314       +/- 0.0001539    (1.383%)
b2              = 1.00812          +/- 0.03651      (3.621%)

correlation matrix of the fit parameters:
                m2     b2     
m2              1.000 
b2             -0.949  1.000 


*******************************************************************************
Mon Jul 24 15:41:39 2017


FIT:    data read from "4x1n6h_countrate_20gC_der3.txt" using 1:(log(((-1*$3)/amplitude3)))
        format = x:z
        x range restricted to [100.000 : 350.000]
        #datapoints = 26
        residuals are weighted equally (unit weight)

function used for fitting: f3(x)
	f3(x)=m3*x+b3
fitted parameters initialized with current variable values

iter      chisq       delta/lim  lambda   m3            b3           
   0 1.5094028599e+06  0.00e+00 1.68e+02  1.000000e+00  1.000000e+00
   6 7.7782716478e+00 -1.52e-08 1.68e-04 -2.041660e-02  2.127927e+00

After 6 iterations the fit converged.
final sum of squares of residuals : 7.77827
rel. change during last iteration : -1.51755e-013

degrees of freedom    (FIT_NDF)                        : 24
rms of residuals      (FIT_STDFIT) = sqrt(WSSR/ndf)    : 0.569293
variance of residuals (reduced chisquare) = WSSR/ndf   : 0.324095

Final set of parameters            Asymptotic Standard Error
=======================            ==========================
m3              = -0.0204166       +/- 0.001489     (7.291%)
b3              = 2.12793          +/- 0.3531       (16.59%)

correlation matrix of the fit parameters:
                m3     b3     
m3              1.000 
b3             -0.949  1.000 


*******************************************************************************
Mon Jul 24 15:41:46 2017


FIT:    data read from "1x1n2_countrate_20gC_der3.txt" using 1:(log(((-1*$3)/amplitude1)))
        format = x:z
        x range restricted to [100.000 : 350.000]
        #datapoints = 26
        residuals are weighted equally (unit weight)

function used for fitting: f1(x)
	f1(x)=m1*x+b1
fitted parameters initialized with current variable values

iter      chisq       delta/lim  lambda   m1            b1           
   0 1.5094202254e+06  0.00e+00 1.68e+02  1.000000e+00  1.000000e+00
   5 2.6663173723e+01 -1.25e-03 1.68e-03 -1.614956e-02  1.061016e+00

After 5 iterations the fit converged.
final sum of squares of residuals : 26.6632
rel. change during last iteration : -1.25374e-008

degrees of freedom    (FIT_NDF)                        : 24
rms of residuals      (FIT_STDFIT) = sqrt(WSSR/ndf)    : 1.05402
variance of residuals (reduced chisquare) = WSSR/ndf   : 1.11097

Final set of parameters            Asymptotic Standard Error
=======================            ==========================
m1              = -0.0161496       +/- 0.002756     (17.07%)
b1              = 1.06102          +/- 0.6537       (61.61%)

correlation matrix of the fit parameters:
                m1     b1     
m1              1.000 
b1             -0.949  1.000 


*******************************************************************************
Mon Jul 24 15:41:46 2017


FIT:    data read from "4x1n6p_countrate_20gC_der3.txt" using 1:(log(((-1*$3)/amplitude2)))
        format = x:z
        x range restricted to [100.000 : 350.000]
        #datapoints = 26
        residuals are weighted equally (unit weight)

function used for fitting: f2(x)
	f2(x)=m2*x+b2
fitted parameters initialized with current variable values

iter      chisq       delta/lim  lambda   m2            b2           
   0 1.4951447239e+06  0.00e+00 1.68e+02  1.000000e+00  1.000000e+00
   5 8.3169692763e-02 -1.40e-02 1.68e-03 -1.113144e-02  1.008117e+00

After 5 iterations the fit converged.
final sum of squares of residuals : 0.0831697
rel. change during last iteration : -1.40355e-007

degrees of freedom    (FIT_NDF)                        : 24
rms of residuals      (FIT_STDFIT) = sqrt(WSSR/ndf)    : 0.0588677
variance of residuals (reduced chisquare) = WSSR/ndf   : 0.0034654

Final set of parameters            Asymptotic Standard Error
=======================            ==========================
m2              = -0.0111314       +/- 0.0001539    (1.383%)
b2              = 1.00812          +/- 0.03651      (3.621%)

correlation matrix of the fit parameters:
                m2     b2     
m2              1.000 
b2             -0.949  1.000 


*******************************************************************************
Mon Jul 24 15:41:46 2017


FIT:    data read from "4x1n6h_countrate_20gC_der3.txt" using 1:(log(((-1*$3)/amplitude3)))
        format = x:z
        x range restricted to [100.000 : 350.000]
        #datapoints = 26
        residuals are weighted equally (unit weight)

function used for fitting: f3(x)
	f3(x)=m3*x+b3
fitted parameters initialized with current variable values

iter      chisq       delta/lim  lambda   m3            b3           
   0 1.5094028599e+06  0.00e+00 1.68e+02  1.000000e+00  1.000000e+00
   6 7.7782716478e+00 -1.52e-08 1.68e-04 -2.041660e-02  2.127927e+00

After 6 iterations the fit converged.
final sum of squares of residuals : 7.77827
rel. change during last iteration : -1.51755e-013

degrees of freedom    (FIT_NDF)                        : 24
rms of residuals      (FIT_STDFIT) = sqrt(WSSR/ndf)    : 0.569293
variance of residuals (reduced chisquare) = WSSR/ndf   : 0.324095

Final set of parameters            Asymptotic Standard Error
=======================            ==========================
m3              = -0.0204166       +/- 0.001489     (7.291%)
b3              = 2.12793          +/- 0.3531       (16.59%)

correlation matrix of the fit parameters:
                m3     b3     
m3              1.000 
b3             -0.949  1.000 


*******************************************************************************
Mon Jul 24 15:45:25 2017


FIT:    data read from "1x1n2_countrate_20gC_der3.txt" using 1:(log(((-1*$3)/amplitude1)))
        format = x:z
        x range restricted to [100.000 : 350.000]
        #datapoints = 26
        residuals are weighted equally (unit weight)

function used for fitting: f1(x)
	f1(x)=m1*x+b1
fitted parameters initialized with current variable values

iter      chisq       delta/lim  lambda   m1            b1           
   0 1.5094202254e+06  0.00e+00 1.68e+02  1.000000e+00  1.000000e+00
   5 2.6663173723e+01 -1.25e-03 1.68e-03 -1.614956e-02  1.061016e+00

After 5 iterations the fit converged.
final sum of squares of residuals : 26.6632
rel. change during last iteration : -1.25374e-008

degrees of freedom    (FIT_NDF)                        : 24
rms of residuals      (FIT_STDFIT) = sqrt(WSSR/ndf)    : 1.05402
variance of residuals (reduced chisquare) = WSSR/ndf   : 1.11097

Final set of parameters            Asymptotic Standard Error
=======================            ==========================
m1              = -0.0161496       +/- 0.002756     (17.07%)
b1              = 1.06102          +/- 0.6537       (61.61%)

correlation matrix of the fit parameters:
                m1     b1     
m1              1.000 
b1             -0.949  1.000 


*******************************************************************************
Mon Jul 24 15:45:25 2017


FIT:    data read from "4x1n6p_countrate_20gC_der3.txt" using 1:(log(((-1*$3)/amplitude2)))
        format = x:z
        x range restricted to [100.000 : 350.000]
        #datapoints = 26
        residuals are weighted equally (unit weight)

function used for fitting: f2(x)
	f2(x)=m2*x+b2
fitted parameters initialized with current variable values

iter      chisq       delta/lim  lambda   m2            b2           
   0 1.4951447239e+06  0.00e+00 1.68e+02  1.000000e+00  1.000000e+00
   5 8.3169692763e-02 -1.40e-02 1.68e-03 -1.113144e-02  1.008117e+00

After 5 iterations the fit converged.
final sum of squares of residuals : 0.0831697
rel. change during last iteration : -1.40355e-007

degrees of freedom    (FIT_NDF)                        : 24
rms of residuals      (FIT_STDFIT) = sqrt(WSSR/ndf)    : 0.0588677
variance of residuals (reduced chisquare) = WSSR/ndf   : 0.0034654

Final set of parameters            Asymptotic Standard Error
=======================            ==========================
m2              = -0.0111314       +/- 0.0001539    (1.383%)
b2              = 1.00812          +/- 0.03651      (3.621%)

correlation matrix of the fit parameters:
                m2     b2     
m2              1.000 
b2             -0.949  1.000 


*******************************************************************************
Mon Jul 24 15:45:25 2017


FIT:    data read from "4x1n6h_countrate_20gC_der3.txt" using 1:(log(((-1*$3)/amplitude3)))
        format = x:z
        x range restricted to [100.000 : 350.000]
        #datapoints = 26
        residuals are weighted equally (unit weight)

function used for fitting: f3(x)
	f3(x)=m3*x+b3
fitted parameters initialized with current variable values

iter      chisq       delta/lim  lambda   m3            b3           
   0 1.5094028599e+06  0.00e+00 1.68e+02  1.000000e+00  1.000000e+00
   6 7.7782716478e+00 -1.52e-08 1.68e-04 -2.041660e-02  2.127927e+00

After 6 iterations the fit converged.
final sum of squares of residuals : 7.77827
rel. change during last iteration : -1.51755e-013

degrees of freedom    (FIT_NDF)                        : 24
rms of residuals      (FIT_STDFIT) = sqrt(WSSR/ndf)    : 0.569293
variance of residuals (reduced chisquare) = WSSR/ndf   : 0.324095

Final set of parameters            Asymptotic Standard Error
=======================            ==========================
m3              = -0.0204166       +/- 0.001489     (7.291%)
b3              = 2.12793          +/- 0.3531       (16.59%)

correlation matrix of the fit parameters:
                m3     b3     
m3              1.000 
b3             -0.949  1.000 


*******************************************************************************
Mon Jul 24 16:16:49 2017


FIT:    data read from "1x1n2_countrate_20gC_der3.txt" using 1:(log(((-1*$3)/amplitude1)))
        format = x:z
        x range restricted to [100.000 : 350.000]
        #datapoints = 26
        residuals are weighted equally (unit weight)

function used for fitting: f1(x)
	f1(x)=m1*x+b1
fitted parameters initialized with current variable values

iter      chisq       delta/lim  lambda   m1            b1           
   0 1.5094202254e+06  0.00e+00 1.68e+02  1.000000e+00  1.000000e+00
   5 2.6663173723e+01 -1.25e-03 1.68e-03 -1.614956e-02  1.061016e+00

After 5 iterations the fit converged.
final sum of squares of residuals : 26.6632
rel. change during last iteration : -1.25374e-008

degrees of freedom    (FIT_NDF)                        : 24
rms of residuals      (FIT_STDFIT) = sqrt(WSSR/ndf)    : 1.05402
variance of residuals (reduced chisquare) = WSSR/ndf   : 1.11097

Final set of parameters            Asymptotic Standard Error
=======================            ==========================
m1              = -0.0161496       +/- 0.002756     (17.07%)
b1              = 1.06102          +/- 0.6537       (61.61%)

correlation matrix of the fit parameters:
                m1     b1     
m1              1.000 
b1             -0.949  1.000 


*******************************************************************************
Mon Jul 24 16:16:49 2017


FIT:    data read from "4x1n6p_countrate_20gC_der3.txt" using 1:(log(((-1*$3)/amplitude2)))
        format = x:z
        x range restricted to [100.000 : 350.000]
        #datapoints = 26
        residuals are weighted equally (unit weight)

function used for fitting: f2(x)
	f2(x)=m2*x+b2
fitted parameters initialized with current variable values

iter      chisq       delta/lim  lambda   m2            b2           
   0 1.4951447239e+06  0.00e+00 1.68e+02  1.000000e+00  1.000000e+00
   5 8.3169692763e-02 -1.40e-02 1.68e-03 -1.113144e-02  1.008117e+00

After 5 iterations the fit converged.
final sum of squares of residuals : 0.0831697
rel. change during last iteration : -1.40355e-007

degrees of freedom    (FIT_NDF)                        : 24
rms of residuals      (FIT_STDFIT) = sqrt(WSSR/ndf)    : 0.0588677
variance of residuals (reduced chisquare) = WSSR/ndf   : 0.0034654

Final set of parameters            Asymptotic Standard Error
=======================            ==========================
m2              = -0.0111314       +/- 0.0001539    (1.383%)
b2              = 1.00812          +/- 0.03651      (3.621%)

correlation matrix of the fit parameters:
                m2     b2     
m2              1.000 
b2             -0.949  1.000 


*******************************************************************************
Mon Jul 24 16:16:49 2017


FIT:    data read from "4x1n6h_countrate_20gC_der3.txt" using 1:(log(((-1*$3)/amplitude3)))
        format = x:z
        x range restricted to [100.000 : 350.000]
        #datapoints = 26
        residuals are weighted equally (unit weight)

function used for fitting: f3(x)
	f3(x)=m3*x+b3
fitted parameters initialized with current variable values

iter      chisq       delta/lim  lambda   m3            b3           
   0 1.5094028599e+06  0.00e+00 1.68e+02  1.000000e+00  1.000000e+00
   6 7.7782716478e+00 -1.52e-08 1.68e-04 -2.041660e-02  2.127927e+00

After 6 iterations the fit converged.
final sum of squares of residuals : 7.77827
rel. change during last iteration : -1.51755e-013

degrees of freedom    (FIT_NDF)                        : 24
rms of residuals      (FIT_STDFIT) = sqrt(WSSR/ndf)    : 0.569293
variance of residuals (reduced chisquare) = WSSR/ndf   : 0.324095

Final set of parameters            Asymptotic Standard Error
=======================            ==========================
m3              = -0.0204166       +/- 0.001489     (7.291%)
b3              = 2.12793          +/- 0.3531       (16.59%)

correlation matrix of the fit parameters:
                m3     b3     
m3              1.000 
b3             -0.949  1.000 


*******************************************************************************
Mon Aug 21 20:50:03 2017


FIT:    data read from "1x1n2_countrate_20gC_der3.txt" using 1:(log(((-1*$3)/amplitude1)))
        format = x:z
        x range restricted to [100.000 : 350.000]
        #datapoints = 26
        residuals are weighted equally (unit weight)

function used for fitting: f1(x)
	f1(x)=m1*x+b1
fitted parameters initialized with current variable values

iter      chisq       delta/lim  lambda   m1            b1           
   0 1.5094202254e+06  0.00e+00 1.68e+02  1.000000e+00  1.000000e+00
   5 2.6663173723e+01 -1.25e-03 1.68e-03 -1.614956e-02  1.061016e+00

After 5 iterations the fit converged.
final sum of squares of residuals : 26.6632
rel. change during last iteration : -1.25374e-008

degrees of freedom    (FIT_NDF)                        : 24
rms of residuals      (FIT_STDFIT) = sqrt(WSSR/ndf)    : 1.05402
variance of residuals (reduced chisquare) = WSSR/ndf   : 1.11097

Final set of parameters            Asymptotic Standard Error
=======================            ==========================
m1              = -0.0161496       +/- 0.002756     (17.07%)
b1              = 1.06102          +/- 0.6537       (61.61%)

correlation matrix of the fit parameters:
                m1     b1     
m1              1.000 
b1             -0.949  1.000 


*******************************************************************************
Mon Aug 21 20:50:03 2017


FIT:    data read from "4x1n6p_countrate_20gC_der3.txt" using 1:(log(((-1*$3)/amplitude2)))
        format = x:z
        x range restricted to [100.000 : 350.000]
        #datapoints = 26
        residuals are weighted equally (unit weight)

function used for fitting: f2(x)
	f2(x)=m2*x+b2
fitted parameters initialized with current variable values

iter      chisq       delta/lim  lambda   m2            b2           
   0 1.4951447239e+06  0.00e+00 1.68e+02  1.000000e+00  1.000000e+00
   5 8.3169692763e-02 -1.40e-02 1.68e-03 -1.113144e-02  1.008117e+00

After 5 iterations the fit converged.
final sum of squares of residuals : 0.0831697
rel. change during last iteration : -1.40355e-007

degrees of freedom    (FIT_NDF)                        : 24
rms of residuals      (FIT_STDFIT) = sqrt(WSSR/ndf)    : 0.0588677
variance of residuals (reduced chisquare) = WSSR/ndf   : 0.0034654

Final set of parameters            Asymptotic Standard Error
=======================            ==========================
m2              = -0.0111314       +/- 0.0001539    (1.383%)
b2              = 1.00812          +/- 0.03651      (3.621%)

correlation matrix of the fit parameters:
                m2     b2     
m2              1.000 
b2             -0.949  1.000 


*******************************************************************************
Mon Aug 21 20:50:03 2017


FIT:    data read from "4x1n6h_countrate_20gC_der3.txt" using 1:(log(((-1*$3)/amplitude3)))
        format = x:z
        x range restricted to [100.000 : 350.000]
        #datapoints = 26
        residuals are weighted equally (unit weight)

function used for fitting: f3(x)
	f3(x)=m3*x+b3
fitted parameters initialized with current variable values

iter      chisq       delta/lim  lambda   m3            b3           
   0 1.5094028599e+06  0.00e+00 1.68e+02  1.000000e+00  1.000000e+00
   6 7.7782716478e+00 -1.52e-08 1.68e-04 -2.041660e-02  2.127927e+00

After 6 iterations the fit converged.
final sum of squares of residuals : 7.77827
rel. change during last iteration : -1.5164e-013

degrees of freedom    (FIT_NDF)                        : 24
rms of residuals      (FIT_STDFIT) = sqrt(WSSR/ndf)    : 0.569293
variance of residuals (reduced chisquare) = WSSR/ndf   : 0.324095

Final set of parameters            Asymptotic Standard Error
=======================            ==========================
m3              = -0.0204166       +/- 0.001489     (7.291%)
b3              = 2.12793          +/- 0.3531       (16.59%)

correlation matrix of the fit parameters:
                m3     b3     
m3              1.000 
b3             -0.949  1.000 
