\BOOKMARK [0][-]{chapter*.1}{Abstract}{}% 1
\BOOKMARK [0][-]{chapter*.2}{Zusammenfassung}{}% 2
\BOOKMARK [0][-]{chapter*.3}{Acknowledgements}{}% 3
\BOOKMARK [0][-]{chapter.1}{Particle interaction with matter}{}% 4
\BOOKMARK [1][-]{section.1.1}{Interaction of photons}{chapter.1}% 5
\BOOKMARK [1][-]{section.1.2}{Interaction of charged particles}{chapter.1}% 6
\BOOKMARK [1][-]{section.1.3}{Interaction of hadrons}{chapter.1}% 7
\BOOKMARK [0][-]{chapter.2}{Scintillators}{}% 8
\BOOKMARK [1][-]{section.2.1}{Overview}{chapter.2}% 9
\BOOKMARK [1][-]{section.2.2}{Organic scintillators}{chapter.2}% 10
\BOOKMARK [1][-]{section.2.3}{Inorganic scintillators}{chapter.2}% 11
\BOOKMARK [2][-]{subsection.2.3.1}{Electronic band structure}{section.2.3}% 12
\BOOKMARK [2][-]{subsection.2.3.2}{Creation of electron-hole pairs}{section.2.3}% 13
\BOOKMARK [2][-]{subsection.2.3.3}{Luminescence centers}{section.2.3}% 14
\BOOKMARK [2][-]{subsection.2.3.4}{Time scales}{section.2.3}% 15
\BOOKMARK [1][-]{section.2.4}{Comparison and applications}{chapter.2}% 16
\BOOKMARK [0][-]{chapter.3}{Photodetectors}{}% 17
\BOOKMARK [1][-]{section.3.1}{Photomultiplier tube}{chapter.3}% 18
\BOOKMARK [1][-]{section.3.2}{Semiconductor detectors}{chapter.3}% 19
\BOOKMARK [2][-]{subsection.3.2.1}{p-n junction}{section.3.2}% 20
\BOOKMARK [2][-]{subsection.3.2.2}{Photodiode}{section.3.2}% 21
\BOOKMARK [2][-]{subsection.3.2.3}{Silicon photomultiplier}{section.3.2}% 22
\BOOKMARK [0][-]{chapter.4}{Silicon Photomultiplier characterization studies}{}% 23
\BOOKMARK [1][-]{section.4.1}{Development of a SiPM-board}{chapter.4}% 24
\BOOKMARK [1][-]{section.4.2}{Current-voltage characteristic}{chapter.4}% 25
\BOOKMARK [1][-]{section.4.3}{Breakdown and operation voltage}{chapter.4}% 26
\BOOKMARK [1][-]{section.4.4}{Dark count rate}{chapter.4}% 27
\BOOKMARK [0][-]{chapter.5}{Time and energy measurements}{}% 28
\BOOKMARK [1][-]{section.5.1}{Signal shaping}{chapter.5}% 29
\BOOKMARK [1][-]{section.5.2}{Efficiency measurements}{chapter.5}% 30
\BOOKMARK [1][-]{section.5.3}{Time resolution measurements}{chapter.5}% 31
\BOOKMARK [1][-]{section.5.4}{Energy measurements}{chapter.5}% 32
\BOOKMARK [2][-]{subsection.5.4.1}{LYSO}{section.5.4}% 33
\BOOKMARK [2][-]{subsection.5.4.2}{PbWO4}{section.5.4}% 34
\BOOKMARK [2][-]{subsection.5.4.3}{Muons}{section.5.4}% 35
\BOOKMARK [0][-]{chapter.6}{Summary and outlook}{}% 36
\BOOKMARK [0][-]{Appendix.a.A}{Figures}{}% 37
\BOOKMARK [0][-]{Appendix.a.B}{Fits, Plots and data processing}{}% 38
\BOOKMARK [1][-]{section.a.B.1}{IV-curves}{Appendix.a.B}% 39
\BOOKMARK [1][-]{section.a.B.2}{Operation voltage}{Appendix.a.B}% 40
\BOOKMARK [1][-]{section.a.B.3}{Derivation methodology}{Appendix.a.B}% 41
\BOOKMARK [1][-]{section.a.B.4}{Energy spectra}{Appendix.a.B}% 42
\BOOKMARK [0][-]{Appendix.a.C}{Pictures and schematics}{}% 43
\BOOKMARK [0][-]{chapter*.62}{List of Tables}{}% 44
\BOOKMARK [0][-]{chapter*.63}{List of Figures}{}% 45
