

*******************************************************************************
Sat May 13 13:55:54 2017


FIT:    data read from "eichung_hameg.txt" using 2:3
        format = x:z
        x range restricted to [3.00000 : 40.0000]
        #datapoints = 11
        residuals are weighted equally (unit weight)

function used for fitting: eichung2(x)
fitted parameters initialized with current variable values



 Iteration 0
 WSSR        : 14.401            delta(WSSR)/WSSR   : 0
 delta(WSSR) : 0                 limit for stopping : 1e-05
 lambda	  : 12.6594

initial set of free parameter values

slope2          = 1
offset2         = 1

After 5 iterations the fit converged.
final sum of squares of residuals : 0.000291846
rel. change during last iteration : -9.94039e-10

degrees of freedom    (FIT_NDF)                        : 9
rms of residuals      (FIT_STDFIT) = sqrt(WSSR/ndf)    : 0.0056945
variance of residuals (reduced chisquare) = WSSR/ndf   : 3.24273e-05

Final set of parameters            Asymptotic Standard Error
=======================            ==========================

slope2          = 0.995075         +/- 0.0002391    (0.02403%)
offset2         = -0.0630122       +/- 0.004274     (6.782%)


correlation matrix of the fit parameters:

               slope2 offset 
slope2          1.000 
offset2        -0.916  1.000 


*******************************************************************************
Sat May 13 13:56:25 2017


FIT:    data read from "eichung_hameg.txt" using 2:3
        format = x:z
        x range restricted to [3.00000 : 40.0000]
        #datapoints = 11
        residuals are weighted equally (unit weight)

function used for fitting: eichung2(x)
fitted parameters initialized with current variable values



 Iteration 0
 WSSR        : 14.401            delta(WSSR)/WSSR   : 0
 delta(WSSR) : 0                 limit for stopping : 1e-05
 lambda	  : 12.6594

initial set of free parameter values

slope2          = 1
offset2         = 1

After 5 iterations the fit converged.
final sum of squares of residuals : 0.000291846
rel. change during last iteration : -9.94039e-10

degrees of freedom    (FIT_NDF)                        : 9
rms of residuals      (FIT_STDFIT) = sqrt(WSSR/ndf)    : 0.0056945
variance of residuals (reduced chisquare) = WSSR/ndf   : 3.24273e-05

Final set of parameters            Asymptotic Standard Error
=======================            ==========================

slope2          = 0.995075         +/- 0.0002391    (0.02403%)
offset2         = -0.0630122       +/- 0.004274     (6.782%)


correlation matrix of the fit parameters:

               slope2 offset 
slope2          1.000 
offset2        -0.916  1.000 


*******************************************************************************
Sat May 13 14:00:30 2017


FIT:    data read from "eichung_hameg.txt" using 1:3
        format = x:z
        x range restricted to [60.0000 : 100.000]
BREAK:          No data to fit 



*******************************************************************************
Sat May 13 14:00:45 2017


FIT:    data read from "eichung_hameg.txt" using 1:3
        format = x:z
        x range restricted to [2.00000 : 40.0000]
        #datapoints = 13
        residuals are weighted equally (unit weight)

function used for fitting: eichung(x)
fitted parameters initialized with current variable values



 Iteration 0
 WSSR        : 655.835           delta(WSSR)/WSSR   : 0
 delta(WSSR) : 0                 limit for stopping : 1e-05
 lambda	  : 15.6285

initial set of free parameter values

slope           = 1
offset          = 1

After 5 iterations the fit converged.
final sum of squares of residuals : 0.27158
rel. change during last iteration : -6.92177e-11

degrees of freedom    (FIT_NDF)                        : 11
rms of residuals      (FIT_STDFIT) = sqrt(WSSR/ndf)    : 0.157128
variance of residuals (reduced chisquare) = WSSR/ndf   : 0.0246891

Final set of parameters            Asymptotic Standard Error
=======================            ==========================

slope           = 0.905604         +/- 0.004659     (0.5144%)
offset          = -4.15824         +/- 0.1029       (2.474%)


correlation matrix of the fit parameters:

               slope  offset 
slope           1.000 
offset         -0.906  1.000 


*******************************************************************************
Sat May 13 14:10:57 2017


FIT:    data read from "eichung_hameg.txt" using 2:3
        format = x:z
        x range restricted to [3.00000 : 40.0000]
        #datapoints = 11
        residuals are weighted equally (unit weight)

function used for fitting: eichung2(x)
fitted parameters initialized with current variable values



 Iteration 0
 WSSR        : 14.401            delta(WSSR)/WSSR   : 0
 delta(WSSR) : 0                 limit for stopping : 1e-05
 lambda	  : 12.6594

initial set of free parameter values

slope2          = 1
offset2         = 1

After 5 iterations the fit converged.
final sum of squares of residuals : 0.000291846
rel. change during last iteration : -9.94039e-10

degrees of freedom    (FIT_NDF)                        : 9
rms of residuals      (FIT_STDFIT) = sqrt(WSSR/ndf)    : 0.0056945
variance of residuals (reduced chisquare) = WSSR/ndf   : 3.24273e-05

Final set of parameters            Asymptotic Standard Error
=======================            ==========================

slope2          = 0.995075         +/- 0.0002391    (0.02403%)
offset2         = -0.0630122       +/- 0.004274     (6.782%)


correlation matrix of the fit parameters:

               slope2 offset 
slope2          1.000 
offset2        -0.916  1.000 
