

*******************************************************************************
Thu Dec 22 15:24:06 2016


FIT:    data read from "energieeichung.txt" u 1:2:3
        format = x:z:s
        #datapoints = 13
function used for fitting: f(x)
	f(x)=m*x+b
BREAK: Need via and either parameter list or file

*******************************************************************************
Thu Dec 22 15:24:24 2016


FIT:    data read from "energieeichung.txt" u 1:2:3
        format = x:z:s
        #datapoints = 13
function used for fitting: f(x)
	f(x)=m*x+b
BREAK: Need via and either parameter list or file

*******************************************************************************
Thu Dec 22 15:26:17 2016


FIT:    data read from "energieeichung.txt" u 1:2:3 yerr
        format = x:z:s
        #datapoints = 13
function used for fitting: f(x)
	f(x)=m*x+b
fitted parameters initialized with current variable values

iter      chisq       delta/lim  lambda   m             b            
   0 1.4435622262e+11  0.00e+00 5.42e+01  1.000000e+00  1.000000e+00
   4 5.5758095633e+06 -1.53e-05 5.42e-03  2.410182e+03 -1.002193e+01

After 4 iterations the fit converged.
final sum of squares of residuals : 5.57581e+006
rel. change during last iteration : -1.52544e-010

degrees of freedom    (FIT_NDF)                        : 11
rms of residuals      (FIT_STDFIT) = sqrt(WSSR/ndf)    : 711.963
variance of residuals (reduced chisquare) = WSSR/ndf   : 506892
p-value of the Chisq distribution (FIT_P)              : 0

Final set of parameters            Asymptotic Standard Error
=======================            ==========================
m               = 2410.18          +/- 9.491        (0.3938%)
b               = -10.0219         +/- 6.643        (66.29%)

correlation matrix of the fit parameters:
                m      b      
m               1.000 
b              -0.881  1.000 


*******************************************************************************
Thu Dec 22 15:26:55 2016


FIT:    data read from "energieeichung.txt" u 1:2:3 yerr
        format = x:z:s
        #datapoints = 13
function used for fitting: f(x)
	f(x)=m*x+b
fitted parameters initialized with current variable values

iter      chisq       delta/lim  lambda   m             b            
   0 1.4435622262e+11  0.00e+00 5.42e+01  1.000000e+00  1.000000e+00
   4 5.5758095633e+06 -1.53e-05 5.42e-03  2.410182e+03 -1.002193e+01

After 4 iterations the fit converged.
final sum of squares of residuals : 5.57581e+006
rel. change during last iteration : -1.52544e-010

degrees of freedom    (FIT_NDF)                        : 11
rms of residuals      (FIT_STDFIT) = sqrt(WSSR/ndf)    : 711.963
variance of residuals (reduced chisquare) = WSSR/ndf   : 506892
p-value of the Chisq distribution (FIT_P)              : 0

Final set of parameters            Asymptotic Standard Error
=======================            ==========================
m               = 2410.18          +/- 9.491        (0.3938%)
b               = -10.0219         +/- 6.643        (66.29%)

correlation matrix of the fit parameters:
                m      b      
m               1.000 
b              -0.881  1.000 


*******************************************************************************
Thu Dec 22 15:27:46 2016


FIT:    data read from "energieeichung.txt" u 1:2:3 yerr
        format = x:z:s
        #datapoints = 13
function used for fitting: f(x)
	f(x)=m*x+b
fitted parameters initialized with current variable values

iter      chisq       delta/lim  lambda   m             b            
   0 1.4435622262e+11  0.00e+00 5.42e+01  1.000000e+00  1.000000e+00
   4 5.5758095633e+06 -1.53e-05 5.42e-03  2.410182e+03 -1.002193e+01

After 4 iterations the fit converged.
final sum of squares of residuals : 5.57581e+006
rel. change during last iteration : -1.52544e-010

degrees of freedom    (FIT_NDF)                        : 11
rms of residuals      (FIT_STDFIT) = sqrt(WSSR/ndf)    : 711.963
variance of residuals (reduced chisquare) = WSSR/ndf   : 506892
p-value of the Chisq distribution (FIT_P)              : 0

Final set of parameters            Asymptotic Standard Error
=======================            ==========================
m               = 2410.18          +/- 9.491        (0.3938%)
b               = -10.0219         +/- 6.643        (66.29%)

correlation matrix of the fit parameters:
                m      b      
m               1.000 
b              -0.881  1.000 


*******************************************************************************
Thu Dec 22 15:28:34 2016


FIT:    data read from "energieeichung.txt" u 1:2:3 yerr
        format = x:z:s
        #datapoints = 13
function used for fitting: f(x)
	f(x)=m*x+b
fitted parameters initialized with current variable values

iter      chisq       delta/lim  lambda   m             b            
   0 1.4435622262e+11  0.00e+00 5.42e+01  1.000000e+00  1.000000e+00
   4 5.5758095633e+06 -1.53e-05 5.42e-03  2.410182e+03 -1.002193e+01

After 4 iterations the fit converged.
final sum of squares of residuals : 5.57581e+006
rel. change during last iteration : -1.52544e-010

degrees of freedom    (FIT_NDF)                        : 11
rms of residuals      (FIT_STDFIT) = sqrt(WSSR/ndf)    : 711.963
variance of residuals (reduced chisquare) = WSSR/ndf   : 506892
p-value of the Chisq distribution (FIT_P)              : 0

Final set of parameters            Asymptotic Standard Error
=======================            ==========================
m               = 2410.18          +/- 9.491        (0.3938%)
b               = -10.0219         +/- 6.643        (66.29%)

correlation matrix of the fit parameters:
                m      b      
m               1.000 
b              -0.881  1.000 


*******************************************************************************
Thu Dec 22 15:31:03 2016


FIT:    data read from "energieeichung.txt" u 1:2:3 yerr
        format = x:z:s
        #datapoints = 13
function used for fitting: K(x)
	K(E)=b*E+a
fitted parameters initialized with current variable values

iter      chisq       delta/lim  lambda   m             b            
   0 1.4435622262e+11  0.00e+00 3.11e+01  2.410182e+03  1.000000e+00
BREAK: Singular matrix in Invert_RtR

*******************************************************************************
Thu Dec 22 15:31:12 2016


FIT:    data read from "energieeichung.txt" u 1:2:3 yerr
        format = x:z:s
        #datapoints = 13
function used for fitting: K(x)
	K(E)=b*E+a
fitted parameters initialized with current variable values

iter      chisq       delta/lim  lambda   a             b            
   0 1.4435622262e+11  0.00e+00 5.42e+01  1.000000e+00  1.000000e+00
   4 5.5758095633e+06 -1.53e-05 5.42e-03 -1.002193e+01  2.410182e+03

After 4 iterations the fit converged.
final sum of squares of residuals : 5.57581e+006
rel. change during last iteration : -1.52536e-010

degrees of freedom    (FIT_NDF)                        : 11
rms of residuals      (FIT_STDFIT) = sqrt(WSSR/ndf)    : 711.963
variance of residuals (reduced chisquare) = WSSR/ndf   : 506892
p-value of the Chisq distribution (FIT_P)              : 0

Final set of parameters            Asymptotic Standard Error
=======================            ==========================
a               = -10.0219         +/- 6.643        (66.29%)
b               = 2410.18          +/- 9.491        (0.3938%)

correlation matrix of the fit parameters:
                a      b      
a               1.000 
b              -0.881  1.000 


*******************************************************************************
Thu Dec 22 15:37:47 2016


FIT:    data read from "energieeichung.txt" u 1:2:3 yerr
        format = x:z:s
        #datapoints = 13
function used for fitting: K(x)
	K(E)=b*E+a
fitted parameters initialized with current variable values

iter      chisq       delta/lim  lambda   a             b            
   0 1.4435622262e+11  0.00e+00 5.42e+01  1.000000e+00  1.000000e+00
   4 5.5758095633e+06 -1.53e-05 5.42e-03 -1.002193e+01  2.410182e+03

After 4 iterations the fit converged.
final sum of squares of residuals : 5.57581e+006
rel. change during last iteration : -1.52536e-010

degrees of freedom    (FIT_NDF)                        : 11
rms of residuals      (FIT_STDFIT) = sqrt(WSSR/ndf)    : 711.963
variance of residuals (reduced chisquare) = WSSR/ndf   : 506892
p-value of the Chisq distribution (FIT_P)              : 0

Final set of parameters            Asymptotic Standard Error
=======================            ==========================
a               = -10.0219         +/- 6.643        (66.29%)
b               = 2410.18          +/- 9.491        (0.3938%)

correlation matrix of the fit parameters:
                a      b      
a               1.000 
b              -0.881  1.000 


*******************************************************************************
Thu Dec 22 15:41:01 2016


FIT:    data read from "energieeichung.txt" u 1:2:3 yerr
        format = x:z:s
        #datapoints = 13
function used for fitting: K(x)
	K(E)=b*E+a
fitted parameters initialized with current variable values

iter      chisq       delta/lim  lambda   a             b            
   0 1.2206862321e+10  0.00e+00 5.42e+04  1.000000e+03  1.000000e+03
   4 5.5758095633e+06 -1.14e-05 5.42e+00 -1.002193e+01  2.410182e+03

After 4 iterations the fit converged.
final sum of squares of residuals : 5.57581e+006
rel. change during last iteration : -1.1361e-010

degrees of freedom    (FIT_NDF)                        : 11
rms of residuals      (FIT_STDFIT) = sqrt(WSSR/ndf)    : 711.963
variance of residuals (reduced chisquare) = WSSR/ndf   : 506892
p-value of the Chisq distribution (FIT_P)              : 0

Final set of parameters            Asymptotic Standard Error
=======================            ==========================
a               = -10.0219         +/- 6.643        (66.29%)
b               = 2410.18          +/- 9.491        (0.3938%)

correlation matrix of the fit parameters:
                a      b      
a               1.000 
b              -0.881  1.000 


*******************************************************************************
Thu Dec 22 15:41:10 2016


FIT:    data read from "energieeichung.txt" u 1:2:3 yerr
        format = x:z:s
        #datapoints = 13
function used for fitting: K(x)
	K(E)=b*E+a
fitted parameters initialized with current variable values

iter      chisq       delta/lim  lambda   a             b            
   0 1.4435622262e+11  0.00e+00 5.42e+01  1.000000e+00  1.000000e+00
   4 5.5758095633e+06 -1.53e-05 5.42e-03 -1.002193e+01  2.410182e+03

After 4 iterations the fit converged.
final sum of squares of residuals : 5.57581e+006
rel. change during last iteration : -1.52536e-010

degrees of freedom    (FIT_NDF)                        : 11
rms of residuals      (FIT_STDFIT) = sqrt(WSSR/ndf)    : 711.963
variance of residuals (reduced chisquare) = WSSR/ndf   : 506892
p-value of the Chisq distribution (FIT_P)              : 0

Final set of parameters            Asymptotic Standard Error
=======================            ==========================
a               = -10.0219         +/- 6.643        (66.29%)
b               = 2410.18          +/- 9.491        (0.3938%)

correlation matrix of the fit parameters:
                a      b      
a               1.000 
b              -0.881  1.000 


*******************************************************************************
Thu Dec 22 15:42:19 2016


FIT:    data read from "energieeichung.txt" u 1:2:3 yerr
        format = x:z:s
        #datapoints = 13
function used for fitting: K(x)
	K(E)=b*E+a
fitted parameters initialized with current variable values

iter      chisq       delta/lim  lambda   a             b            
   0 1.4435622262e+11  0.00e+00 5.42e+01  1.000000e+00  1.000000e+00
   4 5.5758095633e+06 -1.53e-05 5.42e-03 -1.002193e+01  2.410182e+03

After 4 iterations the fit converged.
final sum of squares of residuals : 5.57581e+006
rel. change during last iteration : -1.52536e-010

degrees of freedom    (FIT_NDF)                        : 11
rms of residuals      (FIT_STDFIT) = sqrt(WSSR/ndf)    : 711.963
variance of residuals (reduced chisquare) = WSSR/ndf   : 506892
p-value of the Chisq distribution (FIT_P)              : 0

Final set of parameters            Asymptotic Standard Error
=======================            ==========================
a               = -10.0219         +/- 6.643        (66.29%)
b               = 2410.18          +/- 9.491        (0.3938%)

correlation matrix of the fit parameters:
                a      b      
a               1.000 
b              -0.881  1.000 


*******************************************************************************
Thu Dec 22 15:43:13 2016


FIT:    data read from "energieeichung.txt" u 1:2:3 yerr
        format = x:z:s
        #datapoints = 13
function used for fitting: K(x)
	K(E)=b*E+a
fitted parameters initialized with current variable values

iter      chisq       delta/lim  lambda   a             b            
   0 1.4435622262e+11  0.00e+00 5.42e+01  1.000000e+00  1.000000e+00
   4 5.5758095633e+06 -1.53e-05 5.42e-03 -1.002193e+01  2.410182e+03

After 4 iterations the fit converged.
final sum of squares of residuals : 5.57581e+006
rel. change during last iteration : -1.52536e-010

degrees of freedom    (FIT_NDF)                        : 11
rms of residuals      (FIT_STDFIT) = sqrt(WSSR/ndf)    : 711.963
variance of residuals (reduced chisquare) = WSSR/ndf   : 506892
p-value of the Chisq distribution (FIT_P)              : 0

Final set of parameters            Asymptotic Standard Error
=======================            ==========================
a               = -10.0219         +/- 6.643        (66.29%)
b               = 2410.18          +/- 9.491        (0.3938%)

correlation matrix of the fit parameters:
                a      b      
a               1.000 
b              -0.881  1.000 


*******************************************************************************
Thu Dec 22 18:45:28 2016


FIT:    data read from "energieeichung.txt" u 1:2:3 yerr
        format = x:z:s
        #datapoints = 13
function used for fitting: K(x)
	K(E)=b*E+a
fitted parameters initialized with current variable values

iter      chisq       delta/lim  lambda   a             b            
   0 1.4435622262e+11  0.00e+00 5.42e+01  1.000000e+00  1.000000e+00
   4 5.5758095633e+06 -1.53e-05 5.42e-03 -1.002193e+01  2.410182e+03

After 4 iterations the fit converged.
final sum of squares of residuals : 5.57581e+006
rel. change during last iteration : -1.52536e-010

degrees of freedom    (FIT_NDF)                        : 11
rms of residuals      (FIT_STDFIT) = sqrt(WSSR/ndf)    : 711.963
variance of residuals (reduced chisquare) = WSSR/ndf   : 506892
p-value of the Chisq distribution (FIT_P)              : 0

Final set of parameters            Asymptotic Standard Error
=======================            ==========================
a               = -10.0219         +/- 6.643        (66.29%)
b               = 2410.18          +/- 9.491        (0.3938%)

correlation matrix of the fit parameters:
                a      b      
a               1.000 
b              -0.881  1.000 


*******************************************************************************
Thu Dec 22 18:46:33 2016


FIT:    data read from "energieeichung.txt" u 1:2:3 yerr
        format = x:z:s
        x range restricted to [-0.0458345 : 1.41150]
        #datapoints = 13
function used for fitting: K(x)
	K(E)=b*E+a
fitted parameters initialized with current variable values

iter      chisq       delta/lim  lambda   a             b            
   0 1.4435622262e+11  0.00e+00 5.42e+01  1.000000e+00  1.000000e+00
   4 5.5758095633e+06 -1.53e-05 5.42e-03 -1.002193e+01  2.410182e+03

After 4 iterations the fit converged.
final sum of squares of residuals : 5.57581e+006
rel. change during last iteration : -1.52536e-010

degrees of freedom    (FIT_NDF)                        : 11
rms of residuals      (FIT_STDFIT) = sqrt(WSSR/ndf)    : 711.963
variance of residuals (reduced chisquare) = WSSR/ndf   : 506892
p-value of the Chisq distribution (FIT_P)              : 0

Final set of parameters            Asymptotic Standard Error
=======================            ==========================
a               = -10.0219         +/- 6.643        (66.29%)
b               = 2410.18          +/- 9.491        (0.3938%)

correlation matrix of the fit parameters:
                a      b      
a               1.000 
b              -0.881  1.000 


*******************************************************************************
Thu Dec 22 18:46:51 2016


FIT:    data read from "energieeichung.txt" u 1:2:3 yerr
        format = x:z:s
        x range restricted to [-0.0118072 : 1.42005]
        #datapoints = 13
function used for fitting: K(x)
	K(E)=b*E+a
fitted parameters initialized with current variable values

iter      chisq       delta/lim  lambda   a             b            
   0 1.4435622262e+11  0.00e+00 5.42e+01  1.000000e+00  1.000000e+00
   4 5.5758095633e+06 -1.53e-05 5.42e-03 -1.002193e+01  2.410182e+03

After 4 iterations the fit converged.
final sum of squares of residuals : 5.57581e+006
rel. change during last iteration : -1.52536e-010

degrees of freedom    (FIT_NDF)                        : 11
rms of residuals      (FIT_STDFIT) = sqrt(WSSR/ndf)    : 711.963
variance of residuals (reduced chisquare) = WSSR/ndf   : 506892
p-value of the Chisq distribution (FIT_P)              : 0

Final set of parameters            Asymptotic Standard Error
=======================            ==========================
a               = -10.0219         +/- 6.643        (66.29%)
b               = 2410.18          +/- 9.491        (0.3938%)

correlation matrix of the fit parameters:
                a      b      
a               1.000 
b              -0.881  1.000 


*******************************************************************************
Thu Dec 22 18:52:12 2016


FIT:    data read from "energieeichung.txt" u 1:2:3 yerr
        format = x:z:s
        #datapoints = 13
function used for fitting: K(x)
	K(E)=b*E+a
fitted parameters initialized with current variable values

iter      chisq       delta/lim  lambda   a             b            
   0 1.4435622262e+11  0.00e+00 5.42e+01  1.000000e+00  1.000000e+00
   4 5.5758095633e+06 -1.53e-05 5.42e-03 -1.002193e+01  2.410182e+03

After 4 iterations the fit converged.
final sum of squares of residuals : 5.57581e+006
rel. change during last iteration : -1.52536e-010

degrees of freedom    (FIT_NDF)                        : 11
rms of residuals      (FIT_STDFIT) = sqrt(WSSR/ndf)    : 711.963
variance of residuals (reduced chisquare) = WSSR/ndf   : 506892
p-value of the Chisq distribution (FIT_P)              : 0

Final set of parameters            Asymptotic Standard Error
=======================            ==========================
a               = -10.0219         +/- 6.643        (66.29%)
b               = 2410.18          +/- 9.491        (0.3938%)

correlation matrix of the fit parameters:
                a      b      
a               1.000 
b              -0.881  1.000 


*******************************************************************************
Thu Dec 22 18:52:30 2016


FIT:    data read from "energieeichung.txt" u 1:2:3 yerr
        format = x:z:s
        x range restricted to [0.00000 : 1.40000]
        #datapoints = 13
function used for fitting: K(x)
	K(E)=b*E+a
fitted parameters initialized with current variable values

iter      chisq       delta/lim  lambda   a             b            
   0 1.4435622262e+11  0.00e+00 5.42e+01  1.000000e+00  1.000000e+00
   4 5.5758095633e+06 -1.53e-05 5.42e-03 -1.002193e+01  2.410182e+03

After 4 iterations the fit converged.
final sum of squares of residuals : 5.57581e+006
rel. change during last iteration : -1.52536e-010

degrees of freedom    (FIT_NDF)                        : 11
rms of residuals      (FIT_STDFIT) = sqrt(WSSR/ndf)    : 711.963
variance of residuals (reduced chisquare) = WSSR/ndf   : 506892
p-value of the Chisq distribution (FIT_P)              : 0

Final set of parameters            Asymptotic Standard Error
=======================            ==========================
a               = -10.0219         +/- 6.643        (66.29%)
b               = 2410.18          +/- 9.491        (0.3938%)

correlation matrix of the fit parameters:
                a      b      
a               1.000 
b              -0.881  1.000 


*******************************************************************************
Thu Dec 22 18:53:05 2016


FIT:    data read from "energieeichung.txt" u 1:2:3 yerr
        format = x:z:s
        x range restricted to [1.15742 : 1.21006]
BREAK: No data to fit

*******************************************************************************
Thu Dec 22 18:53:14 2016


FIT:    data read from "energieeichung.txt" u 1:2:3 yerr
        format = x:z:s
        #datapoints = 13
function used for fitting: K(x)
	K(E)=b*E+a
fitted parameters initialized with current variable values

iter      chisq       delta/lim  lambda   a             b            
   0 1.4435622262e+11  0.00e+00 5.42e+01  1.000000e+00  1.000000e+00
   4 5.5758095633e+06 -1.53e-05 5.42e-03 -1.002193e+01  2.410182e+03

After 4 iterations the fit converged.
final sum of squares of residuals : 5.57581e+006
rel. change during last iteration : -1.52536e-010

degrees of freedom    (FIT_NDF)                        : 11
rms of residuals      (FIT_STDFIT) = sqrt(WSSR/ndf)    : 711.963
variance of residuals (reduced chisquare) = WSSR/ndf   : 506892
p-value of the Chisq distribution (FIT_P)              : 0

Final set of parameters            Asymptotic Standard Error
=======================            ==========================
a               = -10.0219         +/- 6.643        (66.29%)
b               = 2410.18          +/- 9.491        (0.3938%)

correlation matrix of the fit parameters:
                a      b      
a               1.000 
b              -0.881  1.000 


*******************************************************************************
Thu Dec 22 18:53:30 2016


FIT:    data read from "energieeichung.txt" u 1:2:3 yerr
        format = x:z:s
        #datapoints = 13
function used for fitting: K(x)
	K(E)=b*E+a
fitted parameters initialized with current variable values

iter      chisq       delta/lim  lambda   a             b            
   0 1.4435622262e+11  0.00e+00 5.42e+01  1.000000e+00  1.000000e+00
   4 5.5758095633e+06 -1.53e-05 5.42e-03 -1.002193e+01  2.410182e+03

After 4 iterations the fit converged.
final sum of squares of residuals : 5.57581e+006
rel. change during last iteration : -1.52536e-010

degrees of freedom    (FIT_NDF)                        : 11
rms of residuals      (FIT_STDFIT) = sqrt(WSSR/ndf)    : 711.963
variance of residuals (reduced chisquare) = WSSR/ndf   : 506892
p-value of the Chisq distribution (FIT_P)              : 0

Final set of parameters            Asymptotic Standard Error
=======================            ==========================
a               = -10.0219         +/- 6.643        (66.29%)
b               = 2410.18          +/- 9.491        (0.3938%)

correlation matrix of the fit parameters:
                a      b      
a               1.000 
b              -0.881  1.000 


*******************************************************************************
Thu Dec 22 18:56:11 2016


FIT:    data read from "energieeichung.txt" u 1:2:3 yerr
        format = x:z:s
        #datapoints = 13
function used for fitting: K(x)
	K(E)=b*E+a
fitted parameters initialized with current variable values

iter      chisq       delta/lim  lambda   a             b            
   0 1.4435622262e+11  0.00e+00 5.42e+01  1.000000e+00  1.000000e+00
   4 5.5758095633e+06 -1.53e-05 5.42e-03 -1.002193e+01  2.410182e+03

After 4 iterations the fit converged.
final sum of squares of residuals : 5.57581e+006
rel. change during last iteration : -1.52536e-010

degrees of freedom    (FIT_NDF)                        : 11
rms of residuals      (FIT_STDFIT) = sqrt(WSSR/ndf)    : 711.963
variance of residuals (reduced chisquare) = WSSR/ndf   : 506892
p-value of the Chisq distribution (FIT_P)              : 0

Final set of parameters            Asymptotic Standard Error
=======================            ==========================
a               = -10.0219         +/- 6.643        (66.29%)
b               = 2410.18          +/- 9.491        (0.3938%)

correlation matrix of the fit parameters:
                a      b      
a               1.000 
b              -0.881  1.000 


*******************************************************************************
Thu Dec 22 19:01:31 2016


FIT:    data read from "energieeichung.txt" u 1:2:3 yerr
        format = x:z:s
        x range restricted to [-0.0162064 : 1.40007]
        #datapoints = 13
function used for fitting: K(E)
	K(E)=b*E+a
fitted parameters initialized with current variable values



*******************************************************************************
Thu Dec 22 19:11:08 2016


FIT:    data read from "energieeichung.txt" u 1:2:3 yerr
        format = x:z:s
        x range restricted to [-0.0162064 : 1.40007]
        #datapoints = 13
function used for fitting: K(x)
	K(x)=b*x+a
fitted parameters initialized with current variable values

iter      chisq       delta/lim  lambda   a             b            
   0 1.4435622262e+11  0.00e+00 5.42e+01  1.000000e+00  1.000000e+00
   4 5.5758095633e+06 -1.53e-05 5.42e-03 -1.002193e+01  2.410182e+03

After 4 iterations the fit converged.
final sum of squares of residuals : 5.57581e+006
rel. change during last iteration : -1.52536e-010

degrees of freedom    (FIT_NDF)                        : 11
rms of residuals      (FIT_STDFIT) = sqrt(WSSR/ndf)    : 711.963
variance of residuals (reduced chisquare) = WSSR/ndf   : 506892
p-value of the Chisq distribution (FIT_P)              : 0

Final set of parameters            Asymptotic Standard Error
=======================            ==========================
a               = -10.0219         +/- 6.643        (66.29%)
b               = 2410.18          +/- 9.491        (0.3938%)

correlation matrix of the fit parameters:
                a      b      
a               1.000 
b              -0.881  1.000 


*******************************************************************************
Thu Dec 22 19:12:49 2016


FIT:    data read from "energieeichung.txt" u 1:2:3 yerr
        format = x:z:s
        x range restricted to [0.0294244 : 1.39631]
        #datapoints = 13
function used for fitting: K(x)
	K(E)=b*E+a
fitted parameters initialized with current variable values

iter      chisq       delta/lim  lambda   a             b            
   0 1.4435622262e+11  0.00e+00 5.42e+01  1.000000e+00  1.000000e+00
   4 5.5758095633e+06 -1.53e-05 5.42e-03 -1.002193e+01  2.410182e+03

After 4 iterations the fit converged.
final sum of squares of residuals : 5.57581e+006
rel. change during last iteration : -1.52536e-010

degrees of freedom    (FIT_NDF)                        : 11
rms of residuals      (FIT_STDFIT) = sqrt(WSSR/ndf)    : 711.963
variance of residuals (reduced chisquare) = WSSR/ndf   : 506892
p-value of the Chisq distribution (FIT_P)              : 0

Final set of parameters            Asymptotic Standard Error
=======================            ==========================
a               = -10.0219         +/- 6.643        (66.29%)
b               = 2410.18          +/- 9.491        (0.3938%)

correlation matrix of the fit parameters:
                a      b      
a               1.000 
b              -0.881  1.000 


*******************************************************************************
Thu Dec 22 19:13:33 2016


FIT:    data read from "energieeichung.txt" u 1:2:3 yerr
        format = x:z:s
        #datapoints = 13
function used for fitting: K(x)
	K(x)=b*x+a
fitted parameters initialized with current variable values

iter      chisq       delta/lim  lambda   a             b            
   0 1.4435622262e+11  0.00e+00 5.42e+01  1.000000e+00  1.000000e+00
   4 5.5758095633e+06 -1.53e-05 5.42e-03 -1.002193e+01  2.410182e+03

After 4 iterations the fit converged.
final sum of squares of residuals : 5.57581e+006
rel. change during last iteration : -1.52536e-010

degrees of freedom    (FIT_NDF)                        : 11
rms of residuals      (FIT_STDFIT) = sqrt(WSSR/ndf)    : 711.963
variance of residuals (reduced chisquare) = WSSR/ndf   : 506892
p-value of the Chisq distribution (FIT_P)              : 0

Final set of parameters            Asymptotic Standard Error
=======================            ==========================
a               = -10.0219         +/- 6.643        (66.29%)
b               = 2410.18          +/- 9.491        (0.3938%)

correlation matrix of the fit parameters:
                a      b      
a               1.000 
b              -0.881  1.000 


*******************************************************************************
Thu Dec 22 19:15:04 2016


FIT:    data read from "energieeichung.txt" u 1:2:3 yerr
        format = x:z:s
        x range restricted to [0.0344221 : 1.38507]
        #datapoints = 13
function used for fitting: K(x)
	K(x)=b*x+a
fitted parameters initialized with current variable values

iter      chisq       delta/lim  lambda   a             b            
   0 1.4435622262e+11  0.00e+00 5.42e+01  1.000000e+00  1.000000e+00
   4 5.5758095633e+06 -1.53e-05 5.42e-03 -1.002193e+01  2.410182e+03

After 4 iterations the fit converged.
final sum of squares of residuals : 5.57581e+006
rel. change during last iteration : -1.52536e-010

degrees of freedom    (FIT_NDF)                        : 11
rms of residuals      (FIT_STDFIT) = sqrt(WSSR/ndf)    : 711.963
variance of residuals (reduced chisquare) = WSSR/ndf   : 506892
p-value of the Chisq distribution (FIT_P)              : 0

Final set of parameters            Asymptotic Standard Error
=======================            ==========================
a               = -10.0219         +/- 6.643        (66.29%)
b               = 2410.18          +/- 9.491        (0.3938%)

correlation matrix of the fit parameters:
                a      b      
a               1.000 
b              -0.881  1.000 


*******************************************************************************
Thu Dec 22 19:15:24 2016


FIT:    data read from "energieeichung.txt" u 1:2:3 yerr
        format = x:z:s
        x range restricted to [0.0344221 : 1.38507]
        #datapoints = 13
function used for fitting: K(x)
	K(x)=b*x+a
fitted parameters initialized with current variable values

iter      chisq       delta/lim  lambda   a             b            
   0 1.4435622262e+11  0.00e+00 5.42e+01  1.000000e+00  1.000000e+00
   4 5.5758095633e+06 -1.53e-05 5.42e-03 -1.002193e+01  2.410182e+03

After 4 iterations the fit converged.
final sum of squares of residuals : 5.57581e+006
rel. change during last iteration : -1.52536e-010

degrees of freedom    (FIT_NDF)                        : 11
rms of residuals      (FIT_STDFIT) = sqrt(WSSR/ndf)    : 711.963
variance of residuals (reduced chisquare) = WSSR/ndf   : 506892
p-value of the Chisq distribution (FIT_P)              : 0

Final set of parameters            Asymptotic Standard Error
=======================            ==========================
a               = -10.0219         +/- 6.643        (66.29%)
b               = 2410.18          +/- 9.491        (0.3938%)

correlation matrix of the fit parameters:
                a      b      
a               1.000 
b              -0.881  1.000 


*******************************************************************************
Thu Dec 22 19:20:06 2016


FIT:    data read from "energieeichung.txt" u 1:2:3 yerr
        format = x:z:s
        x range restricted to [-0.253613 : 1.98139]
        #datapoints = 12
function used for fitting: K(x)
	K(x)=b*x+a
fitted parameters initialized with current variable values

iter      chisq       delta/lim  lambda   a             b            
   0 1.2981011600e+11  0.00e+00 5.50e+01  1.000000e+00  1.000000e+00
   4 1.0775476943e+03 -1.38e-01 5.50e-03 -5.018651e+00  2.398889e+03

After 4 iterations the fit converged.
final sum of squares of residuals : 1077.55
rel. change during last iteration : -1.38103e-006

degrees of freedom    (FIT_NDF)                        : 10
rms of residuals      (FIT_STDFIT) = sqrt(WSSR/ndf)    : 10.3805
variance of residuals (reduced chisquare) = WSSR/ndf   : 107.755
p-value of the Chisq distribution (FIT_P)              : 0

Final set of parameters            Asymptotic Standard Error
=======================            ==========================
a               = -5.01865         +/- 0.09933      (1.979%)
b               = 2398.89          +/- 0.147        (0.006129%)

correlation matrix of the fit parameters:
                a      b      
a               1.000 
b              -0.884  1.000 


*******************************************************************************
Thu Dec 22 19:20:23 2016


FIT:    data read from "energieeichung.txt" u 1:2:3 yerr
        format = x:z:s
        x range restricted to [-0.00193527 : 1.41752]
        #datapoints = 12
function used for fitting: K(x)
	K(E)=b*E+a
fitted parameters initialized with current variable values

iter      chisq       delta/lim  lambda   a             b            
   0 1.2981011600e+11  0.00e+00 5.50e+01  1.000000e+00  1.000000e+00
   4 1.0775476943e+03 -1.38e-01 5.50e-03 -5.018651e+00  2.398889e+03

After 4 iterations the fit converged.
final sum of squares of residuals : 1077.55
rel. change during last iteration : -1.38103e-006

degrees of freedom    (FIT_NDF)                        : 10
rms of residuals      (FIT_STDFIT) = sqrt(WSSR/ndf)    : 10.3805
variance of residuals (reduced chisquare) = WSSR/ndf   : 107.755
p-value of the Chisq distribution (FIT_P)              : 0

Final set of parameters            Asymptotic Standard Error
=======================            ==========================
a               = -5.01865         +/- 0.09933      (1.979%)
b               = 2398.89          +/- 0.147        (0.006129%)

correlation matrix of the fit parameters:
                a      b      
a               1.000 
b              -0.884  1.000 


*******************************************************************************
Thu Dec 22 19:28:33 2016


FIT:    data read from "energieeichung.txt" u 1:2:3 yerr
        format = x:z:s
        x range restricted to [0.00000 : 4500.00]
        #datapoints = 13
function used for fitting: K(x)
	K(x)=b*x+a
fitted parameters initialized with current variable values

iter      chisq       delta/lim  lambda   a             b            
   0 1.4435596509e+11  0.00e+00 5.43e+01  1.000000e+00  1.000000e+00
   4 1.2360322203e+03 -6.60e-02 5.43e-03 -4.990618e+00  2.398827e+03

After 4 iterations the fit converged.
final sum of squares of residuals : 1236.03
rel. change during last iteration : -6.59798e-007

degrees of freedom    (FIT_NDF)                        : 11
rms of residuals      (FIT_STDFIT) = sqrt(WSSR/ndf)    : 10.6003
variance of residuals (reduced chisquare) = WSSR/ndf   : 112.367
p-value of the Chisq distribution (FIT_P)              : 0

Final set of parameters            Asymptotic Standard Error
=======================            ==========================
a               = -4.99062         +/- 0.09865      (1.977%)
b               = 2398.83          +/- 0.1406       (0.005862%)

correlation matrix of the fit parameters:
                a      b      
a               1.000 
b              -0.880  1.000 


*******************************************************************************
Thu Dec 22 19:28:47 2016


FIT:    data read from "energieeichung.txt" u 1:2:3 yerr
        format = x:z:s
        #datapoints = 13
function used for fitting: K(x)
	K(E)=b*E+a
fitted parameters initialized with current variable values

iter      chisq       delta/lim  lambda   a             b            
   0 1.4435596509e+11  0.00e+00 5.43e+01  1.000000e+00  1.000000e+00
   4 1.2360322203e+03 -6.60e-02 5.43e-03 -4.990618e+00  2.398827e+03

After 4 iterations the fit converged.
final sum of squares of residuals : 1236.03
rel. change during last iteration : -6.59798e-007

degrees of freedom    (FIT_NDF)                        : 11
rms of residuals      (FIT_STDFIT) = sqrt(WSSR/ndf)    : 10.6003
variance of residuals (reduced chisquare) = WSSR/ndf   : 112.367
p-value of the Chisq distribution (FIT_P)              : 0

Final set of parameters            Asymptotic Standard Error
=======================            ==========================
a               = -4.99062         +/- 0.09865      (1.977%)
b               = 2398.83          +/- 0.1406       (0.005862%)

correlation matrix of the fit parameters:
                a      b      
a               1.000 
b              -0.880  1.000 


*******************************************************************************
Thu Dec 22 19:29:56 2016


FIT:    data read from "energieeichung.txt" u 1:2:3 yerr
        format = x:z:s
        #datapoints = 13
function used for fitting: K(x)
	K(E)=b*E+a
fitted parameters initialized with current variable values

iter      chisq       delta/lim  lambda   a             b            
   0 1.4435596509e+11  0.00e+00 5.43e+01  1.000000e+00  1.000000e+00
   4 1.2360322203e+03 -6.60e-02 5.43e-03 -4.990618e+00  2.398827e+03

After 4 iterations the fit converged.
final sum of squares of residuals : 1236.03
rel. change during last iteration : -6.59798e-007

degrees of freedom    (FIT_NDF)                        : 11
rms of residuals      (FIT_STDFIT) = sqrt(WSSR/ndf)    : 10.6003
variance of residuals (reduced chisquare) = WSSR/ndf   : 112.367
p-value of the Chisq distribution (FIT_P)              : 0

Final set of parameters            Asymptotic Standard Error
=======================            ==========================
a               = -4.99062         +/- 0.09865      (1.977%)
b               = 2398.83          +/- 0.1406       (0.005862%)

correlation matrix of the fit parameters:
                a      b      
a               1.000 
b              -0.880  1.000 


*******************************************************************************
Thu Dec 22 19:30:30 2016


FIT:    data read from "energieeichung.txt" u 1:2:3 yerr
        format = x:z:s
        #datapoints = 13
function used for fitting: K(x)
	K(E)=b*E+a
fitted parameters initialized with current variable values

iter      chisq       delta/lim  lambda   a             b            
   0 1.4435596509e+11  0.00e+00 5.43e+01  1.000000e+00  1.000000e+00
   4 1.2360322203e+03 -6.60e-02 5.43e-03 -4.990618e+00  2.398827e+03

After 4 iterations the fit converged.
final sum of squares of residuals : 1236.03
rel. change during last iteration : -6.59798e-007

degrees of freedom    (FIT_NDF)                        : 11
rms of residuals      (FIT_STDFIT) = sqrt(WSSR/ndf)    : 10.6003
variance of residuals (reduced chisquare) = WSSR/ndf   : 112.367
p-value of the Chisq distribution (FIT_P)              : 0

Final set of parameters            Asymptotic Standard Error
=======================            ==========================
a               = -4.99062         +/- 0.09865      (1.977%)
b               = 2398.83          +/- 0.1406       (0.005862%)

correlation matrix of the fit parameters:
                a      b      
a               1.000 
b              -0.880  1.000 


*******************************************************************************
Thu Dec 22 19:30:45 2016


FIT:    data read from "energieeichung.txt" u 1:2:3 yerr
        format = x:z:s
        #datapoints = 13
function used for fitting: K(x)
	K(E)=b*E+a
fitted parameters initialized with current variable values

iter      chisq       delta/lim  lambda   a             b            
   0 1.4435596509e+11  0.00e+00 5.43e+01  1.000000e+00  1.000000e+00
   4 1.2360322203e+03 -6.60e-02 5.43e-03 -4.990618e+00  2.398827e+03

After 4 iterations the fit converged.
final sum of squares of residuals : 1236.03
rel. change during last iteration : -6.59798e-007

degrees of freedom    (FIT_NDF)                        : 11
rms of residuals      (FIT_STDFIT) = sqrt(WSSR/ndf)    : 10.6003
variance of residuals (reduced chisquare) = WSSR/ndf   : 112.367
p-value of the Chisq distribution (FIT_P)              : 0

Final set of parameters            Asymptotic Standard Error
=======================            ==========================
a               = -4.99062         +/- 0.09865      (1.977%)
b               = 2398.83          +/- 0.1406       (0.005862%)

correlation matrix of the fit parameters:
                a      b      
a               1.000 
b              -0.880  1.000 


*******************************************************************************
Thu Dec 22 19:31:02 2016


FIT:    data read from "energieeichung.txt" u 1:2:3 yerr
        format = x:z:s
        #datapoints = 13
function used for fitting: K(x)
	K(E)=b*E+a
fitted parameters initialized with current variable values

iter      chisq       delta/lim  lambda   a             b            
   0 1.4435596509e+11  0.00e+00 5.43e+01  1.000000e+00  1.000000e+00
   4 1.2360322203e+03 -6.60e-02 5.43e-03 -4.990618e+00  2.398827e+03

After 4 iterations the fit converged.
final sum of squares of residuals : 1236.03
rel. change during last iteration : -6.59798e-007

degrees of freedom    (FIT_NDF)                        : 11
rms of residuals      (FIT_STDFIT) = sqrt(WSSR/ndf)    : 10.6003
variance of residuals (reduced chisquare) = WSSR/ndf   : 112.367
p-value of the Chisq distribution (FIT_P)              : 0

Final set of parameters            Asymptotic Standard Error
=======================            ==========================
a               = -4.99062         +/- 0.09865      (1.977%)
b               = 2398.83          +/- 0.1406       (0.005862%)

correlation matrix of the fit parameters:
                a      b      
a               1.000 
b              -0.880  1.000 


*******************************************************************************
Thu Dec 22 19:31:21 2016


FIT:    data read from "energieeichung.txt" u 1:2:3 yerr
        format = x:z:s
        #datapoints = 13
function used for fitting: K(x)
	K(E)=b*E+a
fitted parameters initialized with current variable values

iter      chisq       delta/lim  lambda   a             b            
   0 1.4435596509e+11  0.00e+00 5.43e+01  1.000000e+00  1.000000e+00
   4 1.2360322203e+03 -6.60e-02 5.43e-03 -4.990618e+00  2.398827e+03

After 4 iterations the fit converged.
final sum of squares of residuals : 1236.03
rel. change during last iteration : -6.59798e-007

degrees of freedom    (FIT_NDF)                        : 11
rms of residuals      (FIT_STDFIT) = sqrt(WSSR/ndf)    : 10.6003
variance of residuals (reduced chisquare) = WSSR/ndf   : 112.367
p-value of the Chisq distribution (FIT_P)              : 0

Final set of parameters            Asymptotic Standard Error
=======================            ==========================
a               = -4.99062         +/- 0.09865      (1.977%)
b               = 2398.83          +/- 0.1406       (0.005862%)

correlation matrix of the fit parameters:
                a      b      
a               1.000 
b              -0.880  1.000 


*******************************************************************************
Thu Dec 22 19:31:46 2016


FIT:    data read from "energieeichung.txt" u 1:2:3 yerr
        format = x:z:s
        #datapoints = 13
function used for fitting: K(x)
	K(E)=b*E+a
fitted parameters initialized with current variable values

iter      chisq       delta/lim  lambda   a             b            
   0 1.4435596509e+11  0.00e+00 5.43e+01  1.000000e+00  1.000000e+00
   4 1.2360322203e+03 -6.60e-02 5.43e-03 -4.990618e+00  2.398827e+03

After 4 iterations the fit converged.
final sum of squares of residuals : 1236.03
rel. change during last iteration : -6.59798e-007

degrees of freedom    (FIT_NDF)                        : 11
rms of residuals      (FIT_STDFIT) = sqrt(WSSR/ndf)    : 10.6003
variance of residuals (reduced chisquare) = WSSR/ndf   : 112.367
p-value of the Chisq distribution (FIT_P)              : 0

Final set of parameters            Asymptotic Standard Error
=======================            ==========================
a               = -4.99062         +/- 0.09865      (1.977%)
b               = 2398.83          +/- 0.1406       (0.005862%)

correlation matrix of the fit parameters:
                a      b      
a               1.000 
b              -0.880  1.000 


*******************************************************************************
Thu Dec 22 19:32:04 2016


FIT:    data read from "energieeichung.txt" u 1:2:3 yerr
        format = x:z:s
        #datapoints = 13
function used for fitting: K(x)
	K(E)=b*E+a
fitted parameters initialized with current variable values

iter      chisq       delta/lim  lambda   a             b            
   0 1.4435596509e+11  0.00e+00 5.43e+01  1.000000e+00  1.000000e+00
   4 1.2360322203e+03 -6.60e-02 5.43e-03 -4.990618e+00  2.398827e+03

After 4 iterations the fit converged.
final sum of squares of residuals : 1236.03
rel. change during last iteration : -6.59798e-007

degrees of freedom    (FIT_NDF)                        : 11
rms of residuals      (FIT_STDFIT) = sqrt(WSSR/ndf)    : 10.6003
variance of residuals (reduced chisquare) = WSSR/ndf   : 112.367
p-value of the Chisq distribution (FIT_P)              : 0

Final set of parameters            Asymptotic Standard Error
=======================            ==========================
a               = -4.99062         +/- 0.09865      (1.977%)
b               = 2398.83          +/- 0.1406       (0.005862%)

correlation matrix of the fit parameters:
                a      b      
a               1.000 
b              -0.880  1.000 


*******************************************************************************
Thu Dec 22 19:32:17 2016


FIT:    data read from "energieeichung.txt" u 1:2:3 yerr
        format = x:z:s
        #datapoints = 13
function used for fitting: K(x)
	K(E)=b*E+a
fitted parameters initialized with current variable values

iter      chisq       delta/lim  lambda   a             b            
   0 1.4435596509e+11  0.00e+00 5.43e+01  1.000000e+00  1.000000e+00
   4 1.2360322203e+03 -6.60e-02 5.43e-03 -4.990618e+00  2.398827e+03

After 4 iterations the fit converged.
final sum of squares of residuals : 1236.03
rel. change during last iteration : -6.59798e-007

degrees of freedom    (FIT_NDF)                        : 11
rms of residuals      (FIT_STDFIT) = sqrt(WSSR/ndf)    : 10.6003
variance of residuals (reduced chisquare) = WSSR/ndf   : 112.367
p-value of the Chisq distribution (FIT_P)              : 0

Final set of parameters            Asymptotic Standard Error
=======================            ==========================
a               = -4.99062         +/- 0.09865      (1.977%)
b               = 2398.83          +/- 0.1406       (0.005862%)

correlation matrix of the fit parameters:
                a      b      
a               1.000 
b              -0.880  1.000 


*******************************************************************************
Thu Dec 22 19:33:46 2016


FIT:    data read from "energieeichung.txt" u 1:2:3 yerr
        format = x:z:s
        #datapoints = 13
function used for fitting: K(x)
	K(E)=b*E+a
fitted parameters initialized with current variable values

iter      chisq       delta/lim  lambda   a             b            
   0 1.4435596509e+11  0.00e+00 5.43e+01  1.000000e+00  1.000000e+00
   4 1.2360322203e+03 -6.60e-02 5.43e-03 -4.990618e+00  2.398827e+03

After 4 iterations the fit converged.
final sum of squares of residuals : 1236.03
rel. change during last iteration : -6.59798e-007

degrees of freedom    (FIT_NDF)                        : 11
rms of residuals      (FIT_STDFIT) = sqrt(WSSR/ndf)    : 10.6003
variance of residuals (reduced chisquare) = WSSR/ndf   : 112.367
p-value of the Chisq distribution (FIT_P)              : 0

Final set of parameters            Asymptotic Standard Error
=======================            ==========================
a               = -4.99062         +/- 0.09865      (1.977%)
b               = 2398.83          +/- 0.1406       (0.005862%)

correlation matrix of the fit parameters:
                a      b      
a               1.000 
b              -0.880  1.000 


*******************************************************************************
Thu Dec 22 19:33:54 2016


FIT:    data read from "energieeichung.txt" u 1:2:3 yerr
        format = x:z:s
        #datapoints = 13
function used for fitting: K(x)
	K(E)=b*E+a
fitted parameters initialized with current variable values

iter      chisq       delta/lim  lambda   a             b            
   0 1.4435596509e+11  0.00e+00 5.43e+01  1.000000e+00  1.000000e+00
   4 1.2360322203e+03 -6.60e-02 5.43e-03 -4.990618e+00  2.398827e+03

After 4 iterations the fit converged.
final sum of squares of residuals : 1236.03
rel. change during last iteration : -6.59798e-007

degrees of freedom    (FIT_NDF)                        : 11
rms of residuals      (FIT_STDFIT) = sqrt(WSSR/ndf)    : 10.6003
variance of residuals (reduced chisquare) = WSSR/ndf   : 112.367
p-value of the Chisq distribution (FIT_P)              : 0

Final set of parameters            Asymptotic Standard Error
=======================            ==========================
a               = -4.99062         +/- 0.09865      (1.977%)
b               = 2398.83          +/- 0.1406       (0.005862%)

correlation matrix of the fit parameters:
                a      b      
a               1.000 
b              -0.880  1.000 


*******************************************************************************
Thu Dec 22 19:34:25 2016


FIT:    data read from "energieeichung.txt" u 1:2:3 yerr
        format = x:z:s
        #datapoints = 13
function used for fitting: K(x)
	K(E)=b*E+a
fitted parameters initialized with current variable values

iter      chisq       delta/lim  lambda   a             b            
   0 1.4435596509e+11  0.00e+00 5.43e+01  1.000000e+00  1.000000e+00
   4 1.2360322203e+03 -6.60e-02 5.43e-03 -4.990618e+00  2.398827e+03

After 4 iterations the fit converged.
final sum of squares of residuals : 1236.03
rel. change during last iteration : -6.59798e-007

degrees of freedom    (FIT_NDF)                        : 11
rms of residuals      (FIT_STDFIT) = sqrt(WSSR/ndf)    : 10.6003
variance of residuals (reduced chisquare) = WSSR/ndf   : 112.367
p-value of the Chisq distribution (FIT_P)              : 0

Final set of parameters            Asymptotic Standard Error
=======================            ==========================
a               = -4.99062         +/- 0.09865      (1.977%)
b               = 2398.83          +/- 0.1406       (0.005862%)

correlation matrix of the fit parameters:
                a      b      
a               1.000 
b              -0.880  1.000 


*******************************************************************************
Thu Dec 22 19:34:50 2016


FIT:    data read from "energieeichung.txt" u 1:2:3 yerr
        format = x:z:s
        #datapoints = 13
function used for fitting: K(x)
	K(E)=b*E+a
fitted parameters initialized with current variable values

iter      chisq       delta/lim  lambda   a             b            
   0 1.4435596509e+11  0.00e+00 5.43e+01  1.000000e+00  1.000000e+00
   4 1.2360322203e+03 -6.60e-02 5.43e-03 -4.990618e+00  2.398827e+03

After 4 iterations the fit converged.
final sum of squares of residuals : 1236.03
rel. change during last iteration : -6.59798e-007

degrees of freedom    (FIT_NDF)                        : 11
rms of residuals      (FIT_STDFIT) = sqrt(WSSR/ndf)    : 10.6003
variance of residuals (reduced chisquare) = WSSR/ndf   : 112.367
p-value of the Chisq distribution (FIT_P)              : 0

Final set of parameters            Asymptotic Standard Error
=======================            ==========================
a               = -4.99062         +/- 0.09865      (1.977%)
b               = 2398.83          +/- 0.1406       (0.005862%)

correlation matrix of the fit parameters:
                a      b      
a               1.000 
b              -0.880  1.000 


*******************************************************************************
Thu Dec 22 19:35:01 2016


FIT:    data read from "energieeichung.txt" u 1:2:3 yerr
        format = x:z:s
        #datapoints = 13
function used for fitting: K(x)
	K(E)=b*E+a
fitted parameters initialized with current variable values

iter      chisq       delta/lim  lambda   a             b            
   0 1.4435596509e+11  0.00e+00 5.43e+01  1.000000e+00  1.000000e+00
   4 1.2360322203e+03 -6.60e-02 5.43e-03 -4.990618e+00  2.398827e+03

After 4 iterations the fit converged.
final sum of squares of residuals : 1236.03
rel. change during last iteration : -6.59798e-007

degrees of freedom    (FIT_NDF)                        : 11
rms of residuals      (FIT_STDFIT) = sqrt(WSSR/ndf)    : 10.6003
variance of residuals (reduced chisquare) = WSSR/ndf   : 112.367
p-value of the Chisq distribution (FIT_P)              : 0

Final set of parameters            Asymptotic Standard Error
=======================            ==========================
a               = -4.99062         +/- 0.09865      (1.977%)
b               = 2398.83          +/- 0.1406       (0.005862%)

correlation matrix of the fit parameters:
                a      b      
a               1.000 
b              -0.880  1.000 


*******************************************************************************
Thu Dec 22 19:35:44 2016


FIT:    data read from "energieeichung.txt" u 1:2:3 yerr
        format = x:z:s
        #datapoints = 13
function used for fitting: K(x)
	K(E)=b*E+a
fitted parameters initialized with current variable values

iter      chisq       delta/lim  lambda   a             b            
   0 1.4435596509e+11  0.00e+00 5.43e+01  1.000000e+00  1.000000e+00
   4 1.2360322203e+03 -6.60e-02 5.43e-03 -4.990618e+00  2.398827e+03

After 4 iterations the fit converged.
final sum of squares of residuals : 1236.03
rel. change during last iteration : -6.59798e-007

degrees of freedom    (FIT_NDF)                        : 11
rms of residuals      (FIT_STDFIT) = sqrt(WSSR/ndf)    : 10.6003
variance of residuals (reduced chisquare) = WSSR/ndf   : 112.367
p-value of the Chisq distribution (FIT_P)              : 0

Final set of parameters            Asymptotic Standard Error
=======================            ==========================
a               = -4.99062         +/- 0.09865      (1.977%)
b               = 2398.83          +/- 0.1406       (0.005862%)

correlation matrix of the fit parameters:
                a      b      
a               1.000 
b              -0.880  1.000 


*******************************************************************************
Thu Dec 22 19:37:12 2016


FIT:    data read from "energieeichung.txt" u 1:2:3 yerr
        format = x:z:s
        #datapoints = 13
function used for fitting: K(x)
	K(E)=b*E+a
fitted parameters initialized with current variable values

iter      chisq       delta/lim  lambda   a             b            
   0 1.4435596509e+11  0.00e+00 5.43e+01  1.000000e+00  1.000000e+00
   4 1.2360322203e+03 -6.60e-02 5.43e-03 -4.990618e+00  2.398827e+03

After 4 iterations the fit converged.
final sum of squares of residuals : 1236.03
rel. change during last iteration : -6.59798e-007

degrees of freedom    (FIT_NDF)                        : 11
rms of residuals      (FIT_STDFIT) = sqrt(WSSR/ndf)    : 10.6003
variance of residuals (reduced chisquare) = WSSR/ndf   : 112.367
p-value of the Chisq distribution (FIT_P)              : 0

Final set of parameters            Asymptotic Standard Error
=======================            ==========================
a               = -4.99062         +/- 0.09865      (1.977%)
b               = 2398.83          +/- 0.1406       (0.005862%)

correlation matrix of the fit parameters:
                a      b      
a               1.000 
b              -0.880  1.000 


*******************************************************************************
Thu Dec 22 19:39:09 2016


FIT:    data read from "energieeichung.txt" u 1:2:3 yerr
        format = x:z:s
        #datapoints = 13
function used for fitting: K(x)
	K(E)=b*E+a
fitted parameters initialized with current variable values

iter      chisq       delta/lim  lambda   a             b            
   0 1.4435596509e+11  0.00e+00 5.43e+01  1.000000e+00  1.000000e+00
   4 1.2360322203e+03 -6.60e-02 5.43e-03 -4.990618e+00  2.398827e+03

After 4 iterations the fit converged.
final sum of squares of residuals : 1236.03
rel. change during last iteration : -6.59798e-007

degrees of freedom    (FIT_NDF)                        : 11
rms of residuals      (FIT_STDFIT) = sqrt(WSSR/ndf)    : 10.6003
variance of residuals (reduced chisquare) = WSSR/ndf   : 112.367
p-value of the Chisq distribution (FIT_P)              : 0

Final set of parameters            Asymptotic Standard Error
=======================            ==========================
a               = -4.99062         +/- 0.09865      (1.977%)
b               = 2398.83          +/- 0.1406       (0.005862%)

correlation matrix of the fit parameters:
                a      b      
a               1.000 
b              -0.880  1.000 


*******************************************************************************
Thu Dec 22 19:39:29 2016


FIT:    data read from "energieeichung.txt" u 1:2:3 yerr
        format = x:z:s
        #datapoints = 13
function used for fitting: K(x)
	K(x)=b*x+a
fitted parameters initialized with current variable values

iter      chisq       delta/lim  lambda   a             b            
   0 1.4435596509e+11  0.00e+00 5.43e+01  1.000000e+00  1.000000e+00
   4 1.2360322203e+03 -6.60e-02 5.43e-03 -4.990618e+00  2.398827e+03

After 4 iterations the fit converged.
final sum of squares of residuals : 1236.03
rel. change during last iteration : -6.59798e-007

degrees of freedom    (FIT_NDF)                        : 11
rms of residuals      (FIT_STDFIT) = sqrt(WSSR/ndf)    : 10.6003
variance of residuals (reduced chisquare) = WSSR/ndf   : 112.367
p-value of the Chisq distribution (FIT_P)              : 0

Final set of parameters            Asymptotic Standard Error
=======================            ==========================
a               = -4.99062         +/- 0.09865      (1.977%)
b               = 2398.83          +/- 0.1406       (0.005862%)

correlation matrix of the fit parameters:
                a      b      
a               1.000 
b              -0.880  1.000 


*******************************************************************************
Thu Dec 22 19:40:05 2016


FIT:    data read from "energieeichung.txt" u 1:2:3 yerr
        format = x:z:s
        #datapoints = 13
function used for fitting: K(x)
	K(x)=b*x+a
fitted parameters initialized with current variable values

iter      chisq       delta/lim  lambda   a             b            
   0 1.4435596509e+11  0.00e+00 5.43e+01  1.000000e+00  1.000000e+00
   4 1.2360322203e+03 -6.60e-02 5.43e-03 -4.990618e+00  2.398827e+03

After 4 iterations the fit converged.
final sum of squares of residuals : 1236.03
rel. change during last iteration : -6.59798e-007

degrees of freedom    (FIT_NDF)                        : 11
rms of residuals      (FIT_STDFIT) = sqrt(WSSR/ndf)    : 10.6003
variance of residuals (reduced chisquare) = WSSR/ndf   : 112.367
p-value of the Chisq distribution (FIT_P)              : 0

Final set of parameters            Asymptotic Standard Error
=======================            ==========================
a               = -4.99062         +/- 0.09865      (1.977%)
b               = 2398.83          +/- 0.1406       (0.005862%)

correlation matrix of the fit parameters:
                a      b      
a               1.000 
b              -0.880  1.000 


*******************************************************************************
Thu Dec 22 19:40:13 2016


FIT:    data read from "energieeichung.txt" u 1:2:3 yerr
        format = x:z:s
        #datapoints = 13
function used for fitting: K(x)
	K(x)=b*x+a
fitted parameters initialized with current variable values

iter      chisq       delta/lim  lambda   a             b            
   0 1.4435596509e+11  0.00e+00 5.43e+01  1.000000e+00  1.000000e+00
   4 1.2360322203e+03 -6.60e-02 5.43e-03 -4.990618e+00  2.398827e+03

After 4 iterations the fit converged.
final sum of squares of residuals : 1236.03
rel. change during last iteration : -6.59798e-007

degrees of freedom    (FIT_NDF)                        : 11
rms of residuals      (FIT_STDFIT) = sqrt(WSSR/ndf)    : 10.6003
variance of residuals (reduced chisquare) = WSSR/ndf   : 112.367
p-value of the Chisq distribution (FIT_P)              : 0

Final set of parameters            Asymptotic Standard Error
=======================            ==========================
a               = -4.99062         +/- 0.09865      (1.977%)
b               = 2398.83          +/- 0.1406       (0.005862%)

correlation matrix of the fit parameters:
                a      b      
a               1.000 
b              -0.880  1.000 


*******************************************************************************
Thu Dec 22 19:40:21 2016


FIT:    data read from "energieeichung.txt" u 1:2:3 yerr
        format = x:z:s
        #datapoints = 13
function used for fitting: K(x)
	K(x)=b*x+a
fitted parameters initialized with current variable values

iter      chisq       delta/lim  lambda   a             b            
   0 1.4435596509e+11  0.00e+00 5.43e+01  1.000000e+00  1.000000e+00
   4 1.2360322203e+03 -6.60e-02 5.43e-03 -4.990618e+00  2.398827e+03

After 4 iterations the fit converged.
final sum of squares of residuals : 1236.03
rel. change during last iteration : -6.59798e-007

degrees of freedom    (FIT_NDF)                        : 11
rms of residuals      (FIT_STDFIT) = sqrt(WSSR/ndf)    : 10.6003
variance of residuals (reduced chisquare) = WSSR/ndf   : 112.367
p-value of the Chisq distribution (FIT_P)              : 0

Final set of parameters            Asymptotic Standard Error
=======================            ==========================
a               = -4.99062         +/- 0.09865      (1.977%)
b               = 2398.83          +/- 0.1406       (0.005862%)

correlation matrix of the fit parameters:
                a      b      
a               1.000 
b              -0.880  1.000 


*******************************************************************************
Thu Dec 22 19:40:23 2016


FIT:    data read from "energieeichung.txt" u 1:2:3 yerr
        format = x:z:s
        #datapoints = 13
function used for fitting: K(x)
	K(x)=b*x+a
fitted parameters initialized with current variable values

iter      chisq       delta/lim  lambda   a             b            
   0 1.4435596509e+11  0.00e+00 5.43e+01  1.000000e+00  1.000000e+00
   4 1.2360322203e+03 -6.60e-02 5.43e-03 -4.990618e+00  2.398827e+03

After 4 iterations the fit converged.
final sum of squares of residuals : 1236.03
rel. change during last iteration : -6.59798e-007

degrees of freedom    (FIT_NDF)                        : 11
rms of residuals      (FIT_STDFIT) = sqrt(WSSR/ndf)    : 10.6003
variance of residuals (reduced chisquare) = WSSR/ndf   : 112.367
p-value of the Chisq distribution (FIT_P)              : 0

Final set of parameters            Asymptotic Standard Error
=======================            ==========================
a               = -4.99062         +/- 0.09865      (1.977%)
b               = 2398.83          +/- 0.1406       (0.005862%)

correlation matrix of the fit parameters:
                a      b      
a               1.000 
b              -0.880  1.000 


*******************************************************************************
Thu Dec 22 19:40:24 2016


FIT:    data read from "energieeichung.txt" u 1:2:3 yerr
        format = x:z:s
        #datapoints = 13
function used for fitting: K(x)
	K(x)=b*x+a
fitted parameters initialized with current variable values

iter      chisq       delta/lim  lambda   a             b            
   0 1.4435596509e+11  0.00e+00 5.43e+01  1.000000e+00  1.000000e+00
   4 1.2360322203e+03 -6.60e-02 5.43e-03 -4.990618e+00  2.398827e+03

After 4 iterations the fit converged.
final sum of squares of residuals : 1236.03
rel. change during last iteration : -6.59798e-007

degrees of freedom    (FIT_NDF)                        : 11
rms of residuals      (FIT_STDFIT) = sqrt(WSSR/ndf)    : 10.6003
variance of residuals (reduced chisquare) = WSSR/ndf   : 112.367
p-value of the Chisq distribution (FIT_P)              : 0

Final set of parameters            Asymptotic Standard Error
=======================            ==========================
a               = -4.99062         +/- 0.09865      (1.977%)
b               = 2398.83          +/- 0.1406       (0.005862%)

correlation matrix of the fit parameters:
                a      b      
a               1.000 
b              -0.880  1.000 


*******************************************************************************
Thu Dec 22 19:40:26 2016


FIT:    data read from "energieeichung.txt" u 1:2:3 yerr
        format = x:z:s
        #datapoints = 13
function used for fitting: K(x)
	K(E)=b*E+a
fitted parameters initialized with current variable values

iter      chisq       delta/lim  lambda   a             b            
   0 1.4435596509e+11  0.00e+00 5.43e+01  1.000000e+00  1.000000e+00
   4 1.2360322203e+03 -6.60e-02 5.43e-03 -4.990618e+00  2.398827e+03

After 4 iterations the fit converged.
final sum of squares of residuals : 1236.03
rel. change during last iteration : -6.59798e-007

degrees of freedom    (FIT_NDF)                        : 11
rms of residuals      (FIT_STDFIT) = sqrt(WSSR/ndf)    : 10.6003
variance of residuals (reduced chisquare) = WSSR/ndf   : 112.367
p-value of the Chisq distribution (FIT_P)              : 0

Final set of parameters            Asymptotic Standard Error
=======================            ==========================
a               = -4.99062         +/- 0.09865      (1.977%)
b               = 2398.83          +/- 0.1406       (0.005862%)

correlation matrix of the fit parameters:
                a      b      
a               1.000 
b              -0.880  1.000 


*******************************************************************************
Thu Dec 22 19:40:29 2016


FIT:    data read from "energieeichung.txt" u 1:2:3 yerr
        format = x:z:s
        #datapoints = 13
function used for fitting: K(x)
	K(x)=b*x+a
fitted parameters initialized with current variable values

iter      chisq       delta/lim  lambda   a             b            
   0 1.4435596509e+11  0.00e+00 5.43e+01  1.000000e+00  1.000000e+00
   4 1.2360322203e+03 -6.60e-02 5.43e-03 -4.990618e+00  2.398827e+03

After 4 iterations the fit converged.
final sum of squares of residuals : 1236.03
rel. change during last iteration : -6.59798e-007

degrees of freedom    (FIT_NDF)                        : 11
rms of residuals      (FIT_STDFIT) = sqrt(WSSR/ndf)    : 10.6003
variance of residuals (reduced chisquare) = WSSR/ndf   : 112.367
p-value of the Chisq distribution (FIT_P)              : 0

Final set of parameters            Asymptotic Standard Error
=======================            ==========================
a               = -4.99062         +/- 0.09865      (1.977%)
b               = 2398.83          +/- 0.1406       (0.005862%)

correlation matrix of the fit parameters:
                a      b      
a               1.000 
b              -0.880  1.000 


*******************************************************************************
Thu Dec 22 19:40:34 2016


FIT:    data read from "energieeichung.txt" u 1:2:3 yerr
        format = x:z:s
        #datapoints = 13
function used for fitting: K(x)
	K(x)=b*x+a
fitted parameters initialized with current variable values

iter      chisq       delta/lim  lambda   a             b            
   0 1.4435596509e+11  0.00e+00 5.43e+01  1.000000e+00  1.000000e+00
   4 1.2360322203e+03 -6.60e-02 5.43e-03 -4.990618e+00  2.398827e+03

After 4 iterations the fit converged.
final sum of squares of residuals : 1236.03
rel. change during last iteration : -6.59798e-007

degrees of freedom    (FIT_NDF)                        : 11
rms of residuals      (FIT_STDFIT) = sqrt(WSSR/ndf)    : 10.6003
variance of residuals (reduced chisquare) = WSSR/ndf   : 112.367
p-value of the Chisq distribution (FIT_P)              : 0

Final set of parameters            Asymptotic Standard Error
=======================            ==========================
a               = -4.99062         +/- 0.09865      (1.977%)
b               = 2398.83          +/- 0.1406       (0.005862%)

correlation matrix of the fit parameters:
                a      b      
a               1.000 
b              -0.880  1.000 


*******************************************************************************
Thu Dec 22 19:40:44 2016


FIT:    data read from "energieeichung.txt" u 1:2:3 yerr
        format = x:z:s
        #datapoints = 13
function used for fitting: K(x)
	K(x)=b*x+a
fitted parameters initialized with current variable values

iter      chisq       delta/lim  lambda   a             b            
   0 1.4435596509e+11  0.00e+00 5.43e+01  1.000000e+00  1.000000e+00
   4 1.2360322203e+03 -6.60e-02 5.43e-03 -4.990618e+00  2.398827e+03

After 4 iterations the fit converged.
final sum of squares of residuals : 1236.03
rel. change during last iteration : -6.59798e-007

degrees of freedom    (FIT_NDF)                        : 11
rms of residuals      (FIT_STDFIT) = sqrt(WSSR/ndf)    : 10.6003
variance of residuals (reduced chisquare) = WSSR/ndf   : 112.367
p-value of the Chisq distribution (FIT_P)              : 0

Final set of parameters            Asymptotic Standard Error
=======================            ==========================
a               = -4.99062         +/- 0.09865      (1.977%)
b               = 2398.83          +/- 0.1406       (0.005862%)

correlation matrix of the fit parameters:
                a      b      
a               1.000 
b              -0.880  1.000 


*******************************************************************************
Thu Dec 22 19:41:12 2016


FIT:    data read from "energieeichung.txt" u 1:2:3 yerr
        format = x:z:s
        #datapoints = 13
function used for fitting: K(x)
	K(x)=b*x+a
fitted parameters initialized with current variable values

iter      chisq       delta/lim  lambda   a             b            
   0 1.4435596509e+11  0.00e+00 5.43e+01  1.000000e+00  1.000000e+00
   4 1.2360322203e+03 -6.60e-02 5.43e-03 -4.990618e+00  2.398827e+03

After 4 iterations the fit converged.
final sum of squares of residuals : 1236.03
rel. change during last iteration : -6.59798e-007

degrees of freedom    (FIT_NDF)                        : 11
rms of residuals      (FIT_STDFIT) = sqrt(WSSR/ndf)    : 10.6003
variance of residuals (reduced chisquare) = WSSR/ndf   : 112.367
p-value of the Chisq distribution (FIT_P)              : 0

Final set of parameters            Asymptotic Standard Error
=======================            ==========================
a               = -4.99062         +/- 0.09865      (1.977%)
b               = 2398.83          +/- 0.1406       (0.005862%)

correlation matrix of the fit parameters:
                a      b      
a               1.000 
b              -0.880  1.000 


*******************************************************************************
Thu Dec 22 19:41:26 2016


FIT:    data read from "energieeichung.txt" u 1:2:3 yerr
        format = x:z:s
        #datapoints = 13
function used for fitting: K(x)
	K(x)=b*x+a
fitted parameters initialized with current variable values

iter      chisq       delta/lim  lambda   a             b            
   0 1.4435596509e+11  0.00e+00 5.43e+01  1.000000e+00  1.000000e+00
   4 1.2360322203e+03 -6.60e-02 5.43e-03 -4.990618e+00  2.398827e+03

After 4 iterations the fit converged.
final sum of squares of residuals : 1236.03
rel. change during last iteration : -6.59798e-007

degrees of freedom    (FIT_NDF)                        : 11
rms of residuals      (FIT_STDFIT) = sqrt(WSSR/ndf)    : 10.6003
variance of residuals (reduced chisquare) = WSSR/ndf   : 112.367
p-value of the Chisq distribution (FIT_P)              : 0

Final set of parameters            Asymptotic Standard Error
=======================            ==========================
a               = -4.99062         +/- 0.09865      (1.977%)
b               = 2398.83          +/- 0.1406       (0.005862%)

correlation matrix of the fit parameters:
                a      b      
a               1.000 
b              -0.880  1.000 


*******************************************************************************
Thu Dec 22 19:41:54 2016


FIT:    data read from "energieeichung.txt" u 1:2:3 yerr
        format = x:z:s
        #datapoints = 13
function used for fitting: K(x)
	K(x)=b*x+a
fitted parameters initialized with current variable values

iter      chisq       delta/lim  lambda   a             b            
   0 1.4435596509e+11  0.00e+00 5.43e+01  1.000000e+00  1.000000e+00
   4 1.2360322203e+03 -6.60e-02 5.43e-03 -4.990618e+00  2.398827e+03

After 4 iterations the fit converged.
final sum of squares of residuals : 1236.03
rel. change during last iteration : -6.59798e-007

degrees of freedom    (FIT_NDF)                        : 11
rms of residuals      (FIT_STDFIT) = sqrt(WSSR/ndf)    : 10.6003
variance of residuals (reduced chisquare) = WSSR/ndf   : 112.367
p-value of the Chisq distribution (FIT_P)              : 0

Final set of parameters            Asymptotic Standard Error
=======================            ==========================
a               = -4.99062         +/- 0.09865      (1.977%)
b               = 2398.83          +/- 0.1406       (0.005862%)

correlation matrix of the fit parameters:
                a      b      
a               1.000 
b              -0.880  1.000 


*******************************************************************************
Thu Dec 22 19:48:42 2016


FIT:    data read from "energieeichung.txt" u 1:2:3 yerr
        format = x:z:s
        #datapoints = 13
function used for fitting: K(x)
	K(x)=b*x+a
fitted parameters initialized with current variable values

iter      chisq       delta/lim  lambda   a             b            
   0 1.4435596509e+11  0.00e+00 5.43e+01  1.000000e+00  1.000000e+00
   4 1.2360322203e+03 -6.60e-02 5.43e-03 -4.990618e+00  2.398827e+03

After 4 iterations the fit converged.
final sum of squares of residuals : 1236.03
rel. change during last iteration : -6.59798e-007

degrees of freedom    (FIT_NDF)                        : 11
rms of residuals      (FIT_STDFIT) = sqrt(WSSR/ndf)    : 10.6003
variance of residuals (reduced chisquare) = WSSR/ndf   : 112.367
p-value of the Chisq distribution (FIT_P)              : 0

Final set of parameters            Asymptotic Standard Error
=======================            ==========================
a               = -4.99062         +/- 0.09865      (1.977%)
b               = 2398.83          +/- 0.1406       (0.005862%)

correlation matrix of the fit parameters:
                a      b      
a               1.000 
b              -0.880  1.000 


*******************************************************************************
Thu Dec 22 19:49:17 2016


FIT:    data read from "energieeichung.txt" u 1:2:3 yerr
        format = x:z:s
        #datapoints = 13
function used for fitting: K(x)
	K(x)=b*x+a
fitted parameters initialized with current variable values

iter      chisq       delta/lim  lambda   a             b            
   0 1.4435596509e+11  0.00e+00 5.43e+01  1.000000e+00  1.000000e+00
   4 1.2360322203e+03 -6.60e-02 5.43e-03 -4.990618e+00  2.398827e+03

After 4 iterations the fit converged.
final sum of squares of residuals : 1236.03
rel. change during last iteration : -6.59798e-007

degrees of freedom    (FIT_NDF)                        : 11
rms of residuals      (FIT_STDFIT) = sqrt(WSSR/ndf)    : 10.6003
variance of residuals (reduced chisquare) = WSSR/ndf   : 112.367
p-value of the Chisq distribution (FIT_P)              : 0

Final set of parameters            Asymptotic Standard Error
=======================            ==========================
a               = -4.99062         +/- 0.09865      (1.977%)
b               = 2398.83          +/- 0.1406       (0.005862%)

correlation matrix of the fit parameters:
                a      b      
a               1.000 
b              -0.880  1.000 


*******************************************************************************
Thu Dec 22 19:49:39 2016


FIT:    data read from "energieeichung.txt" u 1:2:3 yerr
        format = x:z:s
        #datapoints = 13
function used for fitting: K(x)
	K(x)=b*x+a
fitted parameters initialized with current variable values

iter      chisq       delta/lim  lambda   a             b            
   0 1.4435596509e+11  0.00e+00 5.43e+01  1.000000e+00  1.000000e+00
   4 1.2360322203e+03 -6.60e-02 5.43e-03 -4.990618e+00  2.398827e+03

After 4 iterations the fit converged.
final sum of squares of residuals : 1236.03
rel. change during last iteration : -6.59798e-007

degrees of freedom    (FIT_NDF)                        : 11
rms of residuals      (FIT_STDFIT) = sqrt(WSSR/ndf)    : 10.6003
variance of residuals (reduced chisquare) = WSSR/ndf   : 112.367
p-value of the Chisq distribution (FIT_P)              : 0

Final set of parameters            Asymptotic Standard Error
=======================            ==========================
a               = -4.99062         +/- 0.09865      (1.977%)
b               = 2398.83          +/- 0.1406       (0.005862%)

correlation matrix of the fit parameters:
                a      b      
a               1.000 
b              -0.880  1.000 


*******************************************************************************
Thu Dec 22 19:49:46 2016


FIT:    data read from "energieeichung.txt" u 1:2:3 yerr
        format = x:z:s
        #datapoints = 13
function used for fitting: K(x)
	K(x)=b*x+a
fitted parameters initialized with current variable values

iter      chisq       delta/lim  lambda   a             b            
   0 1.4435596509e+11  0.00e+00 5.43e+01  1.000000e+00  1.000000e+00
   4 1.2360322203e+03 -6.60e-02 5.43e-03 -4.990618e+00  2.398827e+03

After 4 iterations the fit converged.
final sum of squares of residuals : 1236.03
rel. change during last iteration : -6.59798e-007

degrees of freedom    (FIT_NDF)                        : 11
rms of residuals      (FIT_STDFIT) = sqrt(WSSR/ndf)    : 10.6003
variance of residuals (reduced chisquare) = WSSR/ndf   : 112.367
p-value of the Chisq distribution (FIT_P)              : 0

Final set of parameters            Asymptotic Standard Error
=======================            ==========================
a               = -4.99062         +/- 0.09865      (1.977%)
b               = 2398.83          +/- 0.1406       (0.005862%)

correlation matrix of the fit parameters:
                a      b      
a               1.000 
b              -0.880  1.000 


*******************************************************************************
Thu Dec 22 19:57:37 2016


FIT:    data read from "energieeichung.txt" u 1:2:3 yerr
        format = x:z:s
        #datapoints = 13
function used for fitting: K(x)
	K(x)=b*x+a
fitted parameters initialized with current variable values

iter      chisq       delta/lim  lambda   a             b            
   0 1.4435596509e+11  0.00e+00 5.43e+01  1.000000e+00  1.000000e+00
   4 1.2360322203e+03 -6.60e-02 5.43e-03 -4.990618e+00  2.398827e+03

After 4 iterations the fit converged.
final sum of squares of residuals : 1236.03
rel. change during last iteration : -6.59798e-007

degrees of freedom    (FIT_NDF)                        : 11
rms of residuals      (FIT_STDFIT) = sqrt(WSSR/ndf)    : 10.6003
variance of residuals (reduced chisquare) = WSSR/ndf   : 112.367
p-value of the Chisq distribution (FIT_P)              : 0

Final set of parameters            Asymptotic Standard Error
=======================            ==========================
a               = -4.99062         +/- 0.09865      (1.977%)
b               = 2398.83          +/- 0.1406       (0.005862%)

correlation matrix of the fit parameters:
                a      b      
a               1.000 
b              -0.880  1.000 


*******************************************************************************
Thu Dec 22 19:57:54 2016


FIT:    data read from "energieeichung.txt" u 1:2:3 yerr
        format = x:z:s
        #datapoints = 13
function used for fitting: K(x)
	K(x)=b*x+a
fitted parameters initialized with current variable values

iter      chisq       delta/lim  lambda   a             b            
   0 1.4435596509e+11  0.00e+00 5.43e+01  1.000000e+00  1.000000e+00
   4 1.2360322203e+03 -6.60e-02 5.43e-03 -4.990618e+00  2.398827e+03

After 4 iterations the fit converged.
final sum of squares of residuals : 1236.03
rel. change during last iteration : -6.59798e-007

degrees of freedom    (FIT_NDF)                        : 11
rms of residuals      (FIT_STDFIT) = sqrt(WSSR/ndf)    : 10.6003
variance of residuals (reduced chisquare) = WSSR/ndf   : 112.367
p-value of the Chisq distribution (FIT_P)              : 0

Final set of parameters            Asymptotic Standard Error
=======================            ==========================
a               = -4.99062         +/- 0.09865      (1.977%)
b               = 2398.83          +/- 0.1406       (0.005862%)

correlation matrix of the fit parameters:
                a      b      
a               1.000 
b              -0.880  1.000 


*******************************************************************************
Thu Dec 22 19:58:18 2016


FIT:    data read from "energieeichung.txt" u 1:2:3 yerr
        format = x:z:s
        #datapoints = 13
function used for fitting: K(x)
	K(x)=b*x+a
fitted parameters initialized with current variable values

iter      chisq       delta/lim  lambda   a             b            
   0 1.4435596509e+11  0.00e+00 5.43e+01  1.000000e+00  1.000000e+00
   4 1.2360322203e+03 -6.60e-02 5.43e-03 -4.990618e+00  2.398827e+03

After 4 iterations the fit converged.
final sum of squares of residuals : 1236.03
rel. change during last iteration : -6.59798e-007

degrees of freedom    (FIT_NDF)                        : 11
rms of residuals      (FIT_STDFIT) = sqrt(WSSR/ndf)    : 10.6003
variance of residuals (reduced chisquare) = WSSR/ndf   : 112.367
p-value of the Chisq distribution (FIT_P)              : 0

Final set of parameters            Asymptotic Standard Error
=======================            ==========================
a               = -4.99062         +/- 0.09865      (1.977%)
b               = 2398.83          +/- 0.1406       (0.005862%)

correlation matrix of the fit parameters:
                a      b      
a               1.000 
b              -0.880  1.000 


*******************************************************************************
Thu Dec 22 20:00:07 2016


FIT:    data read from "energieeichung.txt" u 1:2:3 yerr
        format = x:z:s
        #datapoints = 13
function used for fitting: K(x)
	K(x)=b*x+a
fitted parameters initialized with current variable values

iter      chisq       delta/lim  lambda   a             b            
   0 1.4435596509e+11  0.00e+00 5.43e+01  1.000000e+00  1.000000e+00
   4 1.2360322203e+03 -6.60e-02 5.43e-03 -4.990618e+00  2.398827e+03

After 4 iterations the fit converged.
final sum of squares of residuals : 1236.03
rel. change during last iteration : -6.59798e-007

degrees of freedom    (FIT_NDF)                        : 11
rms of residuals      (FIT_STDFIT) = sqrt(WSSR/ndf)    : 10.6003
variance of residuals (reduced chisquare) = WSSR/ndf   : 112.367
p-value of the Chisq distribution (FIT_P)              : 0

Final set of parameters            Asymptotic Standard Error
=======================            ==========================
a               = -4.99062         +/- 0.09865      (1.977%)
b               = 2398.83          +/- 0.1406       (0.005862%)

correlation matrix of the fit parameters:
                a      b      
a               1.000 
b              -0.880  1.000 


*******************************************************************************
Thu Dec 22 20:00:26 2016


FIT:    data read from "energieeichung.txt" u 1:2:3 yerr
        format = x:z:s
        #datapoints = 13
function used for fitting: K(x)
	K(x)=b*x+a
fitted parameters initialized with current variable values

iter      chisq       delta/lim  lambda   a             b            
   0 1.4435596509e+11  0.00e+00 5.43e+01  1.000000e+00  1.000000e+00
   4 1.2360322203e+03 -6.60e-02 5.43e-03 -4.990618e+00  2.398827e+03

After 4 iterations the fit converged.
final sum of squares of residuals : 1236.03
rel. change during last iteration : -6.59798e-007

degrees of freedom    (FIT_NDF)                        : 11
rms of residuals      (FIT_STDFIT) = sqrt(WSSR/ndf)    : 10.6003
variance of residuals (reduced chisquare) = WSSR/ndf   : 112.367
p-value of the Chisq distribution (FIT_P)              : 0

Final set of parameters            Asymptotic Standard Error
=======================            ==========================
a               = -4.99062         +/- 0.09865      (1.977%)
b               = 2398.83          +/- 0.1406       (0.005862%)

correlation matrix of the fit parameters:
                a      b      
a               1.000 
b              -0.880  1.000 


*******************************************************************************
Thu Dec 22 20:06:01 2016


FIT:    data read from "energieeichung.txt" u 1:2:3 yerr
        format = x:z:s
        #datapoints = 13
function used for fitting: K(x)
	K(x)=b*x+a
fitted parameters initialized with current variable values

iter      chisq       delta/lim  lambda   a             b            
   0 1.4435596509e+11  0.00e+00 5.43e+01  1.000000e+00  1.000000e+00
   4 1.2360322203e+03 -6.60e-02 5.43e-03 -4.990618e+00  2.398827e+03

After 4 iterations the fit converged.
final sum of squares of residuals : 1236.03
rel. change during last iteration : -6.59798e-007

degrees of freedom    (FIT_NDF)                        : 11
rms of residuals      (FIT_STDFIT) = sqrt(WSSR/ndf)    : 10.6003
variance of residuals (reduced chisquare) = WSSR/ndf   : 112.367
p-value of the Chisq distribution (FIT_P)              : 0

Final set of parameters            Asymptotic Standard Error
=======================            ==========================
a               = -4.99062         +/- 0.09865      (1.977%)
b               = 2398.83          +/- 0.1406       (0.005862%)

correlation matrix of the fit parameters:
                a      b      
a               1.000 
b              -0.880  1.000 


*******************************************************************************
Thu Dec 22 20:06:09 2016


FIT:    data read from "energieeichung.txt" u 1:2:3 yerr
        format = x:z:s
        #datapoints = 13
function used for fitting: K(x)
	K(x)=b*x+a
fitted parameters initialized with current variable values

iter      chisq       delta/lim  lambda   a             b            
   0 1.4435596509e+11  0.00e+00 5.43e+01  1.000000e+00  1.000000e+00
   4 1.2360322203e+03 -6.60e-02 5.43e-03 -4.990618e+00  2.398827e+03

After 4 iterations the fit converged.
final sum of squares of residuals : 1236.03
rel. change during last iteration : -6.59798e-007

degrees of freedom    (FIT_NDF)                        : 11
rms of residuals      (FIT_STDFIT) = sqrt(WSSR/ndf)    : 10.6003
variance of residuals (reduced chisquare) = WSSR/ndf   : 112.367
p-value of the Chisq distribution (FIT_P)              : 0

Final set of parameters            Asymptotic Standard Error
=======================            ==========================
a               = -4.99062         +/- 0.09865      (1.977%)
b               = 2398.83          +/- 0.1406       (0.005862%)

correlation matrix of the fit parameters:
                a      b      
a               1.000 
b              -0.880  1.000 


*******************************************************************************
Thu Dec 22 20:06:27 2016


FIT:    data read from "energieeichung.txt" u 1:2:3 yerr
        format = x:z:s
        #datapoints = 13
function used for fitting: K(x)
	K(x)=b*x+a
fitted parameters initialized with current variable values

iter      chisq       delta/lim  lambda   a             b            
   0 1.4435596509e+11  0.00e+00 5.43e+01  1.000000e+00  1.000000e+00
   4 1.2360322203e+03 -6.60e-02 5.43e-03 -4.990618e+00  2.398827e+03

After 4 iterations the fit converged.
final sum of squares of residuals : 1236.03
rel. change during last iteration : -6.59798e-007

degrees of freedom    (FIT_NDF)                        : 11
rms of residuals      (FIT_STDFIT) = sqrt(WSSR/ndf)    : 10.6003
variance of residuals (reduced chisquare) = WSSR/ndf   : 112.367
p-value of the Chisq distribution (FIT_P)              : 0

Final set of parameters            Asymptotic Standard Error
=======================            ==========================
a               = -4.99062         +/- 0.09865      (1.977%)
b               = 2398.83          +/- 0.1406       (0.005862%)

correlation matrix of the fit parameters:
                a      b      
a               1.000 
b              -0.880  1.000 


*******************************************************************************
Thu Dec 22 20:06:37 2016


FIT:    data read from "energieeichung.txt" u 1:2:3 yerr
        format = x:z:s
        #datapoints = 13
function used for fitting: K(x)
	K(x)=b*x+a
fitted parameters initialized with current variable values

iter      chisq       delta/lim  lambda   a             b            
   0 1.4435596509e+11  0.00e+00 5.43e+01  1.000000e+00  1.000000e+00
   4 1.2360322203e+03 -6.60e-02 5.43e-03 -4.990618e+00  2.398827e+03

After 4 iterations the fit converged.
final sum of squares of residuals : 1236.03
rel. change during last iteration : -6.59798e-007

degrees of freedom    (FIT_NDF)                        : 11
rms of residuals      (FIT_STDFIT) = sqrt(WSSR/ndf)    : 10.6003
variance of residuals (reduced chisquare) = WSSR/ndf   : 112.367
p-value of the Chisq distribution (FIT_P)              : 0

Final set of parameters            Asymptotic Standard Error
=======================            ==========================
a               = -4.99062         +/- 0.09865      (1.977%)
b               = 2398.83          +/- 0.1406       (0.005862%)

correlation matrix of the fit parameters:
                a      b      
a               1.000 
b              -0.880  1.000 


*******************************************************************************
Thu Dec 22 20:08:59 2016


FIT:    data read from "energieeichung.txt" u 1:2:3 yerr
        format = x:z:s
        #datapoints = 13
function used for fitting: K(x)
	K(x)=b*x+a
fitted parameters initialized with current variable values

iter      chisq       delta/lim  lambda   a             b            
   0 1.4435596509e+11  0.00e+00 5.43e+01  1.000000e+00  1.000000e+00
   4 1.2360322203e+03 -6.60e-02 5.43e-03 -4.990618e+00  2.398827e+03

After 4 iterations the fit converged.
final sum of squares of residuals : 1236.03
rel. change during last iteration : -6.59798e-007

degrees of freedom    (FIT_NDF)                        : 11
rms of residuals      (FIT_STDFIT) = sqrt(WSSR/ndf)    : 10.6003
variance of residuals (reduced chisquare) = WSSR/ndf   : 112.367
p-value of the Chisq distribution (FIT_P)              : 0

Final set of parameters            Asymptotic Standard Error
=======================            ==========================
a               = -4.99062         +/- 0.09865      (1.977%)
b               = 2398.83          +/- 0.1406       (0.005862%)

correlation matrix of the fit parameters:
                a      b      
a               1.000 
b              -0.880  1.000 


*******************************************************************************
Thu Dec 22 20:11:01 2016


FIT:    data read from "energieeichung.txt" u 1:2:3 yerr
        format = x:z:s
        #datapoints = 13
function used for fitting: K(x)
	K(E)=b*E+a
fitted parameters initialized with current variable values

iter      chisq       delta/lim  lambda   a             b            
   0 1.4435596509e+11  0.00e+00 5.43e+01  1.000000e+00  1.000000e+00
   4 1.2360322203e+03 -6.60e-02 5.43e-03 -4.990618e+00  2.398827e+03

After 4 iterations the fit converged.
final sum of squares of residuals : 1236.03
rel. change during last iteration : -6.59798e-007

degrees of freedom    (FIT_NDF)                        : 11
rms of residuals      (FIT_STDFIT) = sqrt(WSSR/ndf)    : 10.6003
variance of residuals (reduced chisquare) = WSSR/ndf   : 112.367
p-value of the Chisq distribution (FIT_P)              : 0

Final set of parameters            Asymptotic Standard Error
=======================            ==========================
a               = -4.99062         +/- 0.09865      (1.977%)
b               = 2398.83          +/- 0.1406       (0.005862%)

correlation matrix of the fit parameters:
                a      b      
a               1.000 
b              -0.880  1.000 


*******************************************************************************
Thu Dec 22 20:19:46 2016


FIT:    data read from "energieeichung.txt" u 1:2:3 yerr
        format = x:z:s
        #datapoints = 13
function used for fitting: K(x)
	K(E)=b*E+a
fitted parameters initialized with current variable values

iter      chisq       delta/lim  lambda   a             b            
   0 1.4435596509e+11  0.00e+00 5.43e+01  1.000000e+00  1.000000e+00
   4 1.2360322203e+03 -6.60e-02 5.43e-03 -4.990618e+00  2.398827e+03

After 4 iterations the fit converged.
final sum of squares of residuals : 1236.03
rel. change during last iteration : -6.59798e-007

degrees of freedom    (FIT_NDF)                        : 11
rms of residuals      (FIT_STDFIT) = sqrt(WSSR/ndf)    : 10.6003
variance of residuals (reduced chisquare) = WSSR/ndf   : 112.367
p-value of the Chisq distribution (FIT_P)              : 0

Final set of parameters            Asymptotic Standard Error
=======================            ==========================
a               = -4.99062         +/- 0.09865      (1.977%)
b               = 2398.83          +/- 0.1406       (0.005862%)

correlation matrix of the fit parameters:
                a      b      
a               1.000 
b              -0.880  1.000 


*******************************************************************************
Thu Dec 22 20:36:59 2016


FIT:    data read from "energieeichung.txt" u 1:2:3 yerr
        format = x:z:s
        #datapoints = 13
function used for fitting: K(x)
	K(x)=b*x+a
fitted parameters initialized with current variable values

iter      chisq       delta/lim  lambda   a             b            
   0 1.4435596509e+11  0.00e+00 5.43e+01  1.000000e+00  1.000000e+00
   4 1.2360322203e+03 -6.60e-02 5.43e-03 -4.990618e+00  2.398827e+03

After 4 iterations the fit converged.
final sum of squares of residuals : 1236.03
rel. change during last iteration : -6.59798e-007

degrees of freedom    (FIT_NDF)                        : 11
rms of residuals      (FIT_STDFIT) = sqrt(WSSR/ndf)    : 10.6003
variance of residuals (reduced chisquare) = WSSR/ndf   : 112.367
p-value of the Chisq distribution (FIT_P)              : 0

Final set of parameters            Asymptotic Standard Error
=======================            ==========================
a               = -4.99062         +/- 0.09865      (1.977%)
b               = 2398.83          +/- 0.1406       (0.005862%)

correlation matrix of the fit parameters:
                a      b      
a               1.000 
b              -0.880  1.000 
